<?xml version="1.0" encoding="UTF-8"?>
<!-- Generated by org.testng.reporters.JUnitReportReporter -->
<testsuite hostname="DESKTOP-R2AJQE8" failures="0" tests="1355" name="LeadCreation.Leadcreation" time="230.329" errors="0" timestamp="2024-01-04T10:21:40 IST" skipped="0">
  <testcase classname="LeadCreation.Leadcreation" name="Customercreation100" time="0.131"/>
  <system-out/>
  <testcase classname="LeadCreation.Leadcreation" name="Customercreation100" time="0.107"/>
  <system-out/>
  <testcase classname="LeadCreation.Leadcreation" name="Customercreation100" time="0.124"/>
  <system-out/>
  <testcase classname="LeadCreation.Leadcreation" name="Customercreation100" time="0.132"/>
  <system-out/>
  <testcase classname="LeadCreation.Leadcreation" name="Customercreation100" time="0.120"/>
  <system-out/>
  <testcase classname="LeadCreation.Leadcreation" name="Customercreation100" time="0.140"/>
  <system-out/>
  <testcase classname="LeadCreation.Leadcreation" name="Customercreation100" time="0.228"/>
  <system-out/>
  <testcase classname="LeadCreation.Leadcreation" name="Customercreation100" time="0.125"/>
  <system-out/>
  <testcase classname="LeadCreation.Leadcreation" name="Customercreation100" time="0.192"/>
  <system-out/>
  <testcase classname="LeadCreation.Leadcreation" name="Customercreation100" time="0.122"/>
  <system-out/>
  <testcase classname="LeadCreation.Leadcreation" name="Customercreation100" time="0.163"/>
  <system-out/>
  <testcase classname="LeadCreation.Leadcreation" name="Customercreation100" time="0.120"/>
  <system-out/>
  <testcase classname="LeadCreation.Leadcreation" name="Customercreation100" time="0.405"/>
  <system-out/>
  <testcase classname="LeadCreation.Leadcreation" name="Customercreation100" time="0.262"/>
  <system-out/>
  <testcase classname="LeadCreation.Leadcreation" name="Customercreation100" time="0.115"/>
  <system-out/>
  <testcase classname="LeadCreation.Leadcreation" name="Customercreation100" time="0.125"/>
  <system-out/>
  <testcase classname="LeadCreation.Leadcreation" name="Customercreation100" time="0.124"/>
  <system-out/>
  <testcase classname="LeadCreation.Leadcreation" name="Customercreation100" time="0.169"/>
  <system-out/>
  <testcase classname="LeadCreation.Leadcreation" name="Customercreation100" time="0.124"/>
  <system-out/>
  <testcase classname="LeadCreation.Leadcreation" name="Customercreation100" time="0.113"/>
  <system-out/>
  <testcase classname="LeadCreation.Leadcreation" name="Customercreation100" time="0.212"/>
  <system-out/>
  <testcase classname="LeadCreation.Leadcreation" name="Customercreation100" time="0.115"/>
  <system-out/>
  <testcase classname="LeadCreation.Leadcreation" name="Customercreation100" time="0.121"/>
  <system-out/>
  <testcase classname="LeadCreation.Leadcreation" name="Customercreation100" time="0.120"/>
  <system-out/>
  <testcase classname="LeadCreation.Leadcreation" name="Customercreation100" time="0.120"/>
  <system-out/>
  <testcase classname="LeadCreation.Leadcreation" name="Customercreation100" time="0.130"/>
  <system-out/>
  <testcase classname="LeadCreation.Leadcreation" name="Customercreation100" time="0.157"/>
  <system-out/>
  <testcase classname="LeadCreation.Leadcreation" name="Customercreation100" time="0.116"/>
  <system-out/>
  <testcase classname="LeadCreation.Leadcreation" name="Customercreation100" time="0.209"/>
  <system-out/>
  <testcase classname="LeadCreation.Leadcreation" name="Customercreation100" time="0.121"/>
  <system-out/>
  <testcase classname="LeadCreation.Leadcreation" name="Customercreation100" time="0.143"/>
  <system-out/>
  <testcase classname="LeadCreation.Leadcreation" name="Customercreation100" time="0.200"/>
  <system-out/>
  <testcase classname="LeadCreation.Leadcreation" name="Customercreation100" time="0.131"/>
  <system-out/>
  <testcase classname="LeadCreation.Leadcreation" name="Customercreation100" time="0.132"/>
  <system-out/>
  <testcase classname="LeadCreation.Leadcreation" name="Customercreation100" time="0.206"/>
  <system-out/>
  <testcase classname="LeadCreation.Leadcreation" name="Customercreation100" time="1.148"/>
  <system-out/>
  <testcase classname="LeadCreation.Leadcreation" name="Customercreation100" time="0.105"/>
  <system-out/>
  <testcase classname="LeadCreation.Leadcreation" name="Customercreation100" time="0.122"/>
  <system-out/>
  <testcase classname="LeadCreation.Leadcreation" name="Customercreation100" time="0.126"/>
  <system-out/>
  <testcase classname="LeadCreation.Leadcreation" name="Customercreation100" time="0.367"/>
  <system-out/>
  <testcase classname="LeadCreation.Leadcreation" name="Customercreation100" time="0.115"/>
  <system-out/>
  <testcase classname="LeadCreation.Leadcreation" name="Customercreation100" time="0.139"/>
  <system-out/>
  <testcase classname="LeadCreation.Leadcreation" name="Customercreation100" time="0.114"/>
  <system-out/>
  <testcase classname="LeadCreation.Leadcreation" name="Customercreation100" time="0.132"/>
  <system-out/>
  <testcase classname="LeadCreation.Leadcreation" name="Customercreation100" time="0.128"/>
  <system-out/>
  <testcase classname="LeadCreation.Leadcreation" name="Customercreation100" time="0.114"/>
  <system-out/>
  <testcase classname="LeadCreation.Leadcreation" name="Customercreation100" time="0.120"/>
  <system-out/>
  <testcase classname="LeadCreation.Leadcreation" name="Customercreation100" time="0.122"/>
  <system-out/>
  <testcase classname="LeadCreation.Leadcreation" name="Customercreation100" time="0.115"/>
  <system-out/>
  <testcase classname="LeadCreation.Leadcreation" name="Customercreation100" time="0.106"/>
  <system-out/>
  <testcase classname="LeadCreation.Leadcreation" name="Customercreation100" time="0.143"/>
  <system-out/>
  <testcase classname="LeadCreation.Leadcreation" name="Customercreation100" time="0.189"/>
  <system-out/>
  <testcase classname="LeadCreation.Leadcreation" name="Customercreation100" time="0.119"/>
  <system-out/>
  <testcase classname="LeadCreation.Leadcreation" name="Customercreation100" time="0.130"/>
  <system-out/>
  <testcase classname="LeadCreation.Leadcreation" name="Customercreation100" time="0.128"/>
  <system-out/>
  <testcase classname="LeadCreation.Leadcreation" name="Customercreation100" time="0.149"/>
  <system-out/>
  <testcase classname="LeadCreation.Leadcreation" name="Customercreation100" time="0.117"/>
  <system-out/>
  <testcase classname="LeadCreation.Leadcreation" name="Customercreation100" time="0.116"/>
  <system-out/>
  <testcase classname="LeadCreation.Leadcreation" name="Customercreation100" time="0.122"/>
  <system-out/>
  <testcase classname="LeadCreation.Leadcreation" name="Customercreation100" time="0.124"/>
  <system-out/>
  <testcase classname="LeadCreation.Leadcreation" name="Customercreation100" time="0.133"/>
  <system-out/>
  <testcase classname="LeadCreation.Leadcreation" name="Customercreation100" time="0.114"/>
  <system-out/>
  <testcase classname="LeadCreation.Leadcreation" name="Customercreation100" time="0.119"/>
  <system-out/>
  <testcase classname="LeadCreation.Leadcreation" name="Customercreation100" time="0.216"/>
  <system-out/>
  <testcase classname="LeadCreation.Leadcreation" name="Customercreation100" time="0.128"/>
  <system-out/>
  <testcase classname="LeadCreation.Leadcreation" name="Customercreation100" time="0.204"/>
  <system-out/>
  <testcase classname="LeadCreation.Leadcreation" name="Customercreation100" time="0.140"/>
  <system-out/>
  <testcase classname="LeadCreation.Leadcreation" name="Customercreation100" time="0.126"/>
  <system-out/>
  <testcase classname="LeadCreation.Leadcreation" name="Customercreation100" time="0.195"/>
  <system-out/>
  <testcase classname="LeadCreation.Leadcreation" name="Customercreation100" time="0.232"/>
  <system-out/>
  <testcase classname="LeadCreation.Leadcreation" name="Customercreation100" time="0.129"/>
  <system-out/>
  <testcase classname="LeadCreation.Leadcreation" name="Customercreation100" time="0.126"/>
  <system-out/>
  <testcase classname="LeadCreation.Leadcreation" name="Customercreation100" time="0.122"/>
  <system-out/>
  <testcase classname="LeadCreation.Leadcreation" name="Customercreation100" time="0.124"/>
  <system-out/>
  <testcase classname="LeadCreation.Leadcreation" name="Customercreation100" time="0.181"/>
  <system-out/>
  <testcase classname="LeadCreation.Leadcreation" name="Customercreation100" time="0.136"/>
  <system-out/>
  <testcase classname="LeadCreation.Leadcreation" name="Customercreation100" time="0.122"/>
  <system-out/>
  <testcase classname="LeadCreation.Leadcreation" name="Customercreation100" time="0.133"/>
  <system-out/>
  <testcase classname="LeadCreation.Leadcreation" name="Customercreation100" time="0.224"/>
  <system-out/>
  <testcase classname="LeadCreation.Leadcreation" name="Customercreation100" time="0.138"/>
  <system-out/>
  <testcase classname="LeadCreation.Leadcreation" name="Customercreation100" time="0.130"/>
  <system-out/>
  <testcase classname="LeadCreation.Leadcreation" name="Customercreation100" time="0.116"/>
  <system-out/>
  <testcase classname="LeadCreation.Leadcreation" name="Customercreation100" time="0.120"/>
  <system-out/>
  <testcase classname="LeadCreation.Leadcreation" name="Customercreation100" time="0.116"/>
  <system-out/>
  <testcase classname="LeadCreation.Leadcreation" name="Customercreation100" time="0.128"/>
  <system-out/>
  <testcase classname="LeadCreation.Leadcreation" name="Customercreation100" time="0.128"/>
  <system-out/>
  <testcase classname="LeadCreation.Leadcreation" name="Customercreation100" time="0.120"/>
  <system-out/>
  <testcase classname="LeadCreation.Leadcreation" name="Customercreation100" time="0.117"/>
  <system-out/>
  <testcase classname="LeadCreation.Leadcreation" name="Customercreation100" time="0.126"/>
  <system-out/>
  <testcase classname="LeadCreation.Leadcreation" name="Customercreation100" time="0.115"/>
  <system-out/>
  <testcase classname="LeadCreation.Leadcreation" name="Customercreation100" time="0.145"/>
  <system-out/>
  <testcase classname="LeadCreation.Leadcreation" name="Customercreation100" time="0.124"/>
  <system-out/>
  <testcase classname="LeadCreation.Leadcreation" name="Customercreation100" time="0.119"/>
  <system-out/>
  <testcase classname="LeadCreation.Leadcreation" name="Customercreation100" time="0.158"/>
  <system-out/>
  <testcase classname="LeadCreation.Leadcreation" name="Customercreation100" time="0.253"/>
  <system-out/>
  <testcase classname="LeadCreation.Leadcreation" name="Customercreation100" time="0.272"/>
  <system-out/>
  <testcase classname="LeadCreation.Leadcreation" name="Customercreation100" time="0.152"/>
  <system-out/>
  <testcase classname="LeadCreation.Leadcreation" name="Customercreation100" time="0.503"/>
  <system-out/>
  <testcase classname="LeadCreation.Leadcreation" name="Customercreation100" time="0.116"/>
  <system-out/>
  <testcase classname="LeadCreation.Leadcreation" name="Customercreation100" time="0.151"/>
  <system-out/>
  <testcase classname="LeadCreation.Leadcreation" name="Customercreation100" time="0.142"/>
  <system-out/>
  <testcase classname="LeadCreation.Leadcreation" name="Customercreation100" time="0.191"/>
  <system-out/>
  <testcase classname="LeadCreation.Leadcreation" name="Customercreation100" time="0.126"/>
  <system-out/>
  <testcase classname="LeadCreation.Leadcreation" name="Customercreation100" time="0.288"/>
  <system-out/>
  <testcase classname="LeadCreation.Leadcreation" name="Customercreation100" time="0.380"/>
  <system-out/>
  <testcase classname="LeadCreation.Leadcreation" name="Customercreation100" time="0.226"/>
  <system-out/>
  <testcase classname="LeadCreation.Leadcreation" name="Customercreation100" time="0.126"/>
  <system-out/>
  <testcase classname="LeadCreation.Leadcreation" name="Customercreation100" time="0.209"/>
  <system-out/>
  <testcase classname="LeadCreation.Leadcreation" name="Customercreation100" time="0.123"/>
  <system-out/>
  <testcase classname="LeadCreation.Leadcreation" name="Customercreation100" time="0.129"/>
  <system-out/>
  <testcase classname="LeadCreation.Leadcreation" name="Customercreation100" time="0.195"/>
  <system-out/>
  <testcase classname="LeadCreation.Leadcreation" name="Customercreation100" time="0.125"/>
  <system-out/>
  <testcase classname="LeadCreation.Leadcreation" name="Customercreation100" time="0.113"/>
  <system-out/>
  <testcase classname="LeadCreation.Leadcreation" name="Customercreation100" time="0.137"/>
  <system-out/>
  <testcase classname="LeadCreation.Leadcreation" name="Customercreation100" time="0.125"/>
  <system-out/>
  <testcase classname="LeadCreation.Leadcreation" name="Customercreation100" time="0.122"/>
  <system-out/>
  <testcase classname="LeadCreation.Leadcreation" name="Customercreation100" time="0.114"/>
  <system-out/>
  <testcase classname="LeadCreation.Leadcreation" name="Customercreation100" time="0.118"/>
  <system-out/>
  <testcase classname="LeadCreation.Leadcreation" name="Customercreation100" time="0.219"/>
  <system-out/>
  <testcase classname="LeadCreation.Leadcreation" name="Customercreation100" time="0.133"/>
  <system-out/>
  <testcase classname="LeadCreation.Leadcreation" name="Customercreation100" time="0.211"/>
  <system-out/>
  <testcase classname="LeadCreation.Leadcreation" name="Customercreation100" time="0.131"/>
  <system-out/>
  <testcase classname="LeadCreation.Leadcreation" name="Customercreation100" time="0.126"/>
  <system-out/>
  <testcase classname="LeadCreation.Leadcreation" name="Customercreation100" time="0.133"/>
  <system-out/>
  <testcase classname="LeadCreation.Leadcreation" name="Customercreation100" time="0.119"/>
  <system-out/>
  <testcase classname="LeadCreation.Leadcreation" name="Customercreation100" time="0.117"/>
  <system-out/>
  <testcase classname="LeadCreation.Leadcreation" name="Customercreation100" time="0.129"/>
  <system-out/>
  <testcase classname="LeadCreation.Leadcreation" name="Customercreation100" time="0.123"/>
  <system-out/>
  <testcase classname="LeadCreation.Leadcreation" name="Customercreation100" time="0.117"/>
  <system-out/>
  <testcase classname="LeadCreation.Leadcreation" name="Customercreation100" time="0.126"/>
  <system-out/>
  <testcase classname="LeadCreation.Leadcreation" name="Customercreation100" time="0.125"/>
  <system-out/>
  <testcase classname="LeadCreation.Leadcreation" name="Customercreation100" time="0.146"/>
  <system-out/>
  <testcase classname="LeadCreation.Leadcreation" name="Customercreation100" time="0.150"/>
  <system-out/>
  <testcase classname="LeadCreation.Leadcreation" name="Customercreation100" time="0.160"/>
  <system-out/>
  <testcase classname="LeadCreation.Leadcreation" name="Customercreation100" time="0.246"/>
  <system-out/>
  <testcase classname="LeadCreation.Leadcreation" name="Customercreation100" time="0.152"/>
  <system-out/>
  <testcase classname="LeadCreation.Leadcreation" name="Customercreation100" time="0.134"/>
  <system-out/>
  <testcase classname="LeadCreation.Leadcreation" name="Customercreation100" time="0.121"/>
  <system-out/>
  <testcase classname="LeadCreation.Leadcreation" name="Customercreation100" time="0.114"/>
  <system-out/>
  <testcase classname="LeadCreation.Leadcreation" name="Customercreation100" time="0.113"/>
  <system-out/>
  <testcase classname="LeadCreation.Leadcreation" name="Customercreation100" time="0.122"/>
  <system-out/>
  <testcase classname="LeadCreation.Leadcreation" name="Customercreation100" time="0.130"/>
  <system-out/>
  <testcase classname="LeadCreation.Leadcreation" name="Customercreation100" time="0.123"/>
  <system-out/>
  <testcase classname="LeadCreation.Leadcreation" name="Customercreation100" time="0.120"/>
  <system-out/>
  <testcase classname="LeadCreation.Leadcreation" name="Customercreation100" time="0.159"/>
  <system-out/>
  <testcase classname="LeadCreation.Leadcreation" name="Customercreation100" time="0.131"/>
  <system-out/>
  <testcase classname="LeadCreation.Leadcreation" name="Customercreation100" time="0.201"/>
  <system-out/>
  <testcase classname="LeadCreation.Leadcreation" name="Customercreation100" time="0.229"/>
  <system-out/>
  <testcase classname="LeadCreation.Leadcreation" name="Customercreation100" time="0.115"/>
  <system-out/>
  <testcase classname="LeadCreation.Leadcreation" name="Customercreation100" time="0.164"/>
  <system-out/>
  <testcase classname="LeadCreation.Leadcreation" name="Customercreation100" time="0.186"/>
  <system-out/>
  <testcase classname="LeadCreation.Leadcreation" name="Customercreation100" time="0.120"/>
  <system-out/>
  <testcase classname="LeadCreation.Leadcreation" name="Customercreation100" time="0.393"/>
  <system-out/>
  <testcase classname="LeadCreation.Leadcreation" name="Customercreation100" time="0.118"/>
  <system-out/>
  <testcase classname="LeadCreation.Leadcreation" name="Customercreation100" time="0.120"/>
  <system-out/>
  <testcase classname="LeadCreation.Leadcreation" name="Customercreation100" time="0.119"/>
  <system-out/>
  <testcase classname="LeadCreation.Leadcreation" name="Customercreation100" time="0.502"/>
  <system-out/>
  <testcase classname="LeadCreation.Leadcreation" name="Customercreation100" time="0.119"/>
  <system-out/>
  <testcase classname="LeadCreation.Leadcreation" name="Customercreation100" time="0.121"/>
  <system-out/>
  <testcase classname="LeadCreation.Leadcreation" name="Customercreation100" time="0.309"/>
  <system-out/>
  <testcase classname="LeadCreation.Leadcreation" name="Customercreation100" time="0.225"/>
  <system-out/>
  <testcase classname="LeadCreation.Leadcreation" name="Customercreation100" time="0.125"/>
  <system-out/>
  <testcase classname="LeadCreation.Leadcreation" name="Customercreation100" time="0.133"/>
  <system-out/>
  <testcase classname="LeadCreation.Leadcreation" name="Customercreation100" time="0.188"/>
  <system-out/>
  <testcase classname="LeadCreation.Leadcreation" name="Customercreation100" time="0.122"/>
  <system-out/>
  <testcase classname="LeadCreation.Leadcreation" name="Customercreation100" time="0.137"/>
  <system-out/>
  <testcase classname="LeadCreation.Leadcreation" name="Customercreation100" time="0.226"/>
  <system-out/>
  <testcase classname="LeadCreation.Leadcreation" name="Customercreation100" time="0.131"/>
  <system-out/>
  <testcase classname="LeadCreation.Leadcreation" name="Customercreation100" time="0.114"/>
  <system-out/>
  <testcase classname="LeadCreation.Leadcreation" name="Customercreation100" time="0.116"/>
  <system-out/>
  <testcase classname="LeadCreation.Leadcreation" name="Customercreation100" time="0.136"/>
  <system-out/>
  <testcase classname="LeadCreation.Leadcreation" name="Customercreation100" time="0.131"/>
  <system-out/>
  <testcase classname="LeadCreation.Leadcreation" name="Customercreation100" time="0.123"/>
  <system-out/>
  <testcase classname="LeadCreation.Leadcreation" name="Customercreation100" time="0.144"/>
  <system-out/>
  <testcase classname="LeadCreation.Leadcreation" name="Customercreation100" time="0.150"/>
  <system-out/>
  <testcase classname="LeadCreation.Leadcreation" name="Customercreation100" time="0.124"/>
  <system-out/>
  <testcase classname="LeadCreation.Leadcreation" name="Customercreation100" time="0.145"/>
  <system-out/>
  <testcase classname="LeadCreation.Leadcreation" name="Customercreation100" time="0.282"/>
  <system-out/>
  <testcase classname="LeadCreation.Leadcreation" name="Customercreation100" time="0.115"/>
  <system-out/>
  <testcase classname="LeadCreation.Leadcreation" name="Customercreation100" time="0.117"/>
  <system-out/>
  <testcase classname="LeadCreation.Leadcreation" name="Customercreation100" time="0.145"/>
  <system-out/>
  <testcase classname="LeadCreation.Leadcreation" name="Customercreation100" time="0.227"/>
  <system-out/>
  <testcase classname="LeadCreation.Leadcreation" name="Customercreation100" time="0.135"/>
  <system-out/>
  <testcase classname="LeadCreation.Leadcreation" name="Customercreation100" time="0.129"/>
  <system-out/>
  <testcase classname="LeadCreation.Leadcreation" name="Customercreation100" time="0.129"/>
  <system-out/>
  <testcase classname="LeadCreation.Leadcreation" name="Customercreation100" time="0.121"/>
  <system-out/>
  <testcase classname="LeadCreation.Leadcreation" name="Customercreation100" time="0.224"/>
  <system-out/>
  <testcase classname="LeadCreation.Leadcreation" name="Customercreation100" time="0.126"/>
  <system-out/>
  <testcase classname="LeadCreation.Leadcreation" name="Customercreation100" time="0.232"/>
  <system-out/>
  <testcase classname="LeadCreation.Leadcreation" name="Customercreation100" time="0.129"/>
  <system-out/>
  <testcase classname="LeadCreation.Leadcreation" name="Customercreation100" time="0.118"/>
  <system-out/>
  <testcase classname="LeadCreation.Leadcreation" name="Customercreation100" time="0.450"/>
  <system-out/>
  <testcase classname="LeadCreation.Leadcreation" name="Customercreation100" time="0.111"/>
  <system-out/>
  <testcase classname="LeadCreation.Leadcreation" name="Customercreation100" time="0.128"/>
  <system-out/>
  <testcase classname="LeadCreation.Leadcreation" name="Customercreation100" time="0.111"/>
  <system-out/>
  <testcase classname="LeadCreation.Leadcreation" name="Customercreation100" time="0.119"/>
  <system-out/>
  <testcase classname="LeadCreation.Leadcreation" name="Customercreation100" time="0.145"/>
  <system-out/>
  <testcase classname="LeadCreation.Leadcreation" name="Customercreation100" time="0.229"/>
  <system-out/>
  <testcase classname="LeadCreation.Leadcreation" name="Customercreation100" time="0.234"/>
  <system-out/>
  <testcase classname="LeadCreation.Leadcreation" name="Customercreation100" time="0.211"/>
  <system-out/>
  <testcase classname="LeadCreation.Leadcreation" name="Customercreation100" time="0.259"/>
  <system-out/>
  <testcase classname="LeadCreation.Leadcreation" name="Customercreation100" time="0.115"/>
  <system-out/>
  <testcase classname="LeadCreation.Leadcreation" name="Customercreation100" time="0.136"/>
  <system-out/>
  <testcase classname="LeadCreation.Leadcreation" name="Customercreation100" time="0.130"/>
  <system-out/>
  <testcase classname="LeadCreation.Leadcreation" name="Customercreation100" time="0.119"/>
  <system-out/>
  <testcase classname="LeadCreation.Leadcreation" name="Customercreation100" time="0.107"/>
  <system-out/>
  <testcase classname="LeadCreation.Leadcreation" name="Customercreation100" time="0.112"/>
  <system-out/>
  <testcase classname="LeadCreation.Leadcreation" name="Customercreation100" time="0.250"/>
  <system-out/>
  <testcase classname="LeadCreation.Leadcreation" name="Customercreation100" time="0.132"/>
  <system-out/>
  <testcase classname="LeadCreation.Leadcreation" name="Customercreation100" time="0.155"/>
  <system-out/>
  <testcase classname="LeadCreation.Leadcreation" name="Customercreation100" time="0.206"/>
  <system-out/>
  <testcase classname="LeadCreation.Leadcreation" name="Customercreation100" time="0.129"/>
  <system-out/>
  <testcase classname="LeadCreation.Leadcreation" name="Customercreation100" time="0.124"/>
  <system-out/>
  <testcase classname="LeadCreation.Leadcreation" name="Customercreation100" time="0.109"/>
  <system-out/>
  <testcase classname="LeadCreation.Leadcreation" name="Customercreation100" time="0.142"/>
  <system-out/>
  <testcase classname="LeadCreation.Leadcreation" name="Customercreation100" time="0.125"/>
  <system-out/>
  <testcase classname="LeadCreation.Leadcreation" name="Customercreation100" time="0.150"/>
  <system-out/>
  <testcase classname="LeadCreation.Leadcreation" name="Customercreation100" time="0.115"/>
  <system-out/>
  <testcase classname="LeadCreation.Leadcreation" name="Customercreation100" time="0.125"/>
  <system-out/>
  <testcase classname="LeadCreation.Leadcreation" name="Customercreation100" time="0.122"/>
  <system-out/>
  <testcase classname="LeadCreation.Leadcreation" name="Customercreation100" time="0.128"/>
  <system-out/>
  <testcase classname="LeadCreation.Leadcreation" name="Customercreation100" time="0.127"/>
  <system-out/>
  <testcase classname="LeadCreation.Leadcreation" name="Customercreation100" time="2.814"/>
  <system-out/>
  <testcase classname="LeadCreation.Leadcreation" name="Customercreation100" time="0.127"/>
  <system-out/>
  <testcase classname="LeadCreation.Leadcreation" name="Customercreation100" time="0.118"/>
  <system-out/>
  <testcase classname="LeadCreation.Leadcreation" name="Customercreation100" time="0.216"/>
  <system-out/>
  <testcase classname="LeadCreation.Leadcreation" name="Customercreation100" time="0.129"/>
  <system-out/>
  <testcase classname="LeadCreation.Leadcreation" name="Customercreation100" time="0.120"/>
  <system-out/>
  <testcase classname="LeadCreation.Leadcreation" name="Customercreation100" time="0.120"/>
  <system-out/>
  <testcase classname="LeadCreation.Leadcreation" name="Customercreation100" time="0.132"/>
  <system-out/>
  <testcase classname="LeadCreation.Leadcreation" name="Customercreation100" time="0.122"/>
  <system-out/>
  <testcase classname="LeadCreation.Leadcreation" name="Customercreation100" time="0.330"/>
  <system-out/>
  <testcase classname="LeadCreation.Leadcreation" name="Customercreation100" time="0.210"/>
  <system-out/>
  <testcase classname="LeadCreation.Leadcreation" name="Customercreation100" time="0.150"/>
  <system-out/>
  <testcase classname="LeadCreation.Leadcreation" name="Customercreation100" time="0.293"/>
  <system-out/>
  <testcase classname="LeadCreation.Leadcreation" name="Customercreation100" time="0.134"/>
  <system-out/>
  <testcase classname="LeadCreation.Leadcreation" name="Customercreation100" time="0.130"/>
  <system-out/>
  <testcase classname="LeadCreation.Leadcreation" name="Customercreation100" time="0.129"/>
  <system-out/>
  <testcase classname="LeadCreation.Leadcreation" name="Customercreation100" time="0.128"/>
  <system-out/>
  <testcase classname="LeadCreation.Leadcreation" name="Customercreation100" time="0.149"/>
  <system-out/>
  <testcase classname="LeadCreation.Leadcreation" name="Customercreation100" time="0.156"/>
  <system-out/>
  <testcase classname="LeadCreation.Leadcreation" name="Customercreation100" time="0.840"/>
  <system-out/>
  <testcase classname="LeadCreation.Leadcreation" name="Customercreation100" time="0.126"/>
  <system-out/>
  <testcase classname="LeadCreation.Leadcreation" name="Customercreation100" time="0.121"/>
  <system-out/>
  <testcase classname="LeadCreation.Leadcreation" name="Customercreation100" time="0.120"/>
  <system-out/>
  <testcase classname="LeadCreation.Leadcreation" name="Customercreation100" time="0.113"/>
  <system-out/>
  <testcase classname="LeadCreation.Leadcreation" name="Customercreation100" time="0.179"/>
  <system-out/>
  <testcase classname="LeadCreation.Leadcreation" name="Customercreation100" time="0.121"/>
  <system-out/>
  <testcase classname="LeadCreation.Leadcreation" name="Customercreation100" time="0.129"/>
  <system-out/>
  <testcase classname="LeadCreation.Leadcreation" name="Customercreation100" time="0.221"/>
  <system-out/>
  <testcase classname="LeadCreation.Leadcreation" name="Customercreation100" time="0.261"/>
  <system-out/>
  <testcase classname="LeadCreation.Leadcreation" name="Customercreation100" time="0.118"/>
  <system-out/>
  <testcase classname="LeadCreation.Leadcreation" name="Customercreation100" time="0.121"/>
  <system-out/>
  <testcase classname="LeadCreation.Leadcreation" name="Customercreation100" time="0.115"/>
  <system-out/>
  <testcase classname="LeadCreation.Leadcreation" name="Customercreation100" time="0.217"/>
  <system-out/>
  <testcase classname="LeadCreation.Leadcreation" name="Customercreation100" time="0.141"/>
  <system-out/>
  <testcase classname="LeadCreation.Leadcreation" name="Customercreation100" time="0.125"/>
  <system-out/>
  <testcase classname="LeadCreation.Leadcreation" name="Customercreation100" time="0.127"/>
  <system-out/>
  <testcase classname="LeadCreation.Leadcreation" name="Customercreation100" time="0.120"/>
  <system-out/>
  <testcase classname="LeadCreation.Leadcreation" name="Customercreation100" time="0.238"/>
  <system-out/>
  <testcase classname="LeadCreation.Leadcreation" name="Customercreation100" time="0.118"/>
  <system-out/>
  <testcase classname="LeadCreation.Leadcreation" name="Customercreation100" time="0.187"/>
  <system-out/>
  <testcase classname="LeadCreation.Leadcreation" name="Customercreation100" time="0.124"/>
  <system-out/>
  <testcase classname="LeadCreation.Leadcreation" name="Customercreation100" time="0.136"/>
  <system-out/>
  <testcase classname="LeadCreation.Leadcreation" name="Customercreation100" time="0.124"/>
  <system-out/>
  <testcase classname="LeadCreation.Leadcreation" name="Customercreation100" time="0.208"/>
  <system-out/>
  <testcase classname="LeadCreation.Leadcreation" name="Customercreation100" time="0.139"/>
  <system-out/>
  <testcase classname="LeadCreation.Leadcreation" name="Customercreation100" time="0.136"/>
  <system-out/>
  <testcase classname="LeadCreation.Leadcreation" name="Customercreation100" time="0.813"/>
  <system-out/>
  <testcase classname="LeadCreation.Leadcreation" name="Customercreation100" time="0.135"/>
  <system-out/>
  <testcase classname="LeadCreation.Leadcreation" name="Customercreation100" time="0.209"/>
  <system-out/>
  <testcase classname="LeadCreation.Leadcreation" name="Customercreation100" time="0.132"/>
  <system-out/>
  <testcase classname="LeadCreation.Leadcreation" name="Customercreation100" time="0.200"/>
  <system-out/>
  <testcase classname="LeadCreation.Leadcreation" name="Customercreation100" time="0.131"/>
  <system-out/>
  <testcase classname="LeadCreation.Leadcreation" name="Customercreation100" time="0.194"/>
  <system-out/>
  <testcase classname="LeadCreation.Leadcreation" name="Customercreation100" time="0.200"/>
  <system-out/>
  <testcase classname="LeadCreation.Leadcreation" name="Customercreation100" time="0.126"/>
  <system-out/>
  <testcase classname="LeadCreation.Leadcreation" name="Customercreation100" time="0.139"/>
  <system-out/>
  <testcase classname="LeadCreation.Leadcreation" name="Customercreation100" time="0.132"/>
  <system-out/>
  <testcase classname="LeadCreation.Leadcreation" name="Customercreation100" time="0.122"/>
  <system-out/>
  <testcase classname="LeadCreation.Leadcreation" name="Customercreation100" time="0.207"/>
  <system-out/>
  <testcase classname="LeadCreation.Leadcreation" name="Customercreation100" time="0.119"/>
  <system-out/>
  <testcase classname="LeadCreation.Leadcreation" name="Customercreation100" time="0.114"/>
  <system-out/>
  <testcase classname="LeadCreation.Leadcreation" name="Customercreation100" time="0.110"/>
  <system-out/>
  <testcase classname="LeadCreation.Leadcreation" name="Customercreation100" time="0.183"/>
  <system-out/>
  <testcase classname="LeadCreation.Leadcreation" name="Customercreation100" time="0.120"/>
  <system-out/>
  <testcase classname="LeadCreation.Leadcreation" name="Customercreation100" time="0.130"/>
  <system-out/>
  <testcase classname="LeadCreation.Leadcreation" name="Customercreation100" time="0.120"/>
  <system-out/>
  <testcase classname="LeadCreation.Leadcreation" name="Customercreation100" time="0.139"/>
  <system-out/>
  <testcase classname="LeadCreation.Leadcreation" name="Customercreation100" time="0.116"/>
  <system-out/>
  <testcase classname="LeadCreation.Leadcreation" name="Customercreation100" time="0.105"/>
  <system-out/>
  <testcase classname="LeadCreation.Leadcreation" name="Customercreation100" time="0.133"/>
  <system-out/>
  <testcase classname="LeadCreation.Leadcreation" name="Customercreation100" time="0.215"/>
  <system-out/>
  <testcase classname="LeadCreation.Leadcreation" name="Customercreation100" time="0.116"/>
  <system-out/>
  <testcase classname="LeadCreation.Leadcreation" name="Customercreation100" time="0.119"/>
  <system-out/>
  <testcase classname="LeadCreation.Leadcreation" name="Customercreation100" time="0.129"/>
  <system-out/>
  <testcase classname="LeadCreation.Leadcreation" name="Customercreation100" time="0.284"/>
  <system-out/>
  <testcase classname="LeadCreation.Leadcreation" name="Customercreation100" time="0.117"/>
  <system-out/>
  <testcase classname="LeadCreation.Leadcreation" name="Customercreation100" time="0.137"/>
  <system-out/>
  <testcase classname="LeadCreation.Leadcreation" name="Customercreation100" time="0.119"/>
  <system-out/>
  <testcase classname="LeadCreation.Leadcreation" name="Customercreation100" time="0.215"/>
  <system-out/>
  <testcase classname="LeadCreation.Leadcreation" name="Customercreation100" time="0.129"/>
  <system-out/>
  <testcase classname="LeadCreation.Leadcreation" name="Customercreation100" time="0.336"/>
  <system-out/>
  <testcase classname="LeadCreation.Leadcreation" name="Customercreation100" time="0.132"/>
  <system-out/>
  <testcase classname="LeadCreation.Leadcreation" name="Customercreation100" time="0.122"/>
  <system-out/>
  <testcase classname="LeadCreation.Leadcreation" name="Customercreation100" time="0.120"/>
  <system-out/>
  <testcase classname="LeadCreation.Leadcreation" name="Customercreation100" time="0.134"/>
  <system-out/>
  <testcase classname="LeadCreation.Leadcreation" name="Customercreation100" time="0.122"/>
  <system-out/>
  <testcase classname="LeadCreation.Leadcreation" name="Customercreation100" time="0.199"/>
  <system-out/>
  <testcase classname="LeadCreation.Leadcreation" name="Customercreation100" time="0.130"/>
  <system-out/>
  <testcase classname="LeadCreation.Leadcreation" name="Customercreation100" time="0.122"/>
  <system-out/>
  <testcase classname="LeadCreation.Leadcreation" name="Customercreation100" time="0.118"/>
  <system-out/>
  <testcase classname="LeadCreation.Leadcreation" name="Customercreation100" time="0.115"/>
  <system-out/>
  <testcase classname="LeadCreation.Leadcreation" name="Customercreation100" time="0.125"/>
  <system-out/>
  <testcase classname="LeadCreation.Leadcreation" name="Customercreation100" time="0.122"/>
  <system-out/>
  <testcase classname="LeadCreation.Leadcreation" name="Customercreation100" time="0.117"/>
  <system-out/>
  <testcase classname="LeadCreation.Leadcreation" name="Customercreation100" time="0.125"/>
  <system-out/>
  <testcase classname="LeadCreation.Leadcreation" name="Customercreation100" time="0.126"/>
  <system-out/>
  <testcase classname="LeadCreation.Leadcreation" name="Customercreation100" time="0.114"/>
  <system-out/>
  <testcase classname="LeadCreation.Leadcreation" name="Customercreation100" time="0.159"/>
  <system-out/>
  <testcase classname="LeadCreation.Leadcreation" name="Customercreation100" time="0.270"/>
  <system-out/>
  <testcase classname="LeadCreation.Leadcreation" name="Customercreation100" time="0.132"/>
  <system-out/>
  <testcase classname="LeadCreation.Leadcreation" name="Customercreation100" time="0.127"/>
  <system-out/>
  <testcase classname="LeadCreation.Leadcreation" name="Customercreation100" time="0.197"/>
  <system-out/>
  <testcase classname="LeadCreation.Leadcreation" name="Customercreation100" time="0.269"/>
  <system-out/>
  <testcase classname="LeadCreation.Leadcreation" name="Customercreation100" time="0.166"/>
  <system-out/>
  <testcase classname="LeadCreation.Leadcreation" name="Customercreation100" time="0.113"/>
  <system-out/>
  <testcase classname="LeadCreation.Leadcreation" name="Customercreation100" time="0.350"/>
  <system-out/>
  <testcase classname="LeadCreation.Leadcreation" name="Customercreation100" time="0.120"/>
  <system-out/>
  <testcase classname="LeadCreation.Leadcreation" name="Customercreation100" time="0.123"/>
  <system-out/>
  <testcase classname="LeadCreation.Leadcreation" name="Customercreation100" time="0.115"/>
  <system-out/>
  <testcase classname="LeadCreation.Leadcreation" name="Customercreation100" time="0.122"/>
  <system-out/>
  <testcase classname="LeadCreation.Leadcreation" name="Customercreation100" time="0.127"/>
  <system-out/>
  <testcase classname="LeadCreation.Leadcreation" name="Customercreation100" time="0.128"/>
  <system-out/>
  <testcase classname="LeadCreation.Leadcreation" name="Customercreation100" time="0.173"/>
  <system-out/>
  <testcase classname="LeadCreation.Leadcreation" name="Customercreation100" time="0.247"/>
  <system-out/>
  <testcase classname="LeadCreation.Leadcreation" name="Customercreation100" time="0.119"/>
  <system-out/>
  <testcase classname="LeadCreation.Leadcreation" name="Customercreation100" time="0.122"/>
  <system-out/>
  <testcase classname="LeadCreation.Leadcreation" name="Customercreation100" time="0.392"/>
  <system-out/>
  <testcase classname="LeadCreation.Leadcreation" name="Customercreation100" time="0.337"/>
  <system-out/>
  <testcase classname="LeadCreation.Leadcreation" name="Customercreation100" time="0.210"/>
  <system-out/>
  <testcase classname="LeadCreation.Leadcreation" name="Customercreation100" time="0.118"/>
  <system-out/>
  <testcase classname="LeadCreation.Leadcreation" name="Customercreation100" time="0.219"/>
  <system-out/>
  <testcase classname="LeadCreation.Leadcreation" name="Customercreation100" time="0.122"/>
  <system-out/>
  <testcase classname="LeadCreation.Leadcreation" name="Customercreation100" time="0.133"/>
  <system-out/>
  <testcase classname="LeadCreation.Leadcreation" name="Customercreation100" time="0.117"/>
  <system-out/>
  <testcase classname="LeadCreation.Leadcreation" name="Customercreation100" time="0.135"/>
  <system-out/>
  <testcase classname="LeadCreation.Leadcreation" name="Customercreation100" time="0.122"/>
  <system-out/>
  <testcase classname="LeadCreation.Leadcreation" name="Customercreation100" time="0.108"/>
  <system-out/>
  <testcase classname="LeadCreation.Leadcreation" name="Customercreation100" time="0.122"/>
  <system-out/>
  <testcase classname="LeadCreation.Leadcreation" name="Customercreation100" time="0.125"/>
  <system-out/>
  <testcase classname="LeadCreation.Leadcreation" name="Customercreation100" time="0.111"/>
  <system-out/>
  <testcase classname="LeadCreation.Leadcreation" name="Customercreation100" time="0.129"/>
  <system-out/>
  <testcase classname="LeadCreation.Leadcreation" name="Customercreation100" time="0.302"/>
  <system-out/>
  <testcase classname="LeadCreation.Leadcreation" name="Customercreation100" time="0.145"/>
  <system-out/>
  <testcase classname="LeadCreation.Leadcreation" name="Customercreation100" time="0.129"/>
  <system-out/>
  <testcase classname="LeadCreation.Leadcreation" name="Customercreation100" time="0.113"/>
  <system-out/>
  <testcase classname="LeadCreation.Leadcreation" name="Customercreation100" time="0.115"/>
  <system-out/>
  <testcase classname="LeadCreation.Leadcreation" name="Customercreation100" time="0.132"/>
  <system-out/>
  <testcase classname="LeadCreation.Leadcreation" name="Customercreation100" time="0.122"/>
  <system-out/>
  <testcase classname="LeadCreation.Leadcreation" name="Customercreation100" time="0.391"/>
  <system-out/>
  <testcase classname="LeadCreation.Leadcreation" name="Customercreation100" time="0.279"/>
  <system-out/>
  <testcase classname="LeadCreation.Leadcreation" name="Customercreation100" time="0.201"/>
  <system-out/>
  <testcase classname="LeadCreation.Leadcreation" name="Customercreation100" time="0.130"/>
  <system-out/>
  <testcase classname="LeadCreation.Leadcreation" name="Customercreation100" time="0.129"/>
  <system-out/>
  <testcase classname="LeadCreation.Leadcreation" name="Customercreation100" time="0.131"/>
  <system-out/>
  <testcase classname="LeadCreation.Leadcreation" name="Customercreation100" time="0.379"/>
  <system-out/>
  <testcase classname="LeadCreation.Leadcreation" name="Customercreation100" time="0.140"/>
  <system-out/>
  <testcase classname="LeadCreation.Leadcreation" name="Customercreation100" time="0.109"/>
  <system-out/>
  <testcase classname="LeadCreation.Leadcreation" name="Customercreation100" time="0.260"/>
  <system-out/>
  <testcase classname="LeadCreation.Leadcreation" name="Customercreation100" time="0.250"/>
  <system-out/>
  <testcase classname="LeadCreation.Leadcreation" name="Customercreation100" time="0.135"/>
  <system-out/>
  <testcase classname="LeadCreation.Leadcreation" name="Customercreation100" time="0.112"/>
  <system-out/>
  <testcase classname="LeadCreation.Leadcreation" name="Customercreation100" time="0.113"/>
  <system-out/>
  <testcase classname="LeadCreation.Leadcreation" name="Customercreation100" time="0.133"/>
  <system-out/>
  <testcase classname="LeadCreation.Leadcreation" name="Customercreation100" time="0.117"/>
  <system-out/>
  <testcase classname="LeadCreation.Leadcreation" name="Customercreation100" time="0.117"/>
  <system-out/>
  <testcase classname="LeadCreation.Leadcreation" name="Customercreation100" time="0.121"/>
  <system-out/>
  <testcase classname="LeadCreation.Leadcreation" name="Customercreation100" time="0.117"/>
  <system-out/>
  <testcase classname="LeadCreation.Leadcreation" name="Customercreation100" time="0.125"/>
  <system-out/>
  <testcase classname="LeadCreation.Leadcreation" name="Customercreation100" time="0.150"/>
  <system-out/>
  <testcase classname="LeadCreation.Leadcreation" name="Customercreation100" time="0.152"/>
  <system-out/>
  <testcase classname="LeadCreation.Leadcreation" name="Customercreation100" time="0.135"/>
  <system-out/>
  <testcase classname="LeadCreation.Leadcreation" name="Customercreation100" time="0.135"/>
  <system-out/>
  <testcase classname="LeadCreation.Leadcreation" name="Customercreation100" time="0.131"/>
  <system-out/>
  <testcase classname="LeadCreation.Leadcreation" name="Customercreation100" time="0.128"/>
  <system-out/>
  <testcase classname="LeadCreation.Leadcreation" name="Customercreation100" time="0.131"/>
  <system-out/>
  <testcase classname="LeadCreation.Leadcreation" name="Customercreation100" time="1.133"/>
  <system-out/>
  <testcase classname="LeadCreation.Leadcreation" name="Customercreation100" time="0.364"/>
  <system-out/>
  <testcase classname="LeadCreation.Leadcreation" name="Customercreation100" time="0.122"/>
  <system-out/>
  <testcase classname="LeadCreation.Leadcreation" name="Customercreation100" time="0.141"/>
  <system-out/>
  <testcase classname="LeadCreation.Leadcreation" name="Customercreation100" time="0.131"/>
  <system-out/>
  <testcase classname="LeadCreation.Leadcreation" name="Customercreation100" time="0.126"/>
  <system-out/>
  <testcase classname="LeadCreation.Leadcreation" name="Customercreation100" time="0.188"/>
  <system-out/>
  <testcase classname="LeadCreation.Leadcreation" name="Customercreation100" time="0.114"/>
  <system-out/>
  <testcase classname="LeadCreation.Leadcreation" name="Customercreation100" time="0.255"/>
  <system-out/>
  <testcase classname="LeadCreation.Leadcreation" name="Customercreation100" time="0.207"/>
  <system-out/>
  <testcase classname="LeadCreation.Leadcreation" name="Customercreation100" time="0.112"/>
  <system-out/>
  <testcase classname="LeadCreation.Leadcreation" name="Customercreation100" time="0.125"/>
  <system-out/>
  <testcase classname="LeadCreation.Leadcreation" name="Customercreation100" time="0.121"/>
  <system-out/>
  <testcase classname="LeadCreation.Leadcreation" name="Customercreation100" time="0.127"/>
  <system-out/>
  <testcase classname="LeadCreation.Leadcreation" name="Customercreation100" time="0.122"/>
  <system-out/>
  <testcase classname="LeadCreation.Leadcreation" name="Customercreation100" time="0.215"/>
  <system-out/>
  <testcase classname="LeadCreation.Leadcreation" name="Customercreation100" time="0.124"/>
  <system-out/>
  <testcase classname="LeadCreation.Leadcreation" name="Customercreation100" time="0.135"/>
  <system-out/>
  <testcase classname="LeadCreation.Leadcreation" name="Customercreation100" time="0.137"/>
  <system-out/>
  <testcase classname="LeadCreation.Leadcreation" name="Customercreation100" time="0.190"/>
  <system-out/>
  <testcase classname="LeadCreation.Leadcreation" name="Customercreation100" time="0.133"/>
  <system-out/>
  <testcase classname="LeadCreation.Leadcreation" name="Customercreation100" time="0.121"/>
  <system-out/>
  <testcase classname="LeadCreation.Leadcreation" name="Customercreation100" time="0.132"/>
  <system-out/>
  <testcase classname="LeadCreation.Leadcreation" name="Customercreation100" time="0.132"/>
  <system-out/>
  <testcase classname="LeadCreation.Leadcreation" name="Customercreation100" time="0.201"/>
  <system-out/>
  <testcase classname="LeadCreation.Leadcreation" name="Customercreation100" time="0.136"/>
  <system-out/>
  <testcase classname="LeadCreation.Leadcreation" name="Customercreation100" time="0.119"/>
  <system-out/>
  <testcase classname="LeadCreation.Leadcreation" name="Customercreation100" time="0.120"/>
  <system-out/>
  <testcase classname="LeadCreation.Leadcreation" name="Customercreation100" time="0.120"/>
  <system-out/>
  <testcase classname="LeadCreation.Leadcreation" name="Customercreation100" time="0.129"/>
  <system-out/>
  <testcase classname="LeadCreation.Leadcreation" name="Customercreation100" time="0.198"/>
  <system-out/>
  <testcase classname="LeadCreation.Leadcreation" name="Customercreation100" time="0.134"/>
  <system-out/>
  <testcase classname="LeadCreation.Leadcreation" name="Customercreation100" time="0.132"/>
  <system-out/>
  <testcase classname="LeadCreation.Leadcreation" name="Customercreation100" time="0.122"/>
  <system-out/>
  <testcase classname="LeadCreation.Leadcreation" name="Customercreation100" time="0.121"/>
  <system-out/>
  <testcase classname="LeadCreation.Leadcreation" name="Customercreation100" time="0.138"/>
  <system-out/>
  <testcase classname="LeadCreation.Leadcreation" name="Customercreation100" time="0.113"/>
  <system-out/>
  <testcase classname="LeadCreation.Leadcreation" name="Customercreation100" time="0.201"/>
  <system-out/>
  <testcase classname="LeadCreation.Leadcreation" name="Customercreation100" time="0.134"/>
  <system-out/>
  <testcase classname="LeadCreation.Leadcreation" name="Customercreation100" time="0.116"/>
  <system-out/>
  <testcase classname="LeadCreation.Leadcreation" name="Customercreation100" time="0.231"/>
  <system-out/>
  <testcase classname="LeadCreation.Leadcreation" name="Customercreation100" time="0.116"/>
  <system-out/>
  <testcase classname="LeadCreation.Leadcreation" name="Customercreation100" time="0.163"/>
  <system-out/>
  <testcase classname="LeadCreation.Leadcreation" name="Customercreation100" time="0.115"/>
  <system-out/>
  <testcase classname="LeadCreation.Leadcreation" name="Customercreation100" time="0.140"/>
  <system-out/>
  <testcase classname="LeadCreation.Leadcreation" name="Customercreation100" time="0.119"/>
  <system-out/>
  <testcase classname="LeadCreation.Leadcreation" name="Customercreation100" time="0.124"/>
  <system-out/>
  <testcase classname="LeadCreation.Leadcreation" name="Customercreation100" time="0.127"/>
  <system-out/>
  <testcase classname="LeadCreation.Leadcreation" name="Customercreation100" time="0.117"/>
  <system-out/>
  <testcase classname="LeadCreation.Leadcreation" name="Customercreation100" time="0.119"/>
  <system-out/>
  <testcase classname="LeadCreation.Leadcreation" name="Customercreation100" time="0.146"/>
  <system-out/>
  <testcase classname="LeadCreation.Leadcreation" name="Customercreation100" time="0.229"/>
  <system-out/>
  <testcase classname="LeadCreation.Leadcreation" name="Customercreation100" time="0.115"/>
  <system-out/>
  <testcase classname="LeadCreation.Leadcreation" name="Customercreation100" time="0.130"/>
  <system-out/>
  <testcase classname="LeadCreation.Leadcreation" name="Customercreation100" time="0.306"/>
  <system-out/>
  <testcase classname="LeadCreation.Leadcreation" name="Customercreation100" time="0.121"/>
  <system-out/>
  <testcase classname="LeadCreation.Leadcreation" name="Customercreation100" time="0.119"/>
  <system-out/>
  <testcase classname="LeadCreation.Leadcreation" name="Customercreation100" time="0.203"/>
  <system-out/>
  <testcase classname="LeadCreation.Leadcreation" name="Customercreation100" time="0.123"/>
  <system-out/>
  <testcase classname="LeadCreation.Leadcreation" name="Customercreation100" time="0.125"/>
  <system-out/>
  <testcase classname="LeadCreation.Leadcreation" name="Customercreation100" time="0.143"/>
  <system-out/>
  <testcase classname="LeadCreation.Leadcreation" name="Customercreation100" time="0.135"/>
  <system-out/>
  <testcase classname="LeadCreation.Leadcreation" name="Customercreation100" time="0.123"/>
  <system-out/>
  <testcase classname="LeadCreation.Leadcreation" name="Customercreation100" time="0.121"/>
  <system-out/>
  <testcase classname="LeadCreation.Leadcreation" name="Customercreation100" time="0.197"/>
  <system-out/>
  <testcase classname="LeadCreation.Leadcreation" name="Customercreation100" time="0.129"/>
  <system-out/>
  <testcase classname="LeadCreation.Leadcreation" name="Customercreation100" time="0.114"/>
  <system-out/>
  <testcase classname="LeadCreation.Leadcreation" name="Customercreation100" time="0.131"/>
  <system-out/>
  <testcase classname="LeadCreation.Leadcreation" name="Customercreation100" time="0.142"/>
  <system-out/>
  <testcase classname="LeadCreation.Leadcreation" name="Customercreation100" time="0.144"/>
  <system-out/>
  <testcase classname="LeadCreation.Leadcreation" name="Customercreation100" time="0.117"/>
  <system-out/>
  <testcase classname="LeadCreation.Leadcreation" name="Customercreation100" time="0.222"/>
  <system-out/>
  <testcase classname="LeadCreation.Leadcreation" name="Customercreation100" time="0.129"/>
  <system-out/>
  <testcase classname="LeadCreation.Leadcreation" name="Customercreation100" time="0.115"/>
  <system-out/>
  <testcase classname="LeadCreation.Leadcreation" name="Customercreation100" time="0.131"/>
  <system-out/>
  <testcase classname="LeadCreation.Leadcreation" name="Customercreation100" time="0.130"/>
  <system-out/>
  <testcase classname="LeadCreation.Leadcreation" name="Customercreation100" time="0.125"/>
  <system-out/>
  <testcase classname="LeadCreation.Leadcreation" name="Customercreation100" time="0.138"/>
  <system-out/>
  <testcase classname="LeadCreation.Leadcreation" name="Customercreation100" time="0.118"/>
  <system-out/>
  <testcase classname="LeadCreation.Leadcreation" name="Customercreation100" time="0.135"/>
  <system-out/>
  <testcase classname="LeadCreation.Leadcreation" name="Customercreation100" time="0.112"/>
  <system-out/>
  <testcase classname="LeadCreation.Leadcreation" name="Customercreation100" time="0.234"/>
  <system-out/>
  <testcase classname="LeadCreation.Leadcreation" name="Customercreation100" time="0.134"/>
  <system-out/>
  <testcase classname="LeadCreation.Leadcreation" name="Customercreation100" time="0.117"/>
  <system-out/>
  <testcase classname="LeadCreation.Leadcreation" name="Customercreation100" time="0.117"/>
  <system-out/>
  <testcase classname="LeadCreation.Leadcreation" name="Customercreation100" time="0.115"/>
  <system-out/>
  <testcase classname="LeadCreation.Leadcreation" name="Customercreation100" time="0.139"/>
  <system-out/>
  <testcase classname="LeadCreation.Leadcreation" name="Customercreation100" time="0.144"/>
  <system-out/>
  <testcase classname="LeadCreation.Leadcreation" name="Customercreation100" time="0.223"/>
  <system-out/>
  <testcase classname="LeadCreation.Leadcreation" name="Customercreation100" time="0.122"/>
  <system-out/>
  <testcase classname="LeadCreation.Leadcreation" name="Customercreation100" time="0.112"/>
  <system-out/>
  <testcase classname="LeadCreation.Leadcreation" name="Customercreation100" time="0.139"/>
  <system-out/>
  <testcase classname="LeadCreation.Leadcreation" name="Customercreation100" time="0.129"/>
  <system-out/>
  <testcase classname="LeadCreation.Leadcreation" name="Customercreation100" time="0.196"/>
  <system-out/>
  <testcase classname="LeadCreation.Leadcreation" name="Customercreation100" time="0.119"/>
  <system-out/>
  <testcase classname="LeadCreation.Leadcreation" name="Customercreation100" time="0.151"/>
  <system-out/>
  <testcase classname="LeadCreation.Leadcreation" name="Customercreation100" time="0.123"/>
  <system-out/>
  <testcase classname="LeadCreation.Leadcreation" name="Customercreation100" time="0.144"/>
  <system-out/>
  <testcase classname="LeadCreation.Leadcreation" name="Customercreation100" time="0.157"/>
  <system-out/>
  <testcase classname="LeadCreation.Leadcreation" name="Customercreation100" time="0.119"/>
  <system-out/>
  <testcase classname="LeadCreation.Leadcreation" name="Customercreation100" time="0.134"/>
  <system-out/>
  <testcase classname="LeadCreation.Leadcreation" name="Customercreation100" time="0.349"/>
  <system-out/>
  <testcase classname="LeadCreation.Leadcreation" name="Customercreation100" time="0.117"/>
  <system-out/>
  <testcase classname="LeadCreation.Leadcreation" name="Customercreation100" time="0.117"/>
  <system-out/>
  <testcase classname="LeadCreation.Leadcreation" name="Customercreation100" time="0.114"/>
  <system-out/>
  <testcase classname="LeadCreation.Leadcreation" name="Customercreation100" time="0.124"/>
  <system-out/>
  <testcase classname="LeadCreation.Leadcreation" name="Customercreation100" time="0.121"/>
  <system-out/>
  <testcase classname="LeadCreation.Leadcreation" name="Customercreation100" time="0.113"/>
  <system-out/>
  <testcase classname="LeadCreation.Leadcreation" name="Customercreation100" time="0.272"/>
  <system-out/>
  <testcase classname="LeadCreation.Leadcreation" name="Customercreation100" time="0.234"/>
  <system-out/>
  <testcase classname="LeadCreation.Leadcreation" name="Customercreation100" time="0.226"/>
  <system-out/>
  <testcase classname="LeadCreation.Leadcreation" name="Customercreation100" time="0.133"/>
  <system-out/>
  <testcase classname="LeadCreation.Leadcreation" name="Customercreation100" time="0.113"/>
  <system-out/>
  <testcase classname="LeadCreation.Leadcreation" name="Customercreation100" time="0.122"/>
  <system-out/>
  <testcase classname="LeadCreation.Leadcreation" name="Customercreation100" time="0.113"/>
  <system-out/>
  <testcase classname="LeadCreation.Leadcreation" name="Customercreation100" time="0.121"/>
  <system-out/>
  <testcase classname="LeadCreation.Leadcreation" name="Customercreation100" time="0.129"/>
  <system-out/>
  <testcase classname="LeadCreation.Leadcreation" name="Customercreation100" time="0.251"/>
  <system-out/>
  <testcase classname="LeadCreation.Leadcreation" name="Customercreation100" time="0.177"/>
  <system-out/>
  <testcase classname="LeadCreation.Leadcreation" name="Customercreation100" time="0.151"/>
  <system-out/>
  <testcase classname="LeadCreation.Leadcreation" name="Customercreation100" time="0.156"/>
  <system-out/>
  <testcase classname="LeadCreation.Leadcreation" name="Customercreation100" time="0.132"/>
  <system-out/>
  <testcase classname="LeadCreation.Leadcreation" name="Customercreation100" time="0.122"/>
  <system-out/>
  <testcase classname="LeadCreation.Leadcreation" name="Customercreation100" time="0.122"/>
  <system-out/>
  <testcase classname="LeadCreation.Leadcreation" name="Customercreation100" time="0.130"/>
  <system-out/>
  <testcase classname="LeadCreation.Leadcreation" name="Customercreation100" time="0.311"/>
  <system-out/>
  <testcase classname="LeadCreation.Leadcreation" name="Customercreation100" time="0.126"/>
  <system-out/>
  <testcase classname="LeadCreation.Leadcreation" name="Customercreation100" time="0.127"/>
  <system-out/>
  <testcase classname="LeadCreation.Leadcreation" name="Customercreation100" time="0.210"/>
  <system-out/>
  <testcase classname="LeadCreation.Leadcreation" name="Customercreation100" time="0.119"/>
  <system-out/>
  <testcase classname="LeadCreation.Leadcreation" name="Customercreation100" time="0.124"/>
  <system-out/>
  <testcase classname="LeadCreation.Leadcreation" name="Customercreation100" time="0.221"/>
  <system-out/>
  <testcase classname="LeadCreation.Leadcreation" name="Customercreation100" time="0.199"/>
  <system-out/>
  <testcase classname="LeadCreation.Leadcreation" name="Customercreation100" time="0.124"/>
  <system-out/>
  <testcase classname="LeadCreation.Leadcreation" name="Customercreation100" time="0.121"/>
  <system-out/>
  <testcase classname="LeadCreation.Leadcreation" name="Customercreation100" time="0.117"/>
  <system-out/>
  <testcase classname="LeadCreation.Leadcreation" name="Customercreation100" time="0.125"/>
  <system-out/>
  <testcase classname="LeadCreation.Leadcreation" name="Customercreation100" time="0.148"/>
  <system-out/>
  <testcase classname="LeadCreation.Leadcreation" name="Customercreation100" time="0.140"/>
  <system-out/>
  <testcase classname="LeadCreation.Leadcreation" name="Customercreation100" time="1.177"/>
  <system-out/>
  <testcase classname="LeadCreation.Leadcreation" name="Customercreation100" time="0.122"/>
  <system-out/>
  <testcase classname="LeadCreation.Leadcreation" name="Customercreation100" time="0.124"/>
  <system-out/>
  <testcase classname="LeadCreation.Leadcreation" name="Customercreation100" time="0.227"/>
  <system-out/>
  <testcase classname="LeadCreation.Leadcreation" name="Customercreation100" time="0.126"/>
  <system-out/>
  <testcase classname="LeadCreation.Leadcreation" name="Customercreation100" time="0.114"/>
  <system-out/>
  <testcase classname="LeadCreation.Leadcreation" name="Customercreation100" time="0.125"/>
  <system-out/>
  <testcase classname="LeadCreation.Leadcreation" name="Customercreation100" time="0.171"/>
  <system-out/>
  <testcase classname="LeadCreation.Leadcreation" name="Customercreation100" time="0.123"/>
  <system-out/>
  <testcase classname="LeadCreation.Leadcreation" name="Customercreation100" time="0.126"/>
  <system-out/>
  <testcase classname="LeadCreation.Leadcreation" name="Customercreation100" time="0.113"/>
  <system-out/>
  <testcase classname="LeadCreation.Leadcreation" name="Customercreation100" time="0.169"/>
  <system-out/>
  <testcase classname="LeadCreation.Leadcreation" name="Customercreation100" time="0.136"/>
  <system-out/>
  <testcase classname="LeadCreation.Leadcreation" name="Customercreation100" time="0.121"/>
  <system-out/>
  <testcase classname="LeadCreation.Leadcreation" name="Customercreation100" time="0.152"/>
  <system-out/>
  <testcase classname="LeadCreation.Leadcreation" name="Customercreation100" time="0.235"/>
  <system-out/>
  <testcase classname="LeadCreation.Leadcreation" name="Customercreation100" time="0.117"/>
  <system-out/>
  <testcase classname="LeadCreation.Leadcreation" name="Customercreation100" time="0.123"/>
  <system-out/>
  <testcase classname="LeadCreation.Leadcreation" name="Customercreation100" time="0.127"/>
  <system-out/>
  <testcase classname="LeadCreation.Leadcreation" name="Customercreation100" time="0.128"/>
  <system-out/>
  <testcase classname="LeadCreation.Leadcreation" name="Customercreation100" time="0.114"/>
  <system-out/>
  <testcase classname="LeadCreation.Leadcreation" name="Customercreation100" time="0.177"/>
  <system-out/>
  <testcase classname="LeadCreation.Leadcreation" name="Customercreation100" time="0.137"/>
  <system-out/>
  <testcase classname="LeadCreation.Leadcreation" name="Customercreation100" time="0.126"/>
  <system-out/>
  <testcase classname="LeadCreation.Leadcreation" name="Customercreation100" time="0.208"/>
  <system-out/>
  <testcase classname="LeadCreation.Leadcreation" name="Customercreation100" time="0.118"/>
  <system-out/>
  <testcase classname="LeadCreation.Leadcreation" name="Customercreation100" time="0.112"/>
  <system-out/>
  <testcase classname="LeadCreation.Leadcreation" name="Customercreation100" time="0.197"/>
  <system-out/>
  <testcase classname="LeadCreation.Leadcreation" name="Customercreation100" time="0.212"/>
  <system-out/>
  <testcase classname="LeadCreation.Leadcreation" name="Customercreation100" time="0.121"/>
  <system-out/>
  <testcase classname="LeadCreation.Leadcreation" name="Customercreation100" time="0.120"/>
  <system-out/>
  <testcase classname="LeadCreation.Leadcreation" name="Customercreation100" time="0.124"/>
  <system-out/>
  <testcase classname="LeadCreation.Leadcreation" name="Customercreation100" time="0.115"/>
  <system-out/>
  <testcase classname="LeadCreation.Leadcreation" name="Customercreation100" time="0.118"/>
  <system-out/>
  <testcase classname="LeadCreation.Leadcreation" name="Customercreation100" time="0.133"/>
  <system-out/>
  <testcase classname="LeadCreation.Leadcreation" name="Customercreation100" time="0.195"/>
  <system-out/>
  <testcase classname="LeadCreation.Leadcreation" name="Customercreation100" time="0.124"/>
  <system-out/>
  <testcase classname="LeadCreation.Leadcreation" name="Customercreation100" time="0.195"/>
  <system-out/>
  <testcase classname="LeadCreation.Leadcreation" name="Customercreation100" time="0.120"/>
  <system-out/>
  <testcase classname="LeadCreation.Leadcreation" name="Customercreation100" time="0.119"/>
  <system-out/>
  <testcase classname="LeadCreation.Leadcreation" name="Customercreation100" time="0.128"/>
  <system-out/>
  <testcase classname="LeadCreation.Leadcreation" name="Customercreation100" time="0.224"/>
  <system-out/>
  <testcase classname="LeadCreation.Leadcreation" name="Customercreation100" time="0.133"/>
  <system-out/>
  <testcase classname="LeadCreation.Leadcreation" name="Customercreation100" time="0.214"/>
  <system-out/>
  <testcase classname="LeadCreation.Leadcreation" name="Customercreation100" time="0.209"/>
  <system-out/>
  <testcase classname="LeadCreation.Leadcreation" name="Customercreation100" time="0.118"/>
  <system-out/>
  <testcase classname="LeadCreation.Leadcreation" name="Customercreation100" time="0.129"/>
  <system-out/>
  <testcase classname="LeadCreation.Leadcreation" name="Customercreation100" time="0.117"/>
  <system-out/>
  <testcase classname="LeadCreation.Leadcreation" name="Customercreation100" time="0.147"/>
  <system-out/>
  <testcase classname="LeadCreation.Leadcreation" name="Customercreation100" time="0.135"/>
  <system-out/>
  <testcase classname="LeadCreation.Leadcreation" name="Customercreation100" time="0.157"/>
  <system-out/>
  <testcase classname="LeadCreation.Leadcreation" name="Customercreation100" time="0.210"/>
  <system-out/>
  <testcase classname="LeadCreation.Leadcreation" name="Customercreation100" time="0.116"/>
  <system-out/>
  <testcase classname="LeadCreation.Leadcreation" name="Customercreation100" time="0.159"/>
  <system-out/>
  <testcase classname="LeadCreation.Leadcreation" name="Customercreation100" time="0.144"/>
  <system-out/>
  <testcase classname="LeadCreation.Leadcreation" name="Customercreation100" time="0.218"/>
  <system-out/>
  <testcase classname="LeadCreation.Leadcreation" name="Customercreation100" time="0.109"/>
  <system-out/>
  <testcase classname="LeadCreation.Leadcreation" name="Customercreation100" time="0.122"/>
  <system-out/>
  <testcase classname="LeadCreation.Leadcreation" name="Customercreation100" time="0.125"/>
  <system-out/>
  <testcase classname="LeadCreation.Leadcreation" name="Customercreation100" time="0.185"/>
  <system-out/>
  <testcase classname="LeadCreation.Leadcreation" name="Customercreation100" time="0.196"/>
  <system-out/>
  <testcase classname="LeadCreation.Leadcreation" name="Customercreation100" time="0.138"/>
  <system-out/>
  <testcase classname="LeadCreation.Leadcreation" name="Customercreation100" time="0.186"/>
  <system-out/>
  <testcase classname="LeadCreation.Leadcreation" name="Customercreation100" time="0.117"/>
  <system-out/>
  <testcase classname="LeadCreation.Leadcreation" name="Customercreation100" time="0.114"/>
  <system-out/>
  <testcase classname="LeadCreation.Leadcreation" name="Customercreation100" time="0.125"/>
  <system-out/>
  <testcase classname="LeadCreation.Leadcreation" name="Customercreation100" time="0.122"/>
  <system-out/>
  <testcase classname="LeadCreation.Leadcreation" name="Customercreation100" time="0.114"/>
  <system-out/>
  <testcase classname="LeadCreation.Leadcreation" name="Customercreation100" time="0.218"/>
  <system-out/>
  <testcase classname="LeadCreation.Leadcreation" name="Customercreation100" time="0.188"/>
  <system-out/>
  <testcase classname="LeadCreation.Leadcreation" name="Customercreation100" time="0.173"/>
  <system-out/>
  <testcase classname="LeadCreation.Leadcreation" name="Customercreation100" time="0.123"/>
  <system-out/>
  <testcase classname="LeadCreation.Leadcreation" name="Customercreation100" time="0.123"/>
  <system-out/>
  <testcase classname="LeadCreation.Leadcreation" name="Customercreation100" time="0.112"/>
  <system-out/>
  <testcase classname="LeadCreation.Leadcreation" name="Customercreation100" time="0.122"/>
  <system-out/>
  <testcase classname="LeadCreation.Leadcreation" name="Customercreation100" time="0.124"/>
  <system-out/>
  <testcase classname="LeadCreation.Leadcreation" name="Customercreation100" time="0.118"/>
  <system-out/>
  <testcase classname="LeadCreation.Leadcreation" name="Customercreation100" time="0.150"/>
  <system-out/>
  <testcase classname="LeadCreation.Leadcreation" name="Customercreation100" time="0.177"/>
  <system-out/>
  <testcase classname="LeadCreation.Leadcreation" name="Customercreation100" time="0.208"/>
  <system-out/>
  <testcase classname="LeadCreation.Leadcreation" name="Customercreation100" time="0.151"/>
  <system-out/>
  <testcase classname="LeadCreation.Leadcreation" name="Customercreation100" time="0.106"/>
  <system-out/>
  <testcase classname="LeadCreation.Leadcreation" name="Customercreation100" time="0.265"/>
  <system-out/>
  <testcase classname="LeadCreation.Leadcreation" name="Customercreation100" time="0.123"/>
  <system-out/>
  <testcase classname="LeadCreation.Leadcreation" name="Customercreation100" time="0.420"/>
  <system-out/>
  <testcase classname="LeadCreation.Leadcreation" name="Customercreation100" time="0.121"/>
  <system-out/>
  <testcase classname="LeadCreation.Leadcreation" name="Customercreation100" time="0.111"/>
  <system-out/>
  <testcase classname="LeadCreation.Leadcreation" name="Customercreation100" time="0.252"/>
  <system-out/>
  <testcase classname="LeadCreation.Leadcreation" name="Customercreation100" time="0.185"/>
  <system-out/>
  <testcase classname="LeadCreation.Leadcreation" name="Customercreation100" time="0.117"/>
  <system-out/>
  <testcase classname="LeadCreation.Leadcreation" name="Customercreation100" time="0.123"/>
  <system-out/>
  <testcase classname="LeadCreation.Leadcreation" name="Customercreation100" time="0.208"/>
  <system-out/>
  <testcase classname="LeadCreation.Leadcreation" name="Customercreation100" time="0.121"/>
  <system-out/>
  <testcase classname="LeadCreation.Leadcreation" name="Customercreation100" time="0.124"/>
  <system-out/>
  <testcase classname="LeadCreation.Leadcreation" name="Customercreation100" time="0.118"/>
  <system-out/>
  <testcase classname="LeadCreation.Leadcreation" name="Customercreation100" time="0.139"/>
  <system-out/>
  <testcase classname="LeadCreation.Leadcreation" name="Customercreation100" time="0.122"/>
  <system-out/>
  <testcase classname="LeadCreation.Leadcreation" name="Customercreation100" time="0.134"/>
  <system-out/>
  <testcase classname="LeadCreation.Leadcreation" name="Customercreation100" time="0.121"/>
  <system-out/>
  <testcase classname="LeadCreation.Leadcreation" name="Customercreation100" time="0.158"/>
  <system-out/>
  <testcase classname="LeadCreation.Leadcreation" name="Customercreation100" time="0.122"/>
  <system-out/>
  <testcase classname="LeadCreation.Leadcreation" name="Customercreation100" time="0.425"/>
  <system-out/>
  <testcase classname="LeadCreation.Leadcreation" name="Customercreation100" time="0.111"/>
  <system-out/>
  <testcase classname="LeadCreation.Leadcreation" name="Customercreation100" time="0.133"/>
  <system-out/>
  <testcase classname="LeadCreation.Leadcreation" name="Customercreation100" time="0.114"/>
  <system-out/>
  <testcase classname="LeadCreation.Leadcreation" name="Customercreation100" time="0.129"/>
  <system-out/>
  <testcase classname="LeadCreation.Leadcreation" name="Customercreation100" time="0.197"/>
  <system-out/>
  <testcase classname="LeadCreation.Leadcreation" name="Customercreation100" time="0.118"/>
  <system-out/>
  <testcase classname="LeadCreation.Leadcreation" name="Customercreation100" time="0.120"/>
  <system-out/>
  <testcase classname="LeadCreation.Leadcreation" name="Customercreation100" time="0.122"/>
  <system-out/>
  <testcase classname="LeadCreation.Leadcreation" name="Customercreation100" time="0.113"/>
  <system-out/>
  <testcase classname="LeadCreation.Leadcreation" name="Customercreation100" time="0.253"/>
  <system-out/>
  <testcase classname="LeadCreation.Leadcreation" name="Customercreation100" time="0.132"/>
  <system-out/>
  <testcase classname="LeadCreation.Leadcreation" name="Customercreation100" time="0.186"/>
  <system-out/>
  <testcase classname="LeadCreation.Leadcreation" name="Customercreation100" time="0.513"/>
  <system-out/>
  <testcase classname="LeadCreation.Leadcreation" name="Customercreation100" time="0.379"/>
  <system-out/>
  <testcase classname="LeadCreation.Leadcreation" name="Customercreation100" time="0.120"/>
  <system-out/>
  <testcase classname="LeadCreation.Leadcreation" name="Customercreation100" time="0.140"/>
  <system-out/>
  <testcase classname="LeadCreation.Leadcreation" name="Customercreation100" time="0.143"/>
  <system-out/>
  <testcase classname="LeadCreation.Leadcreation" name="Customercreation100" time="0.116"/>
  <system-out/>
  <testcase classname="LeadCreation.Leadcreation" name="Customercreation100" time="0.119"/>
  <system-out/>
  <testcase classname="LeadCreation.Leadcreation" name="Customercreation100" time="0.191"/>
  <system-out/>
  <testcase classname="LeadCreation.Leadcreation" name="Customercreation100" time="0.126"/>
  <system-out/>
  <testcase classname="LeadCreation.Leadcreation" name="Customercreation100" time="0.123"/>
  <system-out/>
  <testcase classname="LeadCreation.Leadcreation" name="Customercreation100" time="0.133"/>
  <system-out/>
  <testcase classname="LeadCreation.Leadcreation" name="Customercreation100" time="0.129"/>
  <system-out/>
  <testcase classname="LeadCreation.Leadcreation" name="Customercreation100" time="0.145"/>
  <system-out/>
  <testcase classname="LeadCreation.Leadcreation" name="Customercreation100" time="0.115"/>
  <system-out/>
  <testcase classname="LeadCreation.Leadcreation" name="Customercreation100" time="0.123"/>
  <system-out/>
  <testcase classname="LeadCreation.Leadcreation" name="Customercreation100" time="0.122"/>
  <system-out/>
  <testcase classname="LeadCreation.Leadcreation" name="Customercreation100" time="0.122"/>
  <system-out/>
  <testcase classname="LeadCreation.Leadcreation" name="Customercreation100" time="0.341"/>
  <system-out/>
  <testcase classname="LeadCreation.Leadcreation" name="Customercreation100" time="0.140"/>
  <system-out/>
  <testcase classname="LeadCreation.Leadcreation" name="Customercreation100" time="0.123"/>
  <system-out/>
  <testcase classname="LeadCreation.Leadcreation" name="Customercreation100" time="0.119"/>
  <system-out/>
  <testcase classname="LeadCreation.Leadcreation" name="Customercreation100" time="0.174"/>
  <system-out/>
  <testcase classname="LeadCreation.Leadcreation" name="Customercreation100" time="0.120"/>
  <system-out/>
  <testcase classname="LeadCreation.Leadcreation" name="Customercreation100" time="0.119"/>
  <system-out/>
  <testcase classname="LeadCreation.Leadcreation" name="Customercreation100" time="0.117"/>
  <system-out/>
  <testcase classname="LeadCreation.Leadcreation" name="Customercreation100" time="0.123"/>
  <system-out/>
  <testcase classname="LeadCreation.Leadcreation" name="Customercreation100" time="0.121"/>
  <system-out/>
  <testcase classname="LeadCreation.Leadcreation" name="Customercreation100" time="0.123"/>
  <system-out/>
  <testcase classname="LeadCreation.Leadcreation" name="Customercreation100" time="0.461"/>
  <system-out/>
  <testcase classname="LeadCreation.Leadcreation" name="Customercreation100" time="0.200"/>
  <system-out/>
  <testcase classname="LeadCreation.Leadcreation" name="Customercreation100" time="0.134"/>
  <system-out/>
  <testcase classname="LeadCreation.Leadcreation" name="Customercreation100" time="0.111"/>
  <system-out/>
  <testcase classname="LeadCreation.Leadcreation" name="Customercreation100" time="0.293"/>
  <system-out/>
  <testcase classname="LeadCreation.Leadcreation" name="Customercreation100" time="0.127"/>
  <system-out/>
  <testcase classname="LeadCreation.Leadcreation" name="Customercreation100" time="0.429"/>
  <system-out/>
  <testcase classname="LeadCreation.Leadcreation" name="Customercreation100" time="0.122"/>
  <system-out/>
  <testcase classname="LeadCreation.Leadcreation" name="Customercreation100" time="0.215"/>
  <system-out/>
  <testcase classname="LeadCreation.Leadcreation" name="Customercreation100" time="0.122"/>
  <system-out/>
  <testcase classname="LeadCreation.Leadcreation" name="Customercreation100" time="0.177"/>
  <system-out/>
  <testcase classname="LeadCreation.Leadcreation" name="Customercreation100" time="0.128"/>
  <system-out/>
  <testcase classname="LeadCreation.Leadcreation" name="Customercreation100" time="0.197"/>
  <system-out/>
  <testcase classname="LeadCreation.Leadcreation" name="Customercreation100" time="1.130"/>
  <system-out/>
  <testcase classname="LeadCreation.Leadcreation" name="Customercreation100" time="0.139"/>
  <system-out/>
  <testcase classname="LeadCreation.Leadcreation" name="Customercreation100" time="0.200"/>
  <system-out/>
  <testcase classname="LeadCreation.Leadcreation" name="Customercreation100" time="0.135"/>
  <system-out/>
  <testcase classname="LeadCreation.Leadcreation" name="Customercreation100" time="0.128"/>
  <system-out/>
  <testcase classname="LeadCreation.Leadcreation" name="Customercreation100" time="0.124"/>
  <system-out/>
  <testcase classname="LeadCreation.Leadcreation" name="Customercreation100" time="0.112"/>
  <system-out/>
  <testcase classname="LeadCreation.Leadcreation" name="Customercreation100" time="0.115"/>
  <system-out/>
  <testcase classname="LeadCreation.Leadcreation" name="Customercreation100" time="0.123"/>
  <system-out/>
  <testcase classname="LeadCreation.Leadcreation" name="Customercreation100" time="0.114"/>
  <system-out/>
  <testcase classname="LeadCreation.Leadcreation" name="Customercreation100" time="0.125"/>
  <system-out/>
  <testcase classname="LeadCreation.Leadcreation" name="Customercreation100" time="0.173"/>
  <system-out/>
  <testcase classname="LeadCreation.Leadcreation" name="Customercreation100" time="0.125"/>
  <system-out/>
  <testcase classname="LeadCreation.Leadcreation" name="Customercreation100" time="0.127"/>
  <system-out/>
  <testcase classname="LeadCreation.Leadcreation" name="Customercreation100" time="0.277"/>
  <system-out/>
  <testcase classname="LeadCreation.Leadcreation" name="Customercreation100" time="0.126"/>
  <system-out/>
  <testcase classname="LeadCreation.Leadcreation" name="Customercreation100" time="0.124"/>
  <system-out/>
  <testcase classname="LeadCreation.Leadcreation" name="Customercreation100" time="0.245"/>
  <system-out/>
  <testcase classname="LeadCreation.Leadcreation" name="Customercreation100" time="0.137"/>
  <system-out/>
  <testcase classname="LeadCreation.Leadcreation" name="Customercreation100" time="0.122"/>
  <system-out/>
  <testcase classname="LeadCreation.Leadcreation" name="Customercreation100" time="0.127"/>
  <system-out/>
  <testcase classname="LeadCreation.Leadcreation" name="Customercreation100" time="0.272"/>
  <system-out/>
  <testcase classname="LeadCreation.Leadcreation" name="Customercreation100" time="0.271"/>
  <system-out/>
  <testcase classname="LeadCreation.Leadcreation" name="Customercreation100" time="0.114"/>
  <system-out/>
  <testcase classname="LeadCreation.Leadcreation" name="Customercreation100" time="0.126"/>
  <system-out/>
  <testcase classname="LeadCreation.Leadcreation" name="Customercreation100" time="0.126"/>
  <system-out/>
  <testcase classname="LeadCreation.Leadcreation" name="Customercreation100" time="0.123"/>
  <system-out/>
  <testcase classname="LeadCreation.Leadcreation" name="Customercreation100" time="0.121"/>
  <system-out/>
  <testcase classname="LeadCreation.Leadcreation" name="Customercreation100" time="0.272"/>
  <system-out/>
  <testcase classname="LeadCreation.Leadcreation" name="Customercreation100" time="0.114"/>
  <system-out/>
  <testcase classname="LeadCreation.Leadcreation" name="Customercreation100" time="0.209"/>
  <system-out/>
  <testcase classname="LeadCreation.Leadcreation" name="Customercreation100" time="0.117"/>
  <system-out/>
  <testcase classname="LeadCreation.Leadcreation" name="Customercreation100" time="0.149"/>
  <system-out/>
  <testcase classname="LeadCreation.Leadcreation" name="Customercreation100" time="0.135"/>
  <system-out/>
  <testcase classname="LeadCreation.Leadcreation" name="Customercreation100" time="0.130"/>
  <system-out/>
  <testcase classname="LeadCreation.Leadcreation" name="Customercreation100" time="0.129"/>
  <system-out/>
  <testcase classname="LeadCreation.Leadcreation" name="Customercreation100" time="0.119"/>
  <system-out/>
  <testcase classname="LeadCreation.Leadcreation" name="Customercreation100" time="0.222"/>
  <system-out/>
  <testcase classname="LeadCreation.Leadcreation" name="Customercreation100" time="0.206"/>
  <system-out/>
  <testcase classname="LeadCreation.Leadcreation" name="Customercreation100" time="0.143"/>
  <system-out/>
  <testcase classname="LeadCreation.Leadcreation" name="Customercreation100" time="0.117"/>
  <system-out/>
  <testcase classname="LeadCreation.Leadcreation" name="Customercreation100" time="0.126"/>
  <system-out/>
  <testcase classname="LeadCreation.Leadcreation" name="Customercreation100" time="0.133"/>
  <system-out/>
  <testcase classname="LeadCreation.Leadcreation" name="Customercreation100" time="0.120"/>
  <system-out/>
  <testcase classname="LeadCreation.Leadcreation" name="Customercreation100" time="0.116"/>
  <system-out/>
  <testcase classname="LeadCreation.Leadcreation" name="Customercreation100" time="0.363"/>
  <system-out/>
  <testcase classname="LeadCreation.Leadcreation" name="Customercreation100" time="0.119"/>
  <system-out/>
  <testcase classname="LeadCreation.Leadcreation" name="Customercreation100" time="0.130"/>
  <system-out/>
  <testcase classname="LeadCreation.Leadcreation" name="Customercreation100" time="0.133"/>
  <system-out/>
  <testcase classname="LeadCreation.Leadcreation" name="Customercreation100" time="0.118"/>
  <system-out/>
  <testcase classname="LeadCreation.Leadcreation" name="Customercreation100" time="0.124"/>
  <system-out/>
  <testcase classname="LeadCreation.Leadcreation" name="Customercreation100" time="0.224"/>
  <system-out/>
  <testcase classname="LeadCreation.Leadcreation" name="Customercreation100" time="0.127"/>
  <system-out/>
  <testcase classname="LeadCreation.Leadcreation" name="Customercreation100" time="0.123"/>
  <system-out/>
  <testcase classname="LeadCreation.Leadcreation" name="Customercreation100" time="0.115"/>
  <system-out/>
  <testcase classname="LeadCreation.Leadcreation" name="Customercreation100" time="0.121"/>
  <system-out/>
  <testcase classname="LeadCreation.Leadcreation" name="Customercreation100" time="0.124"/>
  <system-out/>
  <testcase classname="LeadCreation.Leadcreation" name="Customercreation100" time="0.126"/>
  <system-out/>
  <testcase classname="LeadCreation.Leadcreation" name="Customercreation100" time="0.220"/>
  <system-out/>
  <testcase classname="LeadCreation.Leadcreation" name="Customercreation100" time="0.190"/>
  <system-out/>
  <testcase classname="LeadCreation.Leadcreation" name="Customercreation100" time="0.205"/>
  <system-out/>
  <testcase classname="LeadCreation.Leadcreation" name="Customercreation100" time="0.145"/>
  <system-out/>
  <testcase classname="LeadCreation.Leadcreation" name="Customercreation100" time="0.126"/>
  <system-out/>
  <testcase classname="LeadCreation.Leadcreation" name="Customercreation100" time="0.111"/>
  <system-out/>
  <testcase classname="LeadCreation.Leadcreation" name="Customercreation100" time="0.371"/>
  <system-out/>
  <testcase classname="LeadCreation.Leadcreation" name="Customercreation100" time="0.163"/>
  <system-out/>
  <testcase classname="LeadCreation.Leadcreation" name="Customercreation100" time="0.121"/>
  <system-out/>
  <testcase classname="LeadCreation.Leadcreation" name="Customercreation100" time="0.121"/>
  <system-out/>
  <testcase classname="LeadCreation.Leadcreation" name="Customercreation100" time="0.139"/>
  <system-out/>
  <testcase classname="LeadCreation.Leadcreation" name="Customercreation100" time="0.120"/>
  <system-out/>
  <testcase classname="LeadCreation.Leadcreation" name="Customercreation100" time="0.157"/>
  <system-out/>
  <testcase classname="LeadCreation.Leadcreation" name="Customercreation100" time="0.240"/>
  <system-out/>
  <testcase classname="LeadCreation.Leadcreation" name="Customercreation100" time="0.129"/>
  <system-out/>
  <testcase classname="LeadCreation.Leadcreation" name="Customercreation100" time="0.110"/>
  <system-out/>
  <testcase classname="LeadCreation.Leadcreation" name="Customercreation100" time="0.398"/>
  <system-out/>
  <testcase classname="LeadCreation.Leadcreation" name="Customercreation100" time="0.241"/>
  <system-out/>
  <testcase classname="LeadCreation.Leadcreation" name="Customercreation100" time="0.187"/>
  <system-out/>
  <testcase classname="LeadCreation.Leadcreation" name="Customercreation100" time="0.127"/>
  <system-out/>
  <testcase classname="LeadCreation.Leadcreation" name="Customercreation100" time="0.119"/>
  <system-out/>
  <testcase classname="LeadCreation.Leadcreation" name="Customercreation100" time="0.120"/>
  <system-out/>
  <testcase classname="LeadCreation.Leadcreation" name="Customercreation100" time="0.125"/>
  <system-out/>
  <testcase classname="LeadCreation.Leadcreation" name="Customercreation100" time="0.124"/>
  <system-out/>
  <testcase classname="LeadCreation.Leadcreation" name="Customercreation100" time="0.135"/>
  <system-out/>
  <testcase classname="LeadCreation.Leadcreation" name="Customercreation100" time="0.115"/>
  <system-out/>
  <testcase classname="LeadCreation.Leadcreation" name="Customercreation100" time="0.122"/>
  <system-out/>
  <testcase classname="LeadCreation.Leadcreation" name="Customercreation100" time="0.124"/>
  <system-out/>
  <testcase classname="LeadCreation.Leadcreation" name="Customercreation100" time="0.135"/>
  <system-out/>
  <testcase classname="LeadCreation.Leadcreation" name="Customercreation100" time="0.135"/>
  <system-out/>
  <testcase classname="LeadCreation.Leadcreation" name="Customercreation100" time="0.207"/>
  <system-out/>
  <testcase classname="LeadCreation.Leadcreation" name="Customercreation100" time="0.184"/>
  <system-out/>
  <testcase classname="LeadCreation.Leadcreation" name="Customercreation100" time="0.115"/>
  <system-out/>
  <testcase classname="LeadCreation.Leadcreation" name="Customercreation100" time="0.125"/>
  <system-out/>
  <testcase classname="LeadCreation.Leadcreation" name="Customercreation100" time="0.114"/>
  <system-out/>
  <testcase classname="LeadCreation.Leadcreation" name="Customercreation100" time="0.168"/>
  <system-out/>
  <testcase classname="LeadCreation.Leadcreation" name="Customercreation100" time="0.155"/>
  <system-out/>
  <testcase classname="LeadCreation.Leadcreation" name="Customercreation100" time="0.123"/>
  <system-out/>
  <testcase classname="LeadCreation.Leadcreation" name="Customercreation100" time="0.109"/>
  <system-out/>
  <testcase classname="LeadCreation.Leadcreation" name="Customercreation100" time="0.123"/>
  <system-out/>
  <testcase classname="LeadCreation.Leadcreation" name="Customercreation100" time="0.127"/>
  <system-out/>
  <testcase classname="LeadCreation.Leadcreation" name="Customercreation100" time="0.128"/>
  <system-out/>
  <testcase classname="LeadCreation.Leadcreation" name="Customercreation100" time="0.119"/>
  <system-out/>
  <testcase classname="LeadCreation.Leadcreation" name="Customercreation100" time="0.119"/>
  <system-out/>
  <testcase classname="LeadCreation.Leadcreation" name="Customercreation100" time="0.116"/>
  <system-out/>
  <testcase classname="LeadCreation.Leadcreation" name="Customercreation100" time="0.138"/>
  <system-out/>
  <testcase classname="LeadCreation.Leadcreation" name="Customercreation100" time="0.111"/>
  <system-out/>
  <testcase classname="LeadCreation.Leadcreation" name="Customercreation100" time="0.187"/>
  <system-out/>
  <testcase classname="LeadCreation.Leadcreation" name="Customercreation100" time="0.227"/>
  <system-out/>
  <testcase classname="LeadCreation.Leadcreation" name="Customercreation100" time="0.170"/>
  <system-out/>
  <testcase classname="LeadCreation.Leadcreation" name="Customercreation100" time="0.351"/>
  <system-out/>
  <testcase classname="LeadCreation.Leadcreation" name="Customercreation100" time="0.120"/>
  <system-out/>
  <testcase classname="LeadCreation.Leadcreation" name="Customercreation100" time="0.297"/>
  <system-out/>
  <testcase classname="LeadCreation.Leadcreation" name="Customercreation100" time="0.126"/>
  <system-out/>
  <testcase classname="LeadCreation.Leadcreation" name="Customercreation100" time="0.125"/>
  <system-out/>
  <testcase classname="LeadCreation.Leadcreation" name="Customercreation100" time="0.207"/>
  <system-out/>
  <testcase classname="LeadCreation.Leadcreation" name="Customercreation100" time="0.122"/>
  <system-out/>
  <testcase classname="LeadCreation.Leadcreation" name="Customercreation100" time="0.211"/>
  <system-out/>
  <testcase classname="LeadCreation.Leadcreation" name="Customercreation100" time="0.119"/>
  <system-out/>
  <testcase classname="LeadCreation.Leadcreation" name="Customercreation100" time="0.115"/>
  <system-out/>
  <testcase classname="LeadCreation.Leadcreation" name="Customercreation100" time="0.136"/>
  <system-out/>
  <testcase classname="LeadCreation.Leadcreation" name="Customercreation100" time="0.122"/>
  <system-out/>
  <testcase classname="LeadCreation.Leadcreation" name="Customercreation100" time="0.169"/>
  <system-out/>
  <testcase classname="LeadCreation.Leadcreation" name="Customercreation100" time="0.194"/>
  <system-out/>
  <testcase classname="LeadCreation.Leadcreation" name="Customercreation100" time="0.111"/>
  <system-out/>
  <testcase classname="LeadCreation.Leadcreation" name="Customercreation100" time="0.125"/>
  <system-out/>
  <testcase classname="LeadCreation.Leadcreation" name="Customercreation100" time="0.210"/>
  <system-out/>
  <testcase classname="LeadCreation.Leadcreation" name="Customercreation100" time="0.145"/>
  <system-out/>
  <testcase classname="LeadCreation.Leadcreation" name="Customercreation100" time="0.128"/>
  <system-out/>
  <testcase classname="LeadCreation.Leadcreation" name="Customercreation100" time="0.130"/>
  <system-out/>
  <testcase classname="LeadCreation.Leadcreation" name="Customercreation100" time="0.199"/>
  <system-out/>
  <testcase classname="LeadCreation.Leadcreation" name="Customercreation100" time="0.125"/>
  <system-out/>
  <testcase classname="LeadCreation.Leadcreation" name="Customercreation100" time="0.194"/>
  <system-out/>
  <testcase classname="LeadCreation.Leadcreation" name="Customercreation100" time="0.116"/>
  <system-out/>
  <testcase classname="LeadCreation.Leadcreation" name="Customercreation100" time="0.137"/>
  <system-out/>
  <testcase classname="LeadCreation.Leadcreation" name="Customercreation100" time="0.235"/>
  <system-out/>
  <testcase classname="LeadCreation.Leadcreation" name="Customercreation100" time="0.453"/>
  <system-out/>
  <testcase classname="LeadCreation.Leadcreation" name="Customercreation100" time="0.138"/>
  <system-out/>
  <testcase classname="LeadCreation.Leadcreation" name="Customercreation100" time="0.133"/>
  <system-out/>
  <testcase classname="LeadCreation.Leadcreation" name="Customercreation100" time="0.250"/>
  <system-out/>
  <testcase classname="LeadCreation.Leadcreation" name="Customercreation100" time="0.117"/>
  <system-out/>
  <testcase classname="LeadCreation.Leadcreation" name="Customercreation100" time="0.134"/>
  <system-out/>
  <testcase classname="LeadCreation.Leadcreation" name="Customercreation100" time="0.225"/>
  <system-out/>
  <testcase classname="LeadCreation.Leadcreation" name="Customercreation100" time="0.239"/>
  <system-out/>
  <testcase classname="LeadCreation.Leadcreation" name="Customercreation100" time="0.148"/>
  <system-out/>
  <testcase classname="LeadCreation.Leadcreation" name="Customercreation100" time="0.188"/>
  <system-out/>
  <testcase classname="LeadCreation.Leadcreation" name="Customercreation100" time="0.116"/>
  <system-out/>
  <testcase classname="LeadCreation.Leadcreation" name="Customercreation100" time="0.122"/>
  <system-out/>
  <testcase classname="LeadCreation.Leadcreation" name="Customercreation100" time="0.197"/>
  <system-out/>
  <testcase classname="LeadCreation.Leadcreation" name="Customercreation100" time="0.190"/>
  <system-out/>
  <testcase classname="LeadCreation.Leadcreation" name="Customercreation100" time="0.110"/>
  <system-out/>
  <testcase classname="LeadCreation.Leadcreation" name="Customercreation100" time="0.127"/>
  <system-out/>
  <testcase classname="LeadCreation.Leadcreation" name="Customercreation100" time="0.188"/>
  <system-out/>
  <testcase classname="LeadCreation.Leadcreation" name="Customercreation100" time="0.439"/>
  <system-out/>
  <testcase classname="LeadCreation.Leadcreation" name="Customercreation100" time="0.152"/>
  <system-out/>
  <testcase classname="LeadCreation.Leadcreation" name="Customercreation100" time="0.120"/>
  <system-out/>
  <testcase classname="LeadCreation.Leadcreation" name="Customercreation100" time="0.299"/>
  <system-out/>
  <testcase classname="LeadCreation.Leadcreation" name="Customercreation100" time="0.391"/>
  <system-out/>
  <testcase classname="LeadCreation.Leadcreation" name="Customercreation100" time="0.126"/>
  <system-out/>
  <testcase classname="LeadCreation.Leadcreation" name="Customercreation100" time="0.126"/>
  <system-out/>
  <testcase classname="LeadCreation.Leadcreation" name="Customercreation100" time="0.122"/>
  <system-out/>
  <testcase classname="LeadCreation.Leadcreation" name="Customercreation100" time="0.138"/>
  <system-out/>
  <testcase classname="LeadCreation.Leadcreation" name="Customercreation100" time="0.210"/>
  <system-out/>
  <testcase classname="LeadCreation.Leadcreation" name="Customercreation100" time="0.223"/>
  <system-out/>
  <testcase classname="LeadCreation.Leadcreation" name="Customercreation100" time="0.116"/>
  <system-out/>
  <testcase classname="LeadCreation.Leadcreation" name="Customercreation100" time="0.125"/>
  <system-out/>
  <testcase classname="LeadCreation.Leadcreation" name="Customercreation100" time="0.135"/>
  <system-out/>
  <testcase classname="LeadCreation.Leadcreation" name="Customercreation100" time="0.384"/>
  <system-out/>
  <testcase classname="LeadCreation.Leadcreation" name="Customercreation100" time="0.121"/>
  <system-out/>
  <testcase classname="LeadCreation.Leadcreation" name="Customercreation100" time="0.129"/>
  <system-out/>
  <testcase classname="LeadCreation.Leadcreation" name="Customercreation100" time="0.119"/>
  <system-out/>
  <testcase classname="LeadCreation.Leadcreation" name="Customercreation100" time="0.200"/>
  <system-out/>
  <testcase classname="LeadCreation.Leadcreation" name="Customercreation100" time="0.123"/>
  <system-out/>
  <testcase classname="LeadCreation.Leadcreation" name="Customercreation100" time="0.162"/>
  <system-out/>
  <testcase classname="LeadCreation.Leadcreation" name="Customercreation100" time="0.122"/>
  <system-out/>
  <testcase classname="LeadCreation.Leadcreation" name="Customercreation100" time="0.132"/>
  <system-out/>
  <testcase classname="LeadCreation.Leadcreation" name="Customercreation100" time="0.132"/>
  <system-out/>
  <testcase classname="LeadCreation.Leadcreation" name="Customercreation100" time="0.200"/>
  <system-out/>
  <testcase classname="LeadCreation.Leadcreation" name="Customercreation100" time="0.125"/>
  <system-out/>
  <testcase classname="LeadCreation.Leadcreation" name="Customercreation100" time="0.111"/>
  <system-out/>
  <testcase classname="LeadCreation.Leadcreation" name="Customercreation100" time="0.137"/>
  <system-out/>
  <testcase classname="LeadCreation.Leadcreation" name="Customercreation100" time="0.122"/>
  <system-out/>
  <testcase classname="LeadCreation.Leadcreation" name="Customercreation100" time="0.112"/>
  <system-out/>
  <testcase classname="LeadCreation.Leadcreation" name="Customercreation100" time="0.119"/>
  <system-out/>
  <testcase classname="LeadCreation.Leadcreation" name="Customercreation100" time="0.124"/>
  <system-out/>
  <testcase classname="LeadCreation.Leadcreation" name="Customercreation100" time="0.117"/>
  <system-out/>
  <testcase classname="LeadCreation.Leadcreation" name="Customercreation100" time="0.127"/>
  <system-out/>
  <testcase classname="LeadCreation.Leadcreation" name="Customercreation100" time="0.122"/>
  <system-out/>
  <testcase classname="LeadCreation.Leadcreation" name="Customercreation100" time="0.158"/>
  <system-out/>
  <testcase classname="LeadCreation.Leadcreation" name="Customercreation100" time="0.133"/>
  <system-out/>
  <testcase classname="LeadCreation.Leadcreation" name="Customercreation100" time="0.142"/>
  <system-out/>
  <testcase classname="LeadCreation.Leadcreation" name="Customercreation100" time="0.122"/>
  <system-out/>
  <testcase classname="LeadCreation.Leadcreation" name="Customercreation100" time="0.194"/>
  <system-out/>
  <testcase classname="LeadCreation.Leadcreation" name="Customercreation100" time="0.114"/>
  <system-out/>
  <testcase classname="LeadCreation.Leadcreation" name="Customercreation100" time="0.116"/>
  <system-out/>
  <testcase classname="LeadCreation.Leadcreation" name="Customercreation100" time="0.132"/>
  <system-out/>
  <testcase classname="LeadCreation.Leadcreation" name="Customercreation100" time="0.134"/>
  <system-out/>
  <testcase classname="LeadCreation.Leadcreation" name="Customercreation100" time="0.121"/>
  <system-out/>
  <testcase classname="LeadCreation.Leadcreation" name="Customercreation100" time="0.112"/>
  <system-out/>
  <testcase classname="LeadCreation.Leadcreation" name="Customercreation100" time="0.214"/>
  <system-out/>
  <testcase classname="LeadCreation.Leadcreation" name="Customercreation100" time="0.176"/>
  <system-out/>
  <testcase classname="LeadCreation.Leadcreation" name="Customercreation100" time="0.127"/>
  <system-out/>
  <testcase classname="LeadCreation.Leadcreation" name="Customercreation100" time="0.113"/>
  <system-out/>
  <testcase classname="LeadCreation.Leadcreation" name="Customercreation100" time="0.119"/>
  <system-out/>
  <testcase classname="LeadCreation.Leadcreation" name="Customercreation100" time="0.113"/>
  <system-out/>
  <testcase classname="LeadCreation.Leadcreation" name="Customercreation100" time="0.206"/>
  <system-out/>
  <testcase classname="LeadCreation.Leadcreation" name="Customercreation100" time="0.115"/>
  <system-out/>
  <testcase classname="LeadCreation.Leadcreation" name="Customercreation100" time="0.130"/>
  <system-out/>
  <testcase classname="LeadCreation.Leadcreation" name="Customercreation100" time="0.137"/>
  <system-out/>
  <testcase classname="LeadCreation.Leadcreation" name="Customercreation100" time="0.108"/>
  <system-out/>
  <testcase classname="LeadCreation.Leadcreation" name="Customercreation100" time="0.114"/>
  <system-out/>
  <testcase classname="LeadCreation.Leadcreation" name="Customercreation100" time="0.128"/>
  <system-out/>
  <testcase classname="LeadCreation.Leadcreation" name="Customercreation100" time="0.184"/>
  <system-out/>
  <testcase classname="LeadCreation.Leadcreation" name="Customercreation100" time="0.126"/>
  <system-out/>
  <testcase classname="LeadCreation.Leadcreation" name="Customercreation100" time="0.138"/>
  <system-out/>
  <testcase classname="LeadCreation.Leadcreation" name="Customercreation100" time="0.137"/>
  <system-out/>
  <testcase classname="LeadCreation.Leadcreation" name="Customercreation100" time="0.232"/>
  <system-out/>
  <testcase classname="LeadCreation.Leadcreation" name="Customercreation100" time="0.360"/>
  <system-out/>
  <testcase classname="LeadCreation.Leadcreation" name="Customercreation100" time="0.121"/>
  <system-out/>
  <testcase classname="LeadCreation.Leadcreation" name="Customercreation100" time="0.118"/>
  <system-out/>
  <testcase classname="LeadCreation.Leadcreation" name="Customercreation100" time="0.228"/>
  <system-out/>
  <testcase classname="LeadCreation.Leadcreation" name="Customercreation100" time="0.235"/>
  <system-out/>
  <testcase classname="LeadCreation.Leadcreation" name="Customercreation100" time="0.121"/>
  <system-out/>
  <testcase classname="LeadCreation.Leadcreation" name="Customercreation100" time="0.206"/>
  <system-out/>
  <testcase classname="LeadCreation.Leadcreation" name="Customercreation100" time="0.145"/>
  <system-out/>
  <testcase classname="LeadCreation.Leadcreation" name="Customercreation100" time="0.123"/>
  <system-out/>
  <testcase classname="LeadCreation.Leadcreation" name="Customercreation100" time="0.188"/>
  <system-out/>
  <testcase classname="LeadCreation.Leadcreation" name="Customercreation100" time="0.115"/>
  <system-out/>
  <testcase classname="LeadCreation.Leadcreation" name="Customercreation100" time="0.110"/>
  <system-out/>
  <testcase classname="LeadCreation.Leadcreation" name="Customercreation100" time="0.126"/>
  <system-out/>
  <testcase classname="LeadCreation.Leadcreation" name="Customercreation100" time="0.114"/>
  <system-out/>
  <testcase classname="LeadCreation.Leadcreation" name="Customercreation100" time="0.123"/>
  <system-out/>
  <testcase classname="LeadCreation.Leadcreation" name="Customercreation100" time="0.132"/>
  <system-out/>
  <testcase classname="LeadCreation.Leadcreation" name="Customercreation100" time="0.134"/>
  <system-out/>
  <testcase classname="LeadCreation.Leadcreation" name="Customercreation100" time="0.122"/>
  <system-out/>
  <testcase classname="LeadCreation.Leadcreation" name="Customercreation100" time="0.127"/>
  <system-out/>
  <testcase classname="LeadCreation.Leadcreation" name="Customercreation100" time="0.115"/>
  <system-out/>
  <testcase classname="LeadCreation.Leadcreation" name="Customercreation100" time="0.369"/>
  <system-out/>
  <testcase classname="LeadCreation.Leadcreation" name="Customercreation100" time="0.118"/>
  <system-out/>
  <testcase classname="LeadCreation.Leadcreation" name="Customercreation100" time="0.130"/>
  <system-out/>
  <testcase classname="LeadCreation.Leadcreation" name="Customercreation100" time="0.299"/>
  <system-out/>
  <testcase classname="LeadCreation.Leadcreation" name="Customercreation100" time="0.160"/>
  <system-out/>
  <testcase classname="LeadCreation.Leadcreation" name="Customercreation100" time="0.187"/>
  <system-out/>
  <testcase classname="LeadCreation.Leadcreation" name="Customercreation100" time="0.120"/>
  <system-out/>
  <testcase classname="LeadCreation.Leadcreation" name="Customercreation100" time="0.125"/>
  <system-out/>
  <testcase classname="LeadCreation.Leadcreation" name="Customercreation100" time="0.120"/>
  <system-out/>
  <testcase classname="LeadCreation.Leadcreation" name="Customercreation100" time="0.109"/>
  <system-out/>
  <testcase classname="LeadCreation.Leadcreation" name="Customercreation100" time="0.123"/>
  <system-out/>
  <testcase classname="LeadCreation.Leadcreation" name="Customercreation100" time="0.119"/>
  <system-out/>
  <testcase classname="LeadCreation.Leadcreation" name="Customercreation100" time="0.187"/>
  <system-out/>
  <testcase classname="LeadCreation.Leadcreation" name="Customercreation100" time="0.139"/>
  <system-out/>
  <testcase classname="LeadCreation.Leadcreation" name="Customercreation100" time="0.115"/>
  <system-out/>
  <testcase classname="LeadCreation.Leadcreation" name="Customercreation100" time="0.126"/>
  <system-out/>
  <testcase classname="LeadCreation.Leadcreation" name="Customercreation100" time="0.202"/>
  <system-out/>
  <testcase classname="LeadCreation.Leadcreation" name="Customercreation100" time="0.379"/>
  <system-out/>
  <testcase classname="LeadCreation.Leadcreation" name="Customercreation100" time="0.128"/>
  <system-out/>
  <testcase classname="LeadCreation.Leadcreation" name="Customercreation100" time="0.120"/>
  <system-out/>
  <testcase classname="LeadCreation.Leadcreation" name="Customercreation100" time="0.125"/>
  <system-out/>
  <testcase classname="LeadCreation.Leadcreation" name="Customercreation100" time="0.133"/>
  <system-out/>
  <testcase classname="LeadCreation.Leadcreation" name="Customercreation100" time="0.128"/>
  <system-out/>
  <testcase classname="LeadCreation.Leadcreation" name="Customercreation100" time="0.117"/>
  <system-out/>
  <testcase classname="LeadCreation.Leadcreation" name="Customercreation100" time="0.171"/>
  <system-out/>
  <testcase classname="LeadCreation.Leadcreation" name="Customercreation100" time="0.122"/>
  <system-out/>
  <testcase classname="LeadCreation.Leadcreation" name="Customercreation100" time="0.127"/>
  <system-out/>
  <testcase classname="LeadCreation.Leadcreation" name="Customercreation100" time="0.132"/>
  <system-out/>
  <testcase classname="LeadCreation.Leadcreation" name="Customercreation100" time="0.131"/>
  <system-out/>
  <testcase classname="LeadCreation.Leadcreation" name="Customercreation100" time="0.123"/>
  <system-out/>
  <testcase classname="LeadCreation.Leadcreation" name="Customercreation100" time="0.131"/>
  <system-out/>
  <testcase classname="LeadCreation.Leadcreation" name="Customercreation100" time="0.126"/>
  <system-out/>
  <testcase classname="LeadCreation.Leadcreation" name="Customercreation100" time="0.133"/>
  <system-out/>
  <testcase classname="LeadCreation.Leadcreation" name="Customercreation100" time="0.130"/>
  <system-out/>
  <testcase classname="LeadCreation.Leadcreation" name="Customercreation100" time="0.142"/>
  <system-out/>
  <testcase classname="LeadCreation.Leadcreation" name="Customercreation100" time="0.143"/>
  <system-out/>
  <testcase classname="LeadCreation.Leadcreation" name="Customercreation100" time="0.147"/>
  <system-out/>
  <testcase classname="LeadCreation.Leadcreation" name="Customercreation100" time="0.138"/>
  <system-out/>
  <testcase classname="LeadCreation.Leadcreation" name="Customercreation100" time="0.114"/>
  <system-out/>
  <testcase classname="LeadCreation.Leadcreation" name="Customercreation100" time="0.136"/>
  <system-out/>
  <testcase classname="LeadCreation.Leadcreation" name="Customercreation100" time="0.121"/>
  <system-out/>
  <testcase classname="LeadCreation.Leadcreation" name="Customercreation100" time="0.127"/>
  <system-out/>
  <testcase classname="LeadCreation.Leadcreation" name="Customercreation100" time="0.265"/>
  <system-out/>
  <testcase classname="LeadCreation.Leadcreation" name="Customercreation100" time="0.119"/>
  <system-out/>
  <testcase classname="LeadCreation.Leadcreation" name="Customercreation100" time="0.110"/>
  <system-out/>
  <testcase classname="LeadCreation.Leadcreation" name="Customercreation100" time="0.215"/>
  <system-out/>
  <testcase classname="LeadCreation.Leadcreation" name="Customercreation100" time="0.747"/>
  <system-out/>
  <testcase classname="LeadCreation.Leadcreation" name="Customercreation100" time="0.192"/>
  <system-out/>
  <testcase classname="LeadCreation.Leadcreation" name="Customercreation100" time="0.133"/>
  <system-out/>
  <testcase classname="LeadCreation.Leadcreation" name="Customercreation100" time="0.133"/>
  <system-out/>
  <testcase classname="LeadCreation.Leadcreation" name="Customercreation100" time="0.263"/>
  <system-out/>
  <testcase classname="LeadCreation.Leadcreation" name="Customercreation100" time="0.203"/>
  <system-out/>
  <testcase classname="LeadCreation.Leadcreation" name="Customercreation100" time="0.127"/>
  <system-out/>
  <testcase classname="LeadCreation.Leadcreation" name="Customercreation100" time="0.244"/>
  <system-out/>
  <testcase classname="LeadCreation.Leadcreation" name="Customercreation100" time="0.119"/>
  <system-out/>
  <testcase classname="LeadCreation.Leadcreation" name="Customercreation100" time="0.211"/>
  <system-out/>
  <testcase classname="LeadCreation.Leadcreation" name="Customercreation100" time="0.145"/>
  <system-out/>
  <testcase classname="LeadCreation.Leadcreation" name="Customercreation100" time="0.117"/>
  <system-out/>
  <testcase classname="LeadCreation.Leadcreation" name="Customercreation100" time="1.144"/>
  <system-out/>
  <testcase classname="LeadCreation.Leadcreation" name="Customercreation100" time="0.113"/>
  <system-out/>
  <testcase classname="LeadCreation.Leadcreation" name="Customercreation100" time="0.121"/>
  <system-out/>
  <testcase classname="LeadCreation.Leadcreation" name="Customercreation100" time="0.122"/>
  <system-out/>
  <testcase classname="LeadCreation.Leadcreation" name="Customercreation100" time="0.131"/>
  <system-out/>
  <testcase classname="LeadCreation.Leadcreation" name="Customercreation100" time="0.312"/>
  <system-out/>
  <testcase classname="LeadCreation.Leadcreation" name="Customercreation100" time="0.126"/>
  <system-out/>
  <testcase classname="LeadCreation.Leadcreation" name="Customercreation100" time="0.129"/>
  <system-out/>
  <testcase classname="LeadCreation.Leadcreation" name="Customercreation100" time="0.117"/>
  <system-out/>
  <testcase classname="LeadCreation.Leadcreation" name="Customercreation100" time="0.120"/>
  <system-out/>
  <testcase classname="LeadCreation.Leadcreation" name="Customercreation100" time="0.115"/>
  <system-out/>
  <testcase classname="LeadCreation.Leadcreation" name="Customercreation100" time="0.127"/>
  <system-out/>
  <testcase classname="LeadCreation.Leadcreation" name="Customercreation100" time="0.210"/>
  <system-out/>
  <testcase classname="LeadCreation.Leadcreation" name="Customercreation100" time="0.119"/>
  <system-out/>
  <testcase classname="LeadCreation.Leadcreation" name="Customercreation100" time="0.120"/>
  <system-out/>
  <testcase classname="LeadCreation.Leadcreation" name="Customercreation100" time="0.120"/>
  <system-out/>
  <testcase classname="LeadCreation.Leadcreation" name="Customercreation100" time="0.121"/>
  <system-out/>
  <testcase classname="LeadCreation.Leadcreation" name="Customercreation100" time="0.210"/>
  <system-out/>
  <testcase classname="LeadCreation.Leadcreation" name="Customercreation100" time="0.250"/>
  <system-out/>
  <testcase classname="LeadCreation.Leadcreation" name="Customercreation100" time="0.140"/>
  <system-out/>
  <testcase classname="LeadCreation.Leadcreation" name="Customercreation100" time="0.128"/>
  <system-out/>
  <testcase classname="LeadCreation.Leadcreation" name="Customercreation100" time="0.115"/>
  <system-out/>
  <testcase classname="LeadCreation.Leadcreation" name="Customercreation100" time="0.125"/>
  <system-out/>
  <testcase classname="LeadCreation.Leadcreation" name="Customercreation100" time="0.120"/>
  <system-out/>
  <testcase classname="LeadCreation.Leadcreation" name="Customercreation100" time="0.193"/>
  <system-out/>
  <testcase classname="LeadCreation.Leadcreation" name="Customercreation100" time="0.120"/>
  <system-out/>
  <testcase classname="LeadCreation.Leadcreation" name="Customercreation100" time="0.118"/>
  <system-out/>
  <testcase classname="LeadCreation.Leadcreation" name="Customercreation100" time="0.119"/>
  <system-out/>
  <testcase classname="LeadCreation.Leadcreation" name="Customercreation100" time="0.233"/>
  <system-out/>
  <testcase classname="LeadCreation.Leadcreation" name="Customercreation100" time="0.139"/>
  <system-out/>
  <testcase classname="LeadCreation.Leadcreation" name="Customercreation100" time="0.958"/>
  <system-out/>
  <testcase classname="LeadCreation.Leadcreation" name="Customercreation100" time="0.132"/>
  <system-out/>
  <testcase classname="LeadCreation.Leadcreation" name="Customercreation100" time="0.129"/>
  <system-out/>
  <testcase classname="LeadCreation.Leadcreation" name="Customercreation100" time="0.170"/>
  <system-out/>
  <testcase classname="LeadCreation.Leadcreation" name="Customercreation100" time="0.115"/>
  <system-out/>
  <testcase classname="LeadCreation.Leadcreation" name="Customercreation100" time="0.191"/>
  <system-out/>
  <testcase classname="LeadCreation.Leadcreation" name="Customercreation100" time="0.186"/>
  <system-out/>
  <testcase classname="LeadCreation.Leadcreation" name="Customercreation100" time="0.113"/>
  <system-out/>
  <testcase classname="LeadCreation.Leadcreation" name="Customercreation100" time="0.127"/>
  <system-out/>
  <testcase classname="LeadCreation.Leadcreation" name="Customercreation100" time="0.227"/>
  <system-out/>
  <testcase classname="LeadCreation.Leadcreation" name="Customercreation100" time="0.198"/>
  <system-out/>
  <testcase classname="LeadCreation.Leadcreation" name="Customercreation100" time="0.116"/>
  <system-out/>
  <testcase classname="LeadCreation.Leadcreation" name="Customercreation100" time="0.158"/>
  <system-out/>
  <testcase classname="LeadCreation.Leadcreation" name="Customercreation100" time="0.188"/>
  <system-out/>
  <testcase classname="LeadCreation.Leadcreation" name="Customercreation100" time="0.155"/>
  <system-out/>
  <testcase classname="LeadCreation.Leadcreation" name="Customercreation100" time="0.220"/>
  <system-out/>
  <testcase classname="LeadCreation.Leadcreation" name="Customercreation100" time="0.130"/>
  <system-out/>
  <testcase classname="LeadCreation.Leadcreation" name="Customercreation100" time="0.123"/>
  <system-out/>
  <testcase classname="LeadCreation.Leadcreation" name="Customercreation100" time="0.114"/>
  <system-out/>
  <testcase classname="LeadCreation.Leadcreation" name="Customercreation100" time="0.134"/>
  <system-out/>
  <testcase classname="LeadCreation.Leadcreation" name="Customercreation100" time="0.120"/>
  <system-out/>
  <testcase classname="LeadCreation.Leadcreation" name="Customercreation100" time="0.157"/>
  <system-out/>
  <testcase classname="LeadCreation.Leadcreation" name="Customercreation100" time="0.214"/>
  <system-out/>
  <testcase classname="LeadCreation.Leadcreation" name="Customercreation100" time="0.109"/>
  <system-out/>
  <testcase classname="LeadCreation.Leadcreation" name="Customercreation100" time="0.147"/>
  <system-out/>
  <testcase classname="LeadCreation.Leadcreation" name="Customercreation100" time="0.210"/>
  <system-out/>
  <testcase classname="LeadCreation.Leadcreation" name="Customercreation100" time="0.129"/>
  <system-out/>
  <testcase classname="LeadCreation.Leadcreation" name="Customercreation100" time="0.119"/>
  <system-out/>
  <testcase classname="LeadCreation.Leadcreation" name="Customercreation100" time="0.116"/>
  <system-out/>
  <testcase classname="LeadCreation.Leadcreation" name="Customercreation100" time="0.116"/>
  <system-out/>
  <testcase classname="LeadCreation.Leadcreation" name="Customercreation100" time="0.146"/>
  <system-out/>
  <testcase classname="LeadCreation.Leadcreation" name="Customercreation100" time="0.129"/>
  <system-out/>
  <testcase classname="LeadCreation.Leadcreation" name="Customercreation100" time="0.200"/>
  <system-out/>
  <testcase classname="LeadCreation.Leadcreation" name="Customercreation100" time="0.114"/>
  <system-out/>
  <testcase classname="LeadCreation.Leadcreation" name="Customercreation100" time="0.124"/>
  <system-out/>
  <testcase classname="LeadCreation.Leadcreation" name="Customercreation100" time="0.117"/>
  <system-out/>
  <testcase classname="LeadCreation.Leadcreation" name="Customercreation100" time="0.116"/>
  <system-out/>
  <testcase classname="LeadCreation.Leadcreation" name="Customercreation100" time="0.127"/>
  <system-out/>
  <testcase classname="LeadCreation.Leadcreation" name="Customercreation100" time="0.195"/>
  <system-out/>
  <testcase classname="LeadCreation.Leadcreation" name="Customercreation100" time="0.209"/>
  <system-out/>
  <testcase classname="LeadCreation.Leadcreation" name="Customercreation100" time="0.138"/>
  <system-out/>
  <testcase classname="LeadCreation.Leadcreation" name="Customercreation100" time="0.133"/>
  <system-out/>
  <testcase classname="LeadCreation.Leadcreation" name="Customercreation100" time="1.187"/>
  <system-out/>
  <testcase classname="LeadCreation.Leadcreation" name="Customercreation100" time="0.121"/>
  <system-out/>
  <testcase classname="LeadCreation.Leadcreation" name="Customercreation100" time="0.155"/>
  <system-out/>
  <testcase classname="LeadCreation.Leadcreation" name="Customercreation100" time="0.214"/>
  <system-out/>
  <testcase classname="LeadCreation.Leadcreation" name="Customercreation100" time="0.124"/>
  <system-out/>
  <testcase classname="LeadCreation.Leadcreation" name="Customercreation100" time="0.132"/>
  <system-out/>
  <testcase classname="LeadCreation.Leadcreation" name="Customercreation100" time="0.129"/>
  <system-out/>
  <testcase classname="LeadCreation.Leadcreation" name="Customercreation100" time="0.126"/>
  <system-out/>
  <testcase classname="LeadCreation.Leadcreation" name="Customercreation100" time="0.114"/>
  <system-out/>
  <testcase classname="LeadCreation.Leadcreation" name="Customercreation100" time="0.122"/>
  <system-out/>
  <testcase classname="LeadCreation.Leadcreation" name="Customercreation100" time="1.068"/>
  <system-out/>
  <testcase classname="LeadCreation.Leadcreation" name="Customercreation100" time="0.124"/>
  <system-out/>
  <testcase classname="LeadCreation.Leadcreation" name="Customercreation100" time="0.118"/>
  <system-out/>
  <testcase classname="LeadCreation.Leadcreation" name="Customercreation100" time="0.220"/>
  <system-out/>
  <testcase classname="LeadCreation.Leadcreation" name="Customercreation100" time="0.228"/>
  <system-out/>
  <testcase classname="LeadCreation.Leadcreation" name="Customercreation100" time="0.147"/>
  <system-out/>
  <testcase classname="LeadCreation.Leadcreation" name="Customercreation100" time="0.133"/>
  <system-out/>
  <testcase classname="LeadCreation.Leadcreation" name="Customercreation100" time="0.128"/>
  <system-out/>
  <testcase classname="LeadCreation.Leadcreation" name="Customercreation100" time="0.124"/>
  <system-out/>
  <testcase classname="LeadCreation.Leadcreation" name="Customercreation100" time="0.203"/>
  <system-out/>
  <testcase classname="LeadCreation.Leadcreation" name="Customercreation100" time="0.126"/>
  <system-out/>
  <testcase classname="LeadCreation.Leadcreation" name="Customercreation100" time="0.143"/>
  <system-out/>
  <testcase classname="LeadCreation.Leadcreation" name="Customercreation100" time="0.126"/>
  <system-out/>
  <testcase classname="LeadCreation.Leadcreation" name="Customercreation100" time="0.134"/>
  <system-out/>
  <testcase classname="LeadCreation.Leadcreation" name="Customercreation100" time="0.121"/>
  <system-out/>
  <testcase classname="LeadCreation.Leadcreation" name="Customercreation100" time="0.128"/>
  <system-out/>
  <testcase classname="LeadCreation.Leadcreation" name="Customercreation100" time="0.217"/>
  <system-out/>
  <testcase classname="LeadCreation.Leadcreation" name="Customercreation100" time="0.116"/>
  <system-out/>
  <testcase classname="LeadCreation.Leadcreation" name="Customercreation100" time="0.115"/>
  <system-out/>
  <testcase classname="LeadCreation.Leadcreation" name="Customercreation100" time="0.123"/>
  <system-out/>
  <testcase classname="LeadCreation.Leadcreation" name="Customercreation100" time="0.130"/>
  <system-out/>
  <testcase classname="LeadCreation.Leadcreation" name="Customercreation100" time="0.114"/>
  <system-out/>
  <testcase classname="LeadCreation.Leadcreation" name="Customercreation100" time="0.661"/>
  <system-out/>
  <testcase classname="LeadCreation.Leadcreation" name="Customercreation100" time="0.137"/>
  <system-out/>
  <testcase classname="LeadCreation.Leadcreation" name="Customercreation100" time="0.134"/>
  <system-out/>
  <testcase classname="LeadCreation.Leadcreation" name="Customercreation100" time="0.124"/>
  <system-out/>
  <testcase classname="LeadCreation.Leadcreation" name="Customercreation100" time="0.114"/>
  <system-out/>
  <testcase classname="LeadCreation.Leadcreation" name="Customercreation100" time="0.211"/>
  <system-out/>
  <testcase classname="LeadCreation.Leadcreation" name="Customercreation100" time="0.154"/>
  <system-out/>
  <testcase classname="LeadCreation.Leadcreation" name="Customercreation100" time="0.121"/>
  <system-out/>
  <testcase classname="LeadCreation.Leadcreation" name="Customercreation100" time="0.128"/>
  <system-out/>
  <testcase classname="LeadCreation.Leadcreation" name="Customercreation100" time="0.111"/>
  <system-out/>
  <testcase classname="LeadCreation.Leadcreation" name="Customercreation100" time="0.129"/>
  <system-out/>
  <testcase classname="LeadCreation.Leadcreation" name="Customercreation100" time="0.173"/>
  <system-out/>
  <testcase classname="LeadCreation.Leadcreation" name="Customercreation100" time="0.265"/>
  <system-out/>
  <testcase classname="LeadCreation.Leadcreation" name="Customercreation100" time="0.228"/>
  <system-out/>
  <testcase classname="LeadCreation.Leadcreation" name="Customercreation100" time="0.134"/>
  <system-out/>
  <testcase classname="LeadCreation.Leadcreation" name="Customercreation100" time="0.118"/>
  <system-out/>
  <testcase classname="LeadCreation.Leadcreation" name="Customercreation100" time="0.189"/>
  <system-out/>
  <testcase classname="LeadCreation.Leadcreation" name="Customercreation100" time="0.129"/>
  <system-out/>
  <testcase classname="LeadCreation.Leadcreation" name="Customercreation100" time="0.272"/>
  <system-out/>
  <testcase classname="LeadCreation.Leadcreation" name="Customercreation100" time="0.114"/>
  <system-out/>
  <testcase classname="LeadCreation.Leadcreation" name="Customercreation100" time="0.212"/>
  <system-out/>
  <testcase classname="LeadCreation.Leadcreation" name="Customercreation100" time="0.141"/>
  <system-out/>
  <testcase classname="LeadCreation.Leadcreation" name="Customercreation100" time="0.125"/>
  <system-out/>
  <testcase classname="LeadCreation.Leadcreation" name="Customercreation100" time="0.116"/>
  <system-out/>
  <testcase classname="LeadCreation.Leadcreation" name="Customercreation100" time="0.118"/>
  <system-out/>
  <testcase classname="LeadCreation.Leadcreation" name="Customercreation100" time="0.118"/>
  <system-out/>
  <testcase classname="LeadCreation.Leadcreation" name="Customercreation100" time="0.126"/>
  <system-out/>
  <testcase classname="LeadCreation.Leadcreation" name="Customercreation100" time="0.128"/>
  <system-out/>
  <testcase classname="LeadCreation.Leadcreation" name="Customercreation100" time="0.111"/>
  <system-out/>
  <testcase classname="LeadCreation.Leadcreation" name="Customercreation100" time="0.136"/>
  <system-out/>
  <testcase classname="LeadCreation.Leadcreation" name="Customercreation100" time="0.129"/>
  <system-out/>
  <testcase classname="LeadCreation.Leadcreation" name="Customercreation100" time="0.124"/>
  <system-out/>
  <testcase classname="LeadCreation.Leadcreation" name="Customercreation100" time="0.252"/>
  <system-out/>
  <testcase classname="LeadCreation.Leadcreation" name="Customercreation100" time="0.206"/>
  <system-out/>
  <testcase classname="LeadCreation.Leadcreation" name="Customercreation100" time="0.122"/>
  <system-out/>
  <testcase classname="LeadCreation.Leadcreation" name="Customercreation100" time="0.137"/>
  <system-out/>
  <testcase classname="LeadCreation.Leadcreation" name="Customercreation100" time="0.122"/>
  <system-out/>
  <testcase classname="LeadCreation.Leadcreation" name="Customercreation100" time="0.121"/>
  <system-out/>
  <testcase classname="LeadCreation.Leadcreation" name="Customercreation100" time="0.234"/>
  <system-out/>
  <testcase classname="LeadCreation.Leadcreation" name="Customercreation100" time="0.142"/>
  <system-out/>
  <testcase classname="LeadCreation.Leadcreation" name="Customercreation100" time="0.156"/>
  <system-out/>
  <testcase classname="LeadCreation.Leadcreation" name="Customercreation100" time="0.130"/>
  <system-out/>
  <testcase classname="LeadCreation.Leadcreation" name="Customercreation100" time="0.117"/>
  <system-out/>
  <testcase classname="LeadCreation.Leadcreation" name="Customercreation100" time="0.120"/>
  <system-out/>
  <testcase classname="LeadCreation.Leadcreation" name="Customercreation100" time="0.126"/>
  <system-out/>
  <testcase classname="LeadCreation.Leadcreation" name="Customercreation100" time="0.167"/>
  <system-out/>
  <testcase classname="LeadCreation.Leadcreation" name="Customercreation100" time="0.193"/>
  <system-out/>
  <testcase classname="LeadCreation.Leadcreation" name="Customercreation100" time="0.138"/>
  <system-out/>
  <testcase classname="LeadCreation.Leadcreation" name="Customercreation100" time="0.130"/>
  <system-out/>
  <testcase classname="LeadCreation.Leadcreation" name="Customercreation100" time="0.176"/>
  <system-out/>
  <testcase classname="LeadCreation.Leadcreation" name="Customercreation100" time="0.126"/>
  <system-out/>
  <testcase classname="LeadCreation.Leadcreation" name="Customercreation100" time="0.111"/>
  <system-out/>
  <testcase classname="LeadCreation.Leadcreation" name="Customercreation100" time="0.134"/>
  <system-out/>
  <testcase classname="LeadCreation.Leadcreation" name="Customercreation100" time="0.137"/>
  <system-out/>
  <testcase classname="LeadCreation.Leadcreation" name="Customercreation100" time="0.110"/>
  <system-out/>
  <testcase classname="LeadCreation.Leadcreation" name="Customercreation100" time="0.322"/>
  <system-out/>
  <testcase classname="LeadCreation.Leadcreation" name="Customercreation100" time="0.121"/>
  <system-out/>
  <testcase classname="LeadCreation.Leadcreation" name="Customercreation100" time="0.113"/>
  <system-out/>
  <testcase classname="LeadCreation.Leadcreation" name="Customercreation100" time="0.120"/>
  <system-out/>
  <testcase classname="LeadCreation.Leadcreation" name="Customercreation100" time="0.125"/>
  <system-out/>
  <testcase classname="LeadCreation.Leadcreation" name="Customercreation100" time="0.130"/>
  <system-out/>
  <testcase classname="LeadCreation.Leadcreation" name="Customercreation100" time="0.185"/>
  <system-out/>
  <testcase classname="LeadCreation.Leadcreation" name="Customercreation100" time="0.132"/>
  <system-out/>
  <testcase classname="LeadCreation.Leadcreation" name="Customercreation100" time="0.132"/>
  <system-out/>
  <testcase classname="LeadCreation.Leadcreation" name="Customercreation100" time="0.114"/>
  <system-out/>
  <testcase classname="LeadCreation.Leadcreation" name="Customercreation100" time="0.111"/>
  <system-out/>
  <testcase classname="LeadCreation.Leadcreation" name="Customercreation100" time="0.132"/>
  <system-out/>
  <testcase classname="LeadCreation.Leadcreation" name="Customercreation100" time="0.120"/>
  <system-out/>
  <testcase classname="LeadCreation.Leadcreation" name="Customercreation100" time="0.208"/>
  <system-out/>
  <testcase classname="LeadCreation.Leadcreation" name="Customercreation100" time="0.127"/>
  <system-out/>
  <testcase classname="LeadCreation.Leadcreation" name="Customercreation100" time="0.120"/>
  <system-out/>
  <testcase classname="LeadCreation.Leadcreation" name="Customercreation100" time="0.124"/>
  <system-out/>
  <testcase classname="LeadCreation.Leadcreation" name="Customercreation100" time="0.133"/>
  <system-out/>
  <testcase classname="LeadCreation.Leadcreation" name="Customercreation100" time="0.113"/>
  <system-out/>
  <testcase classname="LeadCreation.Leadcreation" name="Customercreation100" time="0.131"/>
  <system-out/>
  <testcase classname="LeadCreation.Leadcreation" name="Customercreation100" time="0.204"/>
  <system-out/>
  <testcase classname="LeadCreation.Leadcreation" name="Customercreation100" time="0.114"/>
  <system-out/>
  <testcase classname="LeadCreation.Leadcreation" name="Customercreation100" time="0.143"/>
  <system-out/>
  <testcase classname="LeadCreation.Leadcreation" name="Customercreation100" time="0.317"/>
  <system-out/>
  <testcase classname="LeadCreation.Leadcreation" name="Customercreation100" time="0.113"/>
  <system-out/>
  <testcase classname="LeadCreation.Leadcreation" name="Customercreation100" time="0.125"/>
  <system-out/>
  <testcase classname="LeadCreation.Leadcreation" name="Customercreation100" time="0.121"/>
  <system-out/>
  <testcase classname="LeadCreation.Leadcreation" name="Customercreation100" time="0.141"/>
  <system-out/>
  <testcase classname="LeadCreation.Leadcreation" name="Customercreation100" time="0.114"/>
  <system-out/>
  <testcase classname="LeadCreation.Leadcreation" name="Customercreation100" time="0.220"/>
  <system-out/>
  <testcase classname="LeadCreation.Leadcreation" name="Customercreation100" time="0.120"/>
  <system-out/>
  <testcase classname="LeadCreation.Leadcreation" name="Customercreation100" time="0.205"/>
  <system-out/>
  <testcase classname="LeadCreation.Leadcreation" name="Customercreation100" time="0.129"/>
  <system-out/>
  <testcase classname="LeadCreation.Leadcreation" name="Customercreation100" time="0.309"/>
  <system-out/>
  <testcase classname="LeadCreation.Leadcreation" name="Customercreation100" time="0.131"/>
  <system-out/>
  <testcase classname="LeadCreation.Leadcreation" name="Customercreation100" time="2.090"/>
  <system-out/>
  <testcase classname="LeadCreation.Leadcreation" name="Customercreation100" time="0.198"/>
  <system-out/>
  <testcase classname="LeadCreation.Leadcreation" name="Customercreation100" time="0.121"/>
  <system-out/>
  <testcase classname="LeadCreation.Leadcreation" name="Customercreation100" time="0.116"/>
  <system-out/>
  <testcase classname="LeadCreation.Leadcreation" name="Customercreation100" time="0.117"/>
  <system-out/>
  <testcase classname="LeadCreation.Leadcreation" name="Customercreation100" time="0.122"/>
  <system-out/>
  <testcase classname="LeadCreation.Leadcreation" name="Customercreation100" time="0.118"/>
  <system-out/>
  <testcase classname="LeadCreation.Leadcreation" name="Customercreation100" time="0.568"/>
  <system-out/>
  <testcase classname="LeadCreation.Leadcreation" name="Customercreation100" time="0.167"/>
  <system-out/>
  <testcase classname="LeadCreation.Leadcreation" name="Customercreation100" time="0.286"/>
  <system-out/>
  <testcase classname="LeadCreation.Leadcreation" name="Customercreation100" time="0.119"/>
  <system-out/>
  <testcase classname="LeadCreation.Leadcreation" name="Customercreation100" time="0.119"/>
  <system-out/>
  <testcase classname="LeadCreation.Leadcreation" name="Customercreation100" time="0.134"/>
  <system-out/>
  <testcase classname="LeadCreation.Leadcreation" name="Customercreation100" time="0.234"/>
  <system-out/>
  <testcase classname="LeadCreation.Leadcreation" name="Customercreation100" time="0.117"/>
  <system-out/>
  <testcase classname="LeadCreation.Leadcreation" name="Customercreation100" time="0.195"/>
  <system-out/>
  <testcase classname="LeadCreation.Leadcreation" name="Customercreation100" time="0.139"/>
  <system-out/>
  <testcase classname="LeadCreation.Leadcreation" name="Customercreation100" time="0.574"/>
  <system-out/>
  <testcase classname="LeadCreation.Leadcreation" name="Customercreation100" time="0.128"/>
  <system-out/>
  <testcase classname="LeadCreation.Leadcreation" name="Customercreation100" time="0.322"/>
  <system-out/>
  <testcase classname="LeadCreation.Leadcreation" name="Customercreation100" time="0.270"/>
  <system-out/>
  <testcase classname="LeadCreation.Leadcreation" name="Customercreation100" time="0.123"/>
  <system-out/>
  <testcase classname="LeadCreation.Leadcreation" name="Customercreation100" time="0.180"/>
  <system-out/>
  <testcase classname="LeadCreation.Leadcreation" name="Customercreation100" time="0.110"/>
  <system-out/>
  <testcase classname="LeadCreation.Leadcreation" name="Customercreation100" time="0.115"/>
  <system-out/>
  <testcase classname="LeadCreation.Leadcreation" name="Customercreation100" time="0.126"/>
  <system-out/>
  <testcase classname="LeadCreation.Leadcreation" name="Customercreation100" time="0.229"/>
  <system-out/>
  <testcase classname="LeadCreation.Leadcreation" name="Customercreation100" time="0.140"/>
  <system-out/>
  <testcase classname="LeadCreation.Leadcreation" name="Customercreation100" time="0.123"/>
  <system-out/>
  <testcase classname="LeadCreation.Leadcreation" name="Customercreation100" time="0.133"/>
  <system-out/>
  <testcase classname="LeadCreation.Leadcreation" name="Customercreation100" time="0.111"/>
  <system-out/>
  <testcase classname="LeadCreation.Leadcreation" name="Customercreation100" time="0.116"/>
  <system-out/>
  <testcase classname="LeadCreation.Leadcreation" name="Customercreation100" time="0.151"/>
  <system-out/>
  <testcase classname="LeadCreation.Leadcreation" name="Customercreation100" time="0.136"/>
  <system-out/>
  <testcase classname="LeadCreation.Leadcreation" name="Customercreation100" time="0.140"/>
  <system-out/>
  <testcase classname="LeadCreation.Leadcreation" name="Customercreation100" time="0.121"/>
  <system-out/>
  <testcase classname="LeadCreation.Leadcreation" name="Customercreation100" time="0.119"/>
  <system-out/>
  <testcase classname="LeadCreation.Leadcreation" name="Customercreation100" time="0.131"/>
  <system-out/>
  <testcase classname="LeadCreation.Leadcreation" name="Customercreation100" time="0.118"/>
  <system-out/>
  <testcase classname="LeadCreation.Leadcreation" name="Customercreation100" time="2.045"/>
  <system-out/>
  <testcase classname="LeadCreation.Leadcreation" name="Customercreation100" time="0.122"/>
  <system-out/>
  <testcase classname="LeadCreation.Leadcreation" name="Customercreation100" time="0.113"/>
  <system-out/>
  <testcase classname="LeadCreation.Leadcreation" name="Customercreation100" time="0.132"/>
  <system-out/>
  <testcase classname="LeadCreation.Leadcreation" name="Customercreation100" time="0.118"/>
  <system-out/>
  <testcase classname="LeadCreation.Leadcreation" name="Customercreation100" time="0.112"/>
  <system-out/>
  <testcase classname="LeadCreation.Leadcreation" name="Customercreation100" time="0.196"/>
  <system-out/>
  <testcase classname="LeadCreation.Leadcreation" name="Customercreation100" time="0.120"/>
  <system-out/>
  <testcase classname="LeadCreation.Leadcreation" name="Customercreation100" time="0.119"/>
  <system-out/>
  <testcase classname="LeadCreation.Leadcreation" name="Customercreation100" time="0.119"/>
  <system-out/>
  <testcase classname="LeadCreation.Leadcreation" name="Customercreation100" time="0.127"/>
  <system-out/>
  <testcase classname="LeadCreation.Leadcreation" name="Customercreation100" time="0.125"/>
  <system-out/>
  <testcase classname="LeadCreation.Leadcreation" name="Customercreation100" time="0.126"/>
  <system-out/>
  <testcase classname="LeadCreation.Leadcreation" name="Customercreation100" time="0.123"/>
  <system-out/>
  <testcase classname="LeadCreation.Leadcreation" name="Customercreation100" time="0.116"/>
  <system-out/>
  <testcase classname="LeadCreation.Leadcreation" name="Customercreation100" time="0.117"/>
  <system-out/>
  <testcase classname="LeadCreation.Leadcreation" name="Customercreation100" time="0.200"/>
  <system-out/>
  <testcase classname="LeadCreation.Leadcreation" name="Customercreation100" time="0.175"/>
  <system-out/>
  <testcase classname="LeadCreation.Leadcreation" name="Customercreation100" time="0.309"/>
  <system-out/>
  <testcase classname="LeadCreation.Leadcreation" name="Customercreation100" time="0.126"/>
  <system-out/>
  <testcase classname="LeadCreation.Leadcreation" name="Customercreation100" time="0.378"/>
  <system-out/>
  <testcase classname="LeadCreation.Leadcreation" name="Customercreation100" time="0.128"/>
  <system-out/>
  <testcase classname="LeadCreation.Leadcreation" name="Customercreation100" time="0.120"/>
  <system-out/>
  <testcase classname="LeadCreation.Leadcreation" name="Customercreation100" time="0.148"/>
  <system-out/>
  <testcase classname="LeadCreation.Leadcreation" name="Customercreation100" time="0.241"/>
  <system-out/>
  <testcase classname="LeadCreation.Leadcreation" name="Customercreation100" time="0.131"/>
  <system-out/>
  <testcase classname="LeadCreation.Leadcreation" name="Customercreation100" time="0.238"/>
  <system-out/>
  <testcase classname="LeadCreation.Leadcreation" name="Customercreation100" time="0.112"/>
  <system-out/>
  <testcase classname="LeadCreation.Leadcreation" name="Customercreation100" time="0.159"/>
  <system-out/>
  <testcase classname="LeadCreation.Leadcreation" name="Customercreation100" time="0.116"/>
  <system-out/>
  <testcase classname="LeadCreation.Leadcreation" name="Customercreation100" time="0.128"/>
  <system-out/>
  <testcase classname="LeadCreation.Leadcreation" name="Customercreation100" time="0.251"/>
  <system-out/>
  <testcase classname="LeadCreation.Leadcreation" name="Customercreation100" time="0.126"/>
  <system-out/>
  <testcase classname="LeadCreation.Leadcreation" name="Customercreation100" time="0.111"/>
  <system-out/>
  <testcase classname="LeadCreation.Leadcreation" name="Customercreation100" time="0.117"/>
  <system-out/>
  <testcase classname="LeadCreation.Leadcreation" name="Customercreation100" time="0.113"/>
  <system-out/>
  <testcase classname="LeadCreation.Leadcreation" name="Customercreation100" time="0.114"/>
  <system-out/>
  <testcase classname="LeadCreation.Leadcreation" name="Customercreation100" time="0.121"/>
  <system-out/>
  <testcase classname="LeadCreation.Leadcreation" name="Customercreation100" time="0.337"/>
  <system-out/>
  <testcase classname="LeadCreation.Leadcreation" name="Customercreation100" time="0.398"/>
  <system-out/>
  <testcase classname="LeadCreation.Leadcreation" name="Customercreation100" time="0.198"/>
  <system-out/>
  <testcase classname="LeadCreation.Leadcreation" name="Customercreation100" time="0.146"/>
  <system-out/>
  <testcase classname="LeadCreation.Leadcreation" name="Customercreation100" time="0.112"/>
  <system-out/>
  <testcase classname="LeadCreation.Leadcreation" name="Customercreation100" time="0.135"/>
  <system-out/>
  <testcase classname="LeadCreation.Leadcreation" name="Customercreation100" time="0.124"/>
  <system-out/>
  <testcase classname="LeadCreation.Leadcreation" name="Customercreation100" time="0.110"/>
  <system-out/>
  <testcase classname="LeadCreation.Leadcreation" name="Customercreation100" time="0.145"/>
  <system-out/>
  <testcase classname="LeadCreation.Leadcreation" name="Customercreation100" time="0.197"/>
  <system-out/>
  <testcase classname="LeadCreation.Leadcreation" name="Customercreation100" time="0.377"/>
  <system-out/>
  <testcase classname="LeadCreation.Leadcreation" name="Customercreation100" time="0.140"/>
  <system-out/>
  <testcase classname="LeadCreation.Leadcreation" name="Customercreation100" time="0.118"/>
  <system-out/>
  <testcase classname="LeadCreation.Leadcreation" name="Customercreation100" time="1.201"/>
  <system-out/>
  <testcase classname="LeadCreation.Leadcreation" name="Customercreation100" time="0.137"/>
  <system-out/>
  <testcase classname="LeadCreation.Leadcreation" name="Customercreation100" time="0.126"/>
  <system-out/>
  <testcase classname="LeadCreation.Leadcreation" name="Customercreation100" time="0.223"/>
  <system-out/>
  <testcase classname="LeadCreation.Leadcreation" name="Customercreation100" time="0.110"/>
  <system-out/>
  <testcase classname="LeadCreation.Leadcreation" name="Customercreation100" time="0.242"/>
  <system-out/>
  <testcase classname="LeadCreation.Leadcreation" name="Customercreation100" time="0.112"/>
  <system-out/>
  <testcase classname="LeadCreation.Leadcreation" name="Customercreation100" time="0.111"/>
  <system-out/>
  <testcase classname="LeadCreation.Leadcreation" name="Customercreation100" time="0.126"/>
  <system-out/>
  <testcase classname="LeadCreation.Leadcreation" name="Customercreation100" time="0.126"/>
  <system-out/>
  <testcase classname="LeadCreation.Leadcreation" name="Customercreation100" time="0.127"/>
  <system-out/>
  <testcase classname="LeadCreation.Leadcreation" name="Customercreation100" time="0.118"/>
  <system-out/>
  <testcase classname="LeadCreation.Leadcreation" name="Customercreation100" time="0.300"/>
  <system-out/>
  <testcase classname="LeadCreation.Leadcreation" name="Customercreation100" time="0.123"/>
  <system-out/>
  <testcase classname="LeadCreation.Leadcreation" name="Customercreation100" time="0.108"/>
  <system-out/>
  <testcase classname="LeadCreation.Leadcreation" name="Customercreation100" time="0.123"/>
  <system-out/>
  <testcase classname="LeadCreation.Leadcreation" name="Customercreation100" time="0.135"/>
  <system-out/>
  <testcase classname="LeadCreation.Leadcreation" name="Customercreation100" time="0.128"/>
  <system-out/>
  <testcase classname="LeadCreation.Leadcreation" name="Customercreation100" time="0.190"/>
  <system-out/>
  <testcase classname="LeadCreation.Leadcreation" name="Customercreation100" time="0.114"/>
  <system-out/>
  <testcase classname="LeadCreation.Leadcreation" name="Customercreation100" time="0.132"/>
  <system-out/>
  <testcase classname="LeadCreation.Leadcreation" name="Customercreation100" time="0.128"/>
  <system-out/>
  <testcase classname="LeadCreation.Leadcreation" name="Customercreation100" time="0.224"/>
  <system-out/>
  <testcase classname="LeadCreation.Leadcreation" name="Customercreation100" time="0.119"/>
  <system-out/>
  <testcase classname="LeadCreation.Leadcreation" name="Customercreation100" time="0.292"/>
  <system-out/>
  <testcase classname="LeadCreation.Leadcreation" name="Customercreation100" time="0.219"/>
  <system-out/>
  <testcase classname="LeadCreation.Leadcreation" name="Customercreation100" time="0.126"/>
  <system-out/>
  <testcase classname="LeadCreation.Leadcreation" name="Customercreation100" time="0.126"/>
  <system-out/>
  <testcase classname="LeadCreation.Leadcreation" name="Customercreation100" time="0.117"/>
  <system-out/>
  <testcase classname="LeadCreation.Leadcreation" name="Customercreation100" time="0.119"/>
  <system-out/>
  <testcase classname="LeadCreation.Leadcreation" name="Customercreation100" time="0.165"/>
  <system-out/>
  <testcase classname="LeadCreation.Leadcreation" name="Customercreation100" time="0.124"/>
  <system-out/>
  <testcase classname="LeadCreation.Leadcreation" name="Customercreation100" time="0.124"/>
  <system-out/>
  <testcase classname="LeadCreation.Leadcreation" name="Customercreation100" time="1.506"/>
  <system-out/>
  <testcase classname="LeadCreation.Leadcreation" name="Customercreation100" time="0.412"/>
  <system-out/>
  <testcase classname="LeadCreation.Leadcreation" name="Customercreation100" time="0.122"/>
  <system-out/>
  <testcase classname="LeadCreation.Leadcreation" name="Customercreation100" time="0.125"/>
  <system-out/>
  <testcase classname="LeadCreation.Leadcreation" name="Customercreation100" time="1.122"/>
  <system-out/>
  <testcase classname="LeadCreation.Leadcreation" name="Customercreation100" time="0.115"/>
  <system-out/>
  <testcase classname="LeadCreation.Leadcreation" name="Customercreation100" time="0.118"/>
  <system-out/>
  <testcase classname="LeadCreation.Leadcreation" name="Customercreation100" time="0.252"/>
  <system-out/>
  <testcase classname="LeadCreation.Leadcreation" name="Customercreation100" time="0.111"/>
  <system-out/>
  <testcase classname="LeadCreation.Leadcreation" name="Customercreation100" time="0.130"/>
  <system-out/>
  <testcase classname="LeadCreation.Leadcreation" name="Customercreation100" time="0.148"/>
  <system-out/>
  <testcase classname="LeadCreation.Leadcreation" name="Customercreation100" time="0.141"/>
  <system-out/>
  <testcase classname="LeadCreation.Leadcreation" name="Customercreation100" time="0.133"/>
  <system-out/>
  <testcase classname="LeadCreation.Leadcreation" name="Customercreation100" time="0.115"/>
  <system-out/>
  <testcase classname="LeadCreation.Leadcreation" name="Customercreation100" time="0.126"/>
  <system-out/>
  <testcase classname="LeadCreation.Leadcreation" name="Customercreation100" time="0.124"/>
  <system-out/>
  <testcase classname="LeadCreation.Leadcreation" name="Customercreation100" time="0.118"/>
  <system-out/>
  <testcase classname="LeadCreation.Leadcreation" name="Customercreation100" time="0.335"/>
  <system-out/>
  <testcase classname="LeadCreation.Leadcreation" name="Customercreation100" time="0.118"/>
  <system-out/>
  <testcase classname="LeadCreation.Leadcreation" name="Customercreation100" time="0.126"/>
  <system-out/>
  <testcase classname="LeadCreation.Leadcreation" name="Customercreation100" time="0.124"/>
  <system-out/>
  <testcase classname="LeadCreation.Leadcreation" name="Customercreation100" time="0.131"/>
  <system-out/>
  <testcase classname="LeadCreation.Leadcreation" name="Customercreation100" time="0.463"/>
  <system-out/>
  <testcase classname="LeadCreation.Leadcreation" name="Customercreation100" time="0.212"/>
  <system-out/>
  <testcase classname="LeadCreation.Leadcreation" name="Customercreation100" time="0.115"/>
  <system-out/>
  <testcase classname="LeadCreation.Leadcreation" name="Customercreation100" time="0.129"/>
  <system-out/>
  <testcase classname="LeadCreation.Leadcreation" name="Customercreation100" time="0.151"/>
  <system-out/>
  <testcase classname="LeadCreation.Leadcreation" name="Customercreation100" time="0.120"/>
  <system-out/>
  <testcase classname="LeadCreation.Leadcreation" name="Customercreation100" time="0.213"/>
  <system-out/>
  <testcase classname="LeadCreation.Leadcreation" name="Customercreation100" time="0.171"/>
  <system-out/>
  <testcase classname="LeadCreation.Leadcreation" name="Customercreation100" time="0.486"/>
  <system-out/>
  <testcase classname="LeadCreation.Leadcreation" name="Customercreation100" time="0.123"/>
  <system-out/>
  <testcase classname="LeadCreation.Leadcreation" name="Customercreation100" time="0.127"/>
  <system-out/>
  <testcase classname="LeadCreation.Leadcreation" name="Customercreation100" time="0.153"/>
  <system-out/>
  <testcase classname="LeadCreation.Leadcreation" name="Customercreation100" time="0.132"/>
  <system-out/>
  <testcase classname="LeadCreation.Leadcreation" name="Customercreation100" time="0.115"/>
  <system-out/>
  <testcase classname="LeadCreation.Leadcreation" name="Customercreation100" time="0.130"/>
  <system-out/>
  <testcase classname="LeadCreation.Leadcreation" name="Customercreation100" time="0.382"/>
  <system-out/>
  <testcase classname="LeadCreation.Leadcreation" name="Customercreation100" time="0.120"/>
  <system-out/>
  <testcase classname="LeadCreation.Leadcreation" name="Customercreation100" time="0.460"/>
  <system-out/>
  <testcase classname="LeadCreation.Leadcreation" name="Customercreation100" time="0.128"/>
  <system-out/>
  <testcase classname="LeadCreation.Leadcreation" name="Customercreation100" time="0.130"/>
  <system-out/>
  <testcase classname="LeadCreation.Leadcreation" name="Customercreation100" time="0.124"/>
  <system-out/>
  <testcase classname="LeadCreation.Leadcreation" name="Customercreation100" time="0.116"/>
  <system-out/>
  <testcase classname="LeadCreation.Leadcreation" name="Customercreation100" time="0.111"/>
  <system-out/>
  <testcase classname="LeadCreation.Leadcreation" name="Customercreation100" time="0.136"/>
  <system-out/>
  <testcase classname="LeadCreation.Leadcreation" name="Customercreation100" time="0.206"/>
  <system-out/>
  <testcase classname="LeadCreation.Leadcreation" name="Customercreation100" time="0.221"/>
  <system-out/>
  <testcase classname="LeadCreation.Leadcreation" name="Customercreation100" time="0.129"/>
  <system-out/>
  <testcase classname="LeadCreation.Leadcreation" name="Customercreation100" time="0.122"/>
  <system-out/>
  <testcase classname="LeadCreation.Leadcreation" name="Customercreation100" time="0.202"/>
  <system-out/>
  <testcase classname="LeadCreation.Leadcreation" name="Customercreation100" time="0.113"/>
  <system-out/>
  <testcase classname="LeadCreation.Leadcreation" name="Customercreation100" time="0.129"/>
  <system-out/>
  <testcase classname="LeadCreation.Leadcreation" name="Customercreation100" time="0.205"/>
  <system-out/>
  <testcase classname="LeadCreation.Leadcreation" name="Customercreation100" time="0.130"/>
  <system-out/>
  <testcase classname="LeadCreation.Leadcreation" name="Customercreation100" time="0.110"/>
  <system-out/>
  <testcase classname="LeadCreation.Leadcreation" name="Customercreation100" time="0.113"/>
  <system-out/>
  <testcase classname="LeadCreation.Leadcreation" name="Customercreation100" time="0.132"/>
  <system-out/>
  <testcase classname="LeadCreation.Leadcreation" name="Customercreation100" time="0.122"/>
  <system-out/>
  <testcase classname="LeadCreation.Leadcreation" name="Customercreation100" time="0.212"/>
  <system-out/>
  <testcase classname="LeadCreation.Leadcreation" name="Customercreation100" time="0.173"/>
  <system-out/>
  <testcase classname="LeadCreation.Leadcreation" name="Customercreation100" time="0.112"/>
  <system-out/>
  <testcase classname="LeadCreation.Leadcreation" name="Customercreation100" time="0.202"/>
  <system-out/>
  <testcase classname="LeadCreation.Leadcreation" name="Customercreation100" time="0.253"/>
  <system-out/>
</testsuite> <!-- LeadCreation.Leadcreation -->
