<?xml version="1.0" encoding="UTF-8"?>
<!-- Generated by org.testng.reporters.JUnitReportReporter -->
<testsuite hostname="DESKTOP-R2AJQE8" failures="0" tests="1355" name="LeadCreation.Leadcreation" time="0.443" errors="0" timestamp="2024-01-17T11:00:06 IST" skipped="0">
  <testcase classname="LeadCreation.Leadcreation" name="Customercreation100" time="0.000"/>
  <system-out/>
  <testcase classname="LeadCreation.Leadcreation" name="Customercreation100" time="0.000"/>
  <system-out/>
  <testcase classname="LeadCreation.Leadcreation" name="Customercreation100" time="0.000"/>
  <system-out/>
  <testcase classname="LeadCreation.Leadcreation" name="Customercreation100" time="0.000"/>
  <system-out/>
  <testcase classname="LeadCreation.Leadcreation" name="Customercreation100" time="0.000"/>
  <system-out/>
  <testcase classname="LeadCreation.Leadcreation" name="Customercreation100" time="0.000"/>
  <system-out/>
  <testcase classname="LeadCreation.Leadcreation" name="Customercreation100" time="0.001"/>
  <system-out/>
  <testcase classname="LeadCreation.Leadcreation" name="Customercreation100" time="0.000"/>
  <system-out/>
  <testcase classname="LeadCreation.Leadcreation" name="Customercreation100" time="0.000"/>
  <system-out/>
  <testcase classname="LeadCreation.Leadcreation" name="Customercreation100" time="0.000"/>
  <system-out/>
  <testcase classname="LeadCreation.Leadcreation" name="Customercreation100" time="0.000"/>
  <system-out/>
  <testcase classname="LeadCreation.Leadcreation" name="Customercreation100" time="0.001"/>
  <system-out/>
  <testcase classname="LeadCreation.Leadcreation" name="Customercreation100" time="0.001"/>
  <system-out/>
  <testcase classname="LeadCreation.Leadcreation" name="Customercreation100" time="0.000"/>
  <system-out/>
  <testcase classname="LeadCreation.Leadcreation" name="Customercreation100" time="0.000"/>
  <system-out/>
  <testcase classname="LeadCreation.Leadcreation" name="Customercreation100" time="0.000"/>
  <system-out/>
  <testcase classname="LeadCreation.Leadcreation" name="Customercreation100" time="0.001"/>
  <system-out/>
  <testcase classname="LeadCreation.Leadcreation" name="Customercreation100" time="0.000"/>
  <system-out/>
  <testcase classname="LeadCreation.Leadcreation" name="Customercreation100" time="0.000"/>
  <system-out/>
  <testcase classname="LeadCreation.Leadcreation" name="Customercreation100" time="0.000"/>
  <system-out/>
  <testcase classname="LeadCreation.Leadcreation" name="Customercreation100" time="0.000"/>
  <system-out/>
  <testcase classname="LeadCreation.Leadcreation" name="Customercreation100" time="0.000"/>
  <system-out/>
  <testcase classname="LeadCreation.Leadcreation" name="Customercreation100" time="0.001"/>
  <system-out/>
  <testcase classname="LeadCreation.Leadcreation" name="Customercreation100" time="0.000"/>
  <system-out/>
  <testcase classname="LeadCreation.Leadcreation" name="Customercreation100" time="0.000"/>
  <system-out/>
  <testcase classname="LeadCreation.Leadcreation" name="Customercreation100" time="0.001"/>
  <system-out/>
  <testcase classname="LeadCreation.Leadcreation" name="Customercreation100" time="0.000"/>
  <system-out/>
  <testcase classname="LeadCreation.Leadcreation" name="Customercreation100" time="0.000"/>
  <system-out/>
  <testcase classname="LeadCreation.Leadcreation" name="Customercreation100" time="0.000"/>
  <system-out/>
  <testcase classname="LeadCreation.Leadcreation" name="Customercreation100" time="0.000"/>
  <system-out/>
  <testcase classname="LeadCreation.Leadcreation" name="Customercreation100" time="0.000"/>
  <system-out/>
  <testcase classname="LeadCreation.Leadcreation" name="Customercreation100" time="0.000"/>
  <system-out/>
  <testcase classname="LeadCreation.Leadcreation" name="Customercreation100" time="0.001"/>
  <system-out/>
  <testcase classname="LeadCreation.Leadcreation" name="Customercreation100" time="0.001"/>
  <system-out/>
  <testcase classname="LeadCreation.Leadcreation" name="Customercreation100" time="0.000"/>
  <system-out/>
  <testcase classname="LeadCreation.Leadcreation" name="Customercreation100" time="0.000"/>
  <system-out/>
  <testcase classname="LeadCreation.Leadcreation" name="Customercreation100" time="0.000"/>
  <system-out/>
  <testcase classname="LeadCreation.Leadcreation" name="Customercreation100" time="0.000"/>
  <system-out/>
  <testcase classname="LeadCreation.Leadcreation" name="Customercreation100" time="0.000"/>
  <system-out/>
  <testcase classname="LeadCreation.Leadcreation" name="Customercreation100" time="0.000"/>
  <system-out/>
  <testcase classname="LeadCreation.Leadcreation" name="Customercreation100" time="0.000"/>
  <system-out/>
  <testcase classname="LeadCreation.Leadcreation" name="Customercreation100" time="0.001"/>
  <system-out/>
  <testcase classname="LeadCreation.Leadcreation" name="Customercreation100" time="0.001"/>
  <system-out/>
  <testcase classname="LeadCreation.Leadcreation" name="Customercreation100" time="0.000"/>
  <system-out/>
  <testcase classname="LeadCreation.Leadcreation" name="Customercreation100" time="0.000"/>
  <system-out/>
  <testcase classname="LeadCreation.Leadcreation" name="Customercreation100" time="0.000"/>
  <system-out/>
  <testcase classname="LeadCreation.Leadcreation" name="Customercreation100" time="0.001"/>
  <system-out/>
  <testcase classname="LeadCreation.Leadcreation" name="Customercreation100" time="0.000"/>
  <system-out/>
  <testcase classname="LeadCreation.Leadcreation" name="Customercreation100" time="0.000"/>
  <system-out/>
  <testcase classname="LeadCreation.Leadcreation" name="Customercreation100" time="0.001"/>
  <system-out/>
  <testcase classname="LeadCreation.Leadcreation" name="Customercreation100" time="0.001"/>
  <system-out/>
  <testcase classname="LeadCreation.Leadcreation" name="Customercreation100" time="0.000"/>
  <system-out/>
  <testcase classname="LeadCreation.Leadcreation" name="Customercreation100" time="0.000"/>
  <system-out/>
  <testcase classname="LeadCreation.Leadcreation" name="Customercreation100" time="0.000"/>
  <system-out/>
  <testcase classname="LeadCreation.Leadcreation" name="Customercreation100" time="0.000"/>
  <system-out/>
  <testcase classname="LeadCreation.Leadcreation" name="Customercreation100" time="0.000"/>
  <system-out/>
  <testcase classname="LeadCreation.Leadcreation" name="Customercreation100" time="0.001"/>
  <system-out/>
  <testcase classname="LeadCreation.Leadcreation" name="Customercreation100" time="0.000"/>
  <system-out/>
  <testcase classname="LeadCreation.Leadcreation" name="Customercreation100" time="0.001"/>
  <system-out/>
  <testcase classname="LeadCreation.Leadcreation" name="Customercreation100" time="0.000"/>
  <system-out/>
  <testcase classname="LeadCreation.Leadcreation" name="Customercreation100" time="0.000"/>
  <system-out/>
  <testcase classname="LeadCreation.Leadcreation" name="Customercreation100" time="0.001"/>
  <system-out/>
  <testcase classname="LeadCreation.Leadcreation" name="Customercreation100" time="0.001"/>
  <system-out/>
  <testcase classname="LeadCreation.Leadcreation" name="Customercreation100" time="0.000"/>
  <system-out/>
  <testcase classname="LeadCreation.Leadcreation" name="Customercreation100" time="0.001"/>
  <system-out/>
  <testcase classname="LeadCreation.Leadcreation" name="Customercreation100" time="0.000"/>
  <system-out/>
  <testcase classname="LeadCreation.Leadcreation" name="Customercreation100" time="0.001"/>
  <system-out/>
  <testcase classname="LeadCreation.Leadcreation" name="Customercreation100" time="0.000"/>
  <system-out/>
  <testcase classname="LeadCreation.Leadcreation" name="Customercreation100" time="0.000"/>
  <system-out/>
  <testcase classname="LeadCreation.Leadcreation" name="Customercreation100" time="0.000"/>
  <system-out/>
  <testcase classname="LeadCreation.Leadcreation" name="Customercreation100" time="0.000"/>
  <system-out/>
  <testcase classname="LeadCreation.Leadcreation" name="Customercreation100" time="0.000"/>
  <system-out/>
  <testcase classname="LeadCreation.Leadcreation" name="Customercreation100" time="0.001"/>
  <system-out/>
  <testcase classname="LeadCreation.Leadcreation" name="Customercreation100" time="0.000"/>
  <system-out/>
  <testcase classname="LeadCreation.Leadcreation" name="Customercreation100" time="0.000"/>
  <system-out/>
  <testcase classname="LeadCreation.Leadcreation" name="Customercreation100" time="0.001"/>
  <system-out/>
  <testcase classname="LeadCreation.Leadcreation" name="Customercreation100" time="0.000"/>
  <system-out/>
  <testcase classname="LeadCreation.Leadcreation" name="Customercreation100" time="0.001"/>
  <system-out/>
  <testcase classname="LeadCreation.Leadcreation" name="Customercreation100" time="0.001"/>
  <system-out/>
  <testcase classname="LeadCreation.Leadcreation" name="Customercreation100" time="0.000"/>
  <system-out/>
  <testcase classname="LeadCreation.Leadcreation" name="Customercreation100" time="0.001"/>
  <system-out/>
  <testcase classname="LeadCreation.Leadcreation" name="Customercreation100" time="0.000"/>
  <system-out/>
  <testcase classname="LeadCreation.Leadcreation" name="Customercreation100" time="0.000"/>
  <system-out/>
  <testcase classname="LeadCreation.Leadcreation" name="Customercreation100" time="0.000"/>
  <system-out/>
  <testcase classname="LeadCreation.Leadcreation" name="Customercreation100" time="0.001"/>
  <system-out/>
  <testcase classname="LeadCreation.Leadcreation" name="Customercreation100" time="0.000"/>
  <system-out/>
  <testcase classname="LeadCreation.Leadcreation" name="Customercreation100" time="0.000"/>
  <system-out/>
  <testcase classname="LeadCreation.Leadcreation" name="Customercreation100" time="0.001"/>
  <system-out/>
  <testcase classname="LeadCreation.Leadcreation" name="Customercreation100" time="0.000"/>
  <system-out/>
  <testcase classname="LeadCreation.Leadcreation" name="Customercreation100" time="0.000"/>
  <system-out/>
  <testcase classname="LeadCreation.Leadcreation" name="Customercreation100" time="0.001"/>
  <system-out/>
  <testcase classname="LeadCreation.Leadcreation" name="Customercreation100" time="0.000"/>
  <system-out/>
  <testcase classname="LeadCreation.Leadcreation" name="Customercreation100" time="0.000"/>
  <system-out/>
  <testcase classname="LeadCreation.Leadcreation" name="Customercreation100" time="0.000"/>
  <system-out/>
  <testcase classname="LeadCreation.Leadcreation" name="Customercreation100" time="0.001"/>
  <system-out/>
  <testcase classname="LeadCreation.Leadcreation" name="Customercreation100" time="0.000"/>
  <system-out/>
  <testcase classname="LeadCreation.Leadcreation" name="Customercreation100" time="0.000"/>
  <system-out/>
  <testcase classname="LeadCreation.Leadcreation" name="Customercreation100" time="0.001"/>
  <system-out/>
  <testcase classname="LeadCreation.Leadcreation" name="Customercreation100" time="0.000"/>
  <system-out/>
  <testcase classname="LeadCreation.Leadcreation" name="Customercreation100" time="0.000"/>
  <system-out/>
  <testcase classname="LeadCreation.Leadcreation" name="Customercreation100" time="0.000"/>
  <system-out/>
  <testcase classname="LeadCreation.Leadcreation" name="Customercreation100" time="0.000"/>
  <system-out/>
  <testcase classname="LeadCreation.Leadcreation" name="Customercreation100" time="0.000"/>
  <system-out/>
  <testcase classname="LeadCreation.Leadcreation" name="Customercreation100" time="0.000"/>
  <system-out/>
  <testcase classname="LeadCreation.Leadcreation" name="Customercreation100" time="0.001"/>
  <system-out/>
  <testcase classname="LeadCreation.Leadcreation" name="Customercreation100" time="0.000"/>
  <system-out/>
  <testcase classname="LeadCreation.Leadcreation" name="Customercreation100" time="0.001"/>
  <system-out/>
  <testcase classname="LeadCreation.Leadcreation" name="Customercreation100" time="0.000"/>
  <system-out/>
  <testcase classname="LeadCreation.Leadcreation" name="Customercreation100" time="0.000"/>
  <system-out/>
  <testcase classname="LeadCreation.Leadcreation" name="Customercreation100" time="0.000"/>
  <system-out/>
  <testcase classname="LeadCreation.Leadcreation" name="Customercreation100" time="0.001"/>
  <system-out/>
  <testcase classname="LeadCreation.Leadcreation" name="Customercreation100" time="0.000"/>
  <system-out/>
  <testcase classname="LeadCreation.Leadcreation" name="Customercreation100" time="0.000"/>
  <system-out/>
  <testcase classname="LeadCreation.Leadcreation" name="Customercreation100" time="0.000"/>
  <system-out/>
  <testcase classname="LeadCreation.Leadcreation" name="Customercreation100" time="0.000"/>
  <system-out/>
  <testcase classname="LeadCreation.Leadcreation" name="Customercreation100" time="0.000"/>
  <system-out/>
  <testcase classname="LeadCreation.Leadcreation" name="Customercreation100" time="0.000"/>
  <system-out/>
  <testcase classname="LeadCreation.Leadcreation" name="Customercreation100" time="0.001"/>
  <system-out/>
  <testcase classname="LeadCreation.Leadcreation" name="Customercreation100" time="0.001"/>
  <system-out/>
  <testcase classname="LeadCreation.Leadcreation" name="Customercreation100" time="0.000"/>
  <system-out/>
  <testcase classname="LeadCreation.Leadcreation" name="Customercreation100" time="0.001"/>
  <system-out/>
  <testcase classname="LeadCreation.Leadcreation" name="Customercreation100" time="0.000"/>
  <system-out/>
  <testcase classname="LeadCreation.Leadcreation" name="Customercreation100" time="0.000"/>
  <system-out/>
  <testcase classname="LeadCreation.Leadcreation" name="Customercreation100" time="0.001"/>
  <system-out/>
  <testcase classname="LeadCreation.Leadcreation" name="Customercreation100" time="0.000"/>
  <system-out/>
  <testcase classname="LeadCreation.Leadcreation" name="Customercreation100" time="0.001"/>
  <system-out/>
  <testcase classname="LeadCreation.Leadcreation" name="Customercreation100" time="0.000"/>
  <system-out/>
  <testcase classname="LeadCreation.Leadcreation" name="Customercreation100" time="0.000"/>
  <system-out/>
  <testcase classname="LeadCreation.Leadcreation" name="Customercreation100" time="0.000"/>
  <system-out/>
  <testcase classname="LeadCreation.Leadcreation" name="Customercreation100" time="0.000"/>
  <system-out/>
  <testcase classname="LeadCreation.Leadcreation" name="Customercreation100" time="0.000"/>
  <system-out/>
  <testcase classname="LeadCreation.Leadcreation" name="Customercreation100" time="0.001"/>
  <system-out/>
  <testcase classname="LeadCreation.Leadcreation" name="Customercreation100" time="0.000"/>
  <system-out/>
  <testcase classname="LeadCreation.Leadcreation" name="Customercreation100" time="0.001"/>
  <system-out/>
  <testcase classname="LeadCreation.Leadcreation" name="Customercreation100" time="0.000"/>
  <system-out/>
  <testcase classname="LeadCreation.Leadcreation" name="Customercreation100" time="0.000"/>
  <system-out/>
  <testcase classname="LeadCreation.Leadcreation" name="Customercreation100" time="0.000"/>
  <system-out/>
  <testcase classname="LeadCreation.Leadcreation" name="Customercreation100" time="0.000"/>
  <system-out/>
  <testcase classname="LeadCreation.Leadcreation" name="Customercreation100" time="0.001"/>
  <system-out/>
  <testcase classname="LeadCreation.Leadcreation" name="Customercreation100" time="0.000"/>
  <system-out/>
  <testcase classname="LeadCreation.Leadcreation" name="Customercreation100" time="0.001"/>
  <system-out/>
  <testcase classname="LeadCreation.Leadcreation" name="Customercreation100" time="0.001"/>
  <system-out/>
  <testcase classname="LeadCreation.Leadcreation" name="Customercreation100" time="0.001"/>
  <system-out/>
  <testcase classname="LeadCreation.Leadcreation" name="Customercreation100" time="0.000"/>
  <system-out/>
  <testcase classname="LeadCreation.Leadcreation" name="Customercreation100" time="0.000"/>
  <system-out/>
  <testcase classname="LeadCreation.Leadcreation" name="Customercreation100" time="0.000"/>
  <system-out/>
  <testcase classname="LeadCreation.Leadcreation" name="Customercreation100" time="0.000"/>
  <system-out/>
  <testcase classname="LeadCreation.Leadcreation" name="Customercreation100" time="0.001"/>
  <system-out/>
  <testcase classname="LeadCreation.Leadcreation" name="Customercreation100" time="0.000"/>
  <system-out/>
  <testcase classname="LeadCreation.Leadcreation" name="Customercreation100" time="0.000"/>
  <system-out/>
  <testcase classname="LeadCreation.Leadcreation" name="Customercreation100" time="0.000"/>
  <system-out/>
  <testcase classname="LeadCreation.Leadcreation" name="Customercreation100" time="0.000"/>
  <system-out/>
  <testcase classname="LeadCreation.Leadcreation" name="Customercreation100" time="0.000"/>
  <system-out/>
  <testcase classname="LeadCreation.Leadcreation" name="Customercreation100" time="0.001"/>
  <system-out/>
  <testcase classname="LeadCreation.Leadcreation" name="Customercreation100" time="0.000"/>
  <system-out/>
  <testcase classname="LeadCreation.Leadcreation" name="Customercreation100" time="0.000"/>
  <system-out/>
  <testcase classname="LeadCreation.Leadcreation" name="Customercreation100" time="0.001"/>
  <system-out/>
  <testcase classname="LeadCreation.Leadcreation" name="Customercreation100" time="0.000"/>
  <system-out/>
  <testcase classname="LeadCreation.Leadcreation" name="Customercreation100" time="0.000"/>
  <system-out/>
  <testcase classname="LeadCreation.Leadcreation" name="Customercreation100" time="0.003"/>
  <system-out/>
  <testcase classname="LeadCreation.Leadcreation" name="Customercreation100" time="0.000"/>
  <system-out/>
  <testcase classname="LeadCreation.Leadcreation" name="Customercreation100" time="0.001"/>
  <system-out/>
  <testcase classname="LeadCreation.Leadcreation" name="Customercreation100" time="0.000"/>
  <system-out/>
  <testcase classname="LeadCreation.Leadcreation" name="Customercreation100" time="0.000"/>
  <system-out/>
  <testcase classname="LeadCreation.Leadcreation" name="Customercreation100" time="0.001"/>
  <system-out/>
  <testcase classname="LeadCreation.Leadcreation" name="Customercreation100" time="0.001"/>
  <system-out/>
  <testcase classname="LeadCreation.Leadcreation" name="Customercreation100" time="0.000"/>
  <system-out/>
  <testcase classname="LeadCreation.Leadcreation" name="Customercreation100" time="0.000"/>
  <system-out/>
  <testcase classname="LeadCreation.Leadcreation" name="Customercreation100" time="0.000"/>
  <system-out/>
  <testcase classname="LeadCreation.Leadcreation" name="Customercreation100" time="0.000"/>
  <system-out/>
  <testcase classname="LeadCreation.Leadcreation" name="Customercreation100" time="0.000"/>
  <system-out/>
  <testcase classname="LeadCreation.Leadcreation" name="Customercreation100" time="0.000"/>
  <system-out/>
  <testcase classname="LeadCreation.Leadcreation" name="Customercreation100" time="0.000"/>
  <system-out/>
  <testcase classname="LeadCreation.Leadcreation" name="Customercreation100" time="0.000"/>
  <system-out/>
  <testcase classname="LeadCreation.Leadcreation" name="Customercreation100" time="0.000"/>
  <system-out/>
  <testcase classname="LeadCreation.Leadcreation" name="Customercreation100" time="0.001"/>
  <system-out/>
  <testcase classname="LeadCreation.Leadcreation" name="Customercreation100" time="0.002"/>
  <system-out/>
  <testcase classname="LeadCreation.Leadcreation" name="Customercreation100" time="0.000"/>
  <system-out/>
  <testcase classname="LeadCreation.Leadcreation" name="Customercreation100" time="0.000"/>
  <system-out/>
  <testcase classname="LeadCreation.Leadcreation" name="Customercreation100" time="0.001"/>
  <system-out/>
  <testcase classname="LeadCreation.Leadcreation" name="Customercreation100" time="0.000"/>
  <system-out/>
  <testcase classname="LeadCreation.Leadcreation" name="Customercreation100" time="0.000"/>
  <system-out/>
  <testcase classname="LeadCreation.Leadcreation" name="Customercreation100" time="0.001"/>
  <system-out/>
  <testcase classname="LeadCreation.Leadcreation" name="Customercreation100" time="0.000"/>
  <system-out/>
  <testcase classname="LeadCreation.Leadcreation" name="Customercreation100" time="0.001"/>
  <system-out/>
  <testcase classname="LeadCreation.Leadcreation" name="Customercreation100" time="0.000"/>
  <system-out/>
  <testcase classname="LeadCreation.Leadcreation" name="Customercreation100" time="0.000"/>
  <system-out/>
  <testcase classname="LeadCreation.Leadcreation" name="Customercreation100" time="0.000"/>
  <system-out/>
  <testcase classname="LeadCreation.Leadcreation" name="Customercreation100" time="0.001"/>
  <system-out/>
  <testcase classname="LeadCreation.Leadcreation" name="Customercreation100" time="0.000"/>
  <system-out/>
  <testcase classname="LeadCreation.Leadcreation" name="Customercreation100" time="0.001"/>
  <system-out/>
  <testcase classname="LeadCreation.Leadcreation" name="Customercreation100" time="0.001"/>
  <system-out/>
  <testcase classname="LeadCreation.Leadcreation" name="Customercreation100" time="0.000"/>
  <system-out/>
  <testcase classname="LeadCreation.Leadcreation" name="Customercreation100" time="0.000"/>
  <system-out/>
  <testcase classname="LeadCreation.Leadcreation" name="Customercreation100" time="0.001"/>
  <system-out/>
  <testcase classname="LeadCreation.Leadcreation" name="Customercreation100" time="0.000"/>
  <system-out/>
  <testcase classname="LeadCreation.Leadcreation" name="Customercreation100" time="0.000"/>
  <system-out/>
  <testcase classname="LeadCreation.Leadcreation" name="Customercreation100" time="0.000"/>
  <system-out/>
  <testcase classname="LeadCreation.Leadcreation" name="Customercreation100" time="0.000"/>
  <system-out/>
  <testcase classname="LeadCreation.Leadcreation" name="Customercreation100" time="0.000"/>
  <system-out/>
  <testcase classname="LeadCreation.Leadcreation" name="Customercreation100" time="0.000"/>
  <system-out/>
  <testcase classname="LeadCreation.Leadcreation" name="Customercreation100" time="0.000"/>
  <system-out/>
  <testcase classname="LeadCreation.Leadcreation" name="Customercreation100" time="0.000"/>
  <system-out/>
  <testcase classname="LeadCreation.Leadcreation" name="Customercreation100" time="0.000"/>
  <system-out/>
  <testcase classname="LeadCreation.Leadcreation" name="Customercreation100" time="0.001"/>
  <system-out/>
  <testcase classname="LeadCreation.Leadcreation" name="Customercreation100" time="0.000"/>
  <system-out/>
  <testcase classname="LeadCreation.Leadcreation" name="Customercreation100" time="0.000"/>
  <system-out/>
  <testcase classname="LeadCreation.Leadcreation" name="Customercreation100" time="0.001"/>
  <system-out/>
  <testcase classname="LeadCreation.Leadcreation" name="Customercreation100" time="0.001"/>
  <system-out/>
  <testcase classname="LeadCreation.Leadcreation" name="Customercreation100" time="0.000"/>
  <system-out/>
  <testcase classname="LeadCreation.Leadcreation" name="Customercreation100" time="0.000"/>
  <system-out/>
  <testcase classname="LeadCreation.Leadcreation" name="Customercreation100" time="0.000"/>
  <system-out/>
  <testcase classname="LeadCreation.Leadcreation" name="Customercreation100" time="0.001"/>
  <system-out/>
  <testcase classname="LeadCreation.Leadcreation" name="Customercreation100" time="0.000"/>
  <system-out/>
  <testcase classname="LeadCreation.Leadcreation" name="Customercreation100" time="0.000"/>
  <system-out/>
  <testcase classname="LeadCreation.Leadcreation" name="Customercreation100" time="0.000"/>
  <system-out/>
  <testcase classname="LeadCreation.Leadcreation" name="Customercreation100" time="0.001"/>
  <system-out/>
  <testcase classname="LeadCreation.Leadcreation" name="Customercreation100" time="0.002"/>
  <system-out/>
  <testcase classname="LeadCreation.Leadcreation" name="Customercreation100" time="0.001"/>
  <system-out/>
  <testcase classname="LeadCreation.Leadcreation" name="Customercreation100" time="0.001"/>
  <system-out/>
  <testcase classname="LeadCreation.Leadcreation" name="Customercreation100" time="0.000"/>
  <system-out/>
  <testcase classname="LeadCreation.Leadcreation" name="Customercreation100" time="0.000"/>
  <system-out/>
  <testcase classname="LeadCreation.Leadcreation" name="Customercreation100" time="0.001"/>
  <system-out/>
  <testcase classname="LeadCreation.Leadcreation" name="Customercreation100" time="0.000"/>
  <system-out/>
  <testcase classname="LeadCreation.Leadcreation" name="Customercreation100" time="0.000"/>
  <system-out/>
  <testcase classname="LeadCreation.Leadcreation" name="Customercreation100" time="0.001"/>
  <system-out/>
  <testcase classname="LeadCreation.Leadcreation" name="Customercreation100" time="0.000"/>
  <system-out/>
  <testcase classname="LeadCreation.Leadcreation" name="Customercreation100" time="0.001"/>
  <system-out/>
  <testcase classname="LeadCreation.Leadcreation" name="Customercreation100" time="0.000"/>
  <system-out/>
  <testcase classname="LeadCreation.Leadcreation" name="Customercreation100" time="0.000"/>
  <system-out/>
  <testcase classname="LeadCreation.Leadcreation" name="Customercreation100" time="0.000"/>
  <system-out/>
  <testcase classname="LeadCreation.Leadcreation" name="Customercreation100" time="0.000"/>
  <system-out/>
  <testcase classname="LeadCreation.Leadcreation" name="Customercreation100" time="0.001"/>
  <system-out/>
  <testcase classname="LeadCreation.Leadcreation" name="Customercreation100" time="0.000"/>
  <system-out/>
  <testcase classname="LeadCreation.Leadcreation" name="Customercreation100" time="0.001"/>
  <system-out/>
  <testcase classname="LeadCreation.Leadcreation" name="Customercreation100" time="0.000"/>
  <system-out/>
  <testcase classname="LeadCreation.Leadcreation" name="Customercreation100" time="0.000"/>
  <system-out/>
  <testcase classname="LeadCreation.Leadcreation" name="Customercreation100" time="0.000"/>
  <system-out/>
  <testcase classname="LeadCreation.Leadcreation" name="Customercreation100" time="0.000"/>
  <system-out/>
  <testcase classname="LeadCreation.Leadcreation" name="Customercreation100" time="0.000"/>
  <system-out/>
  <testcase classname="LeadCreation.Leadcreation" name="Customercreation100" time="0.002"/>
  <system-out/>
  <testcase classname="LeadCreation.Leadcreation" name="Customercreation100" time="0.000"/>
  <system-out/>
  <testcase classname="LeadCreation.Leadcreation" name="Customercreation100" time="0.000"/>
  <system-out/>
  <testcase classname="LeadCreation.Leadcreation" name="Customercreation100" time="0.000"/>
  <system-out/>
  <testcase classname="LeadCreation.Leadcreation" name="Customercreation100" time="0.000"/>
  <system-out/>
  <testcase classname="LeadCreation.Leadcreation" name="Customercreation100" time="0.000"/>
  <system-out/>
  <testcase classname="LeadCreation.Leadcreation" name="Customercreation100" time="0.000"/>
  <system-out/>
  <testcase classname="LeadCreation.Leadcreation" name="Customercreation100" time="0.000"/>
  <system-out/>
  <testcase classname="LeadCreation.Leadcreation" name="Customercreation100" time="0.000"/>
  <system-out/>
  <testcase classname="LeadCreation.Leadcreation" name="Customercreation100" time="0.000"/>
  <system-out/>
  <testcase classname="LeadCreation.Leadcreation" name="Customercreation100" time="0.000"/>
  <system-out/>
  <testcase classname="LeadCreation.Leadcreation" name="Customercreation100" time="0.000"/>
  <system-out/>
  <testcase classname="LeadCreation.Leadcreation" name="Customercreation100" time="0.001"/>
  <system-out/>
  <testcase classname="LeadCreation.Leadcreation" name="Customercreation100" time="0.001"/>
  <system-out/>
  <testcase classname="LeadCreation.Leadcreation" name="Customercreation100" time="0.000"/>
  <system-out/>
  <testcase classname="LeadCreation.Leadcreation" name="Customercreation100" time="0.000"/>
  <system-out/>
  <testcase classname="LeadCreation.Leadcreation" name="Customercreation100" time="0.000"/>
  <system-out/>
  <testcase classname="LeadCreation.Leadcreation" name="Customercreation100" time="0.000"/>
  <system-out/>
  <testcase classname="LeadCreation.Leadcreation" name="Customercreation100" time="0.001"/>
  <system-out/>
  <testcase classname="LeadCreation.Leadcreation" name="Customercreation100" time="0.000"/>
  <system-out/>
  <testcase classname="LeadCreation.Leadcreation" name="Customercreation100" time="0.000"/>
  <system-out/>
  <testcase classname="LeadCreation.Leadcreation" name="Customercreation100" time="0.000"/>
  <system-out/>
  <testcase classname="LeadCreation.Leadcreation" name="Customercreation100" time="0.000"/>
  <system-out/>
  <testcase classname="LeadCreation.Leadcreation" name="Customercreation100" time="0.000"/>
  <system-out/>
  <testcase classname="LeadCreation.Leadcreation" name="Customercreation100" time="0.001"/>
  <system-out/>
  <testcase classname="LeadCreation.Leadcreation" name="Customercreation100" time="0.000"/>
  <system-out/>
  <testcase classname="LeadCreation.Leadcreation" name="Customercreation100" time="0.000"/>
  <system-out/>
  <testcase classname="LeadCreation.Leadcreation" name="Customercreation100" time="0.000"/>
  <system-out/>
  <testcase classname="LeadCreation.Leadcreation" name="Customercreation100" time="0.000"/>
  <system-out/>
  <testcase classname="LeadCreation.Leadcreation" name="Customercreation100" time="0.000"/>
  <system-out/>
  <testcase classname="LeadCreation.Leadcreation" name="Customercreation100" time="0.000"/>
  <system-out/>
  <testcase classname="LeadCreation.Leadcreation" name="Customercreation100" time="0.000"/>
  <system-out/>
  <testcase classname="LeadCreation.Leadcreation" name="Customercreation100" time="0.001"/>
  <system-out/>
  <testcase classname="LeadCreation.Leadcreation" name="Customercreation100" time="0.000"/>
  <system-out/>
  <testcase classname="LeadCreation.Leadcreation" name="Customercreation100" time="0.000"/>
  <system-out/>
  <testcase classname="LeadCreation.Leadcreation" name="Customercreation100" time="0.000"/>
  <system-out/>
  <testcase classname="LeadCreation.Leadcreation" name="Customercreation100" time="0.001"/>
  <system-out/>
  <testcase classname="LeadCreation.Leadcreation" name="Customercreation100" time="0.000"/>
  <system-out/>
  <testcase classname="LeadCreation.Leadcreation" name="Customercreation100" time="0.000"/>
  <system-out/>
  <testcase classname="LeadCreation.Leadcreation" name="Customercreation100" time="0.001"/>
  <system-out/>
  <testcase classname="LeadCreation.Leadcreation" name="Customercreation100" time="0.001"/>
  <system-out/>
  <testcase classname="LeadCreation.Leadcreation" name="Customercreation100" time="0.001"/>
  <system-out/>
  <testcase classname="LeadCreation.Leadcreation" name="Customercreation100" time="0.001"/>
  <system-out/>
  <testcase classname="LeadCreation.Leadcreation" name="Customercreation100" time="0.001"/>
  <system-out/>
  <testcase classname="LeadCreation.Leadcreation" name="Customercreation100" time="0.000"/>
  <system-out/>
  <testcase classname="LeadCreation.Leadcreation" name="Customercreation100" time="0.000"/>
  <system-out/>
  <testcase classname="LeadCreation.Leadcreation" name="Customercreation100" time="0.001"/>
  <system-out/>
  <testcase classname="LeadCreation.Leadcreation" name="Customercreation100" time="0.000"/>
  <system-out/>
  <testcase classname="LeadCreation.Leadcreation" name="Customercreation100" time="0.001"/>
  <system-out/>
  <testcase classname="LeadCreation.Leadcreation" name="Customercreation100" time="0.001"/>
  <system-out/>
  <testcase classname="LeadCreation.Leadcreation" name="Customercreation100" time="0.000"/>
  <system-out/>
  <testcase classname="LeadCreation.Leadcreation" name="Customercreation100" time="0.001"/>
  <system-out/>
  <testcase classname="LeadCreation.Leadcreation" name="Customercreation100" time="0.000"/>
  <system-out/>
  <testcase classname="LeadCreation.Leadcreation" name="Customercreation100" time="0.000"/>
  <system-out/>
  <testcase classname="LeadCreation.Leadcreation" name="Customercreation100" time="0.000"/>
  <system-out/>
  <testcase classname="LeadCreation.Leadcreation" name="Customercreation100" time="0.000"/>
  <system-out/>
  <testcase classname="LeadCreation.Leadcreation" name="Customercreation100" time="0.001"/>
  <system-out/>
  <testcase classname="LeadCreation.Leadcreation" name="Customercreation100" time="0.000"/>
  <system-out/>
  <testcase classname="LeadCreation.Leadcreation" name="Customercreation100" time="0.001"/>
  <system-out/>
  <testcase classname="LeadCreation.Leadcreation" name="Customercreation100" time="0.000"/>
  <system-out/>
  <testcase classname="LeadCreation.Leadcreation" name="Customercreation100" time="0.000"/>
  <system-out/>
  <testcase classname="LeadCreation.Leadcreation" name="Customercreation100" time="0.000"/>
  <system-out/>
  <testcase classname="LeadCreation.Leadcreation" name="Customercreation100" time="0.001"/>
  <system-out/>
  <testcase classname="LeadCreation.Leadcreation" name="Customercreation100" time="0.001"/>
  <system-out/>
  <testcase classname="LeadCreation.Leadcreation" name="Customercreation100" time="0.000"/>
  <system-out/>
  <testcase classname="LeadCreation.Leadcreation" name="Customercreation100" time="0.001"/>
  <system-out/>
  <testcase classname="LeadCreation.Leadcreation" name="Customercreation100" time="0.000"/>
  <system-out/>
  <testcase classname="LeadCreation.Leadcreation" name="Customercreation100" time="0.000"/>
  <system-out/>
  <testcase classname="LeadCreation.Leadcreation" name="Customercreation100" time="0.000"/>
  <system-out/>
  <testcase classname="LeadCreation.Leadcreation" name="Customercreation100" time="0.000"/>
  <system-out/>
  <testcase classname="LeadCreation.Leadcreation" name="Customercreation100" time="0.001"/>
  <system-out/>
  <testcase classname="LeadCreation.Leadcreation" name="Customercreation100" time="0.000"/>
  <system-out/>
  <testcase classname="LeadCreation.Leadcreation" name="Customercreation100" time="0.000"/>
  <system-out/>
  <testcase classname="LeadCreation.Leadcreation" name="Customercreation100" time="0.000"/>
  <system-out/>
  <testcase classname="LeadCreation.Leadcreation" name="Customercreation100" time="0.000"/>
  <system-out/>
  <testcase classname="LeadCreation.Leadcreation" name="Customercreation100" time="0.000"/>
  <system-out/>
  <testcase classname="LeadCreation.Leadcreation" name="Customercreation100" time="0.000"/>
  <system-out/>
  <testcase classname="LeadCreation.Leadcreation" name="Customercreation100" time="0.000"/>
  <system-out/>
  <testcase classname="LeadCreation.Leadcreation" name="Customercreation100" time="0.000"/>
  <system-out/>
  <testcase classname="LeadCreation.Leadcreation" name="Customercreation100" time="0.001"/>
  <system-out/>
  <testcase classname="LeadCreation.Leadcreation" name="Customercreation100" time="0.000"/>
  <system-out/>
  <testcase classname="LeadCreation.Leadcreation" name="Customercreation100" time="0.000"/>
  <system-out/>
  <testcase classname="LeadCreation.Leadcreation" name="Customercreation100" time="0.000"/>
  <system-out/>
  <testcase classname="LeadCreation.Leadcreation" name="Customercreation100" time="0.000"/>
  <system-out/>
  <testcase classname="LeadCreation.Leadcreation" name="Customercreation100" time="0.001"/>
  <system-out/>
  <testcase classname="LeadCreation.Leadcreation" name="Customercreation100" time="0.000"/>
  <system-out/>
  <testcase classname="LeadCreation.Leadcreation" name="Customercreation100" time="0.000"/>
  <system-out/>
  <testcase classname="LeadCreation.Leadcreation" name="Customercreation100" time="0.000"/>
  <system-out/>
  <testcase classname="LeadCreation.Leadcreation" name="Customercreation100" time="0.000"/>
  <system-out/>
  <testcase classname="LeadCreation.Leadcreation" name="Customercreation100" time="0.000"/>
  <system-out/>
  <testcase classname="LeadCreation.Leadcreation" name="Customercreation100" time="0.000"/>
  <system-out/>
  <testcase classname="LeadCreation.Leadcreation" name="Customercreation100" time="0.000"/>
  <system-out/>
  <testcase classname="LeadCreation.Leadcreation" name="Customercreation100" time="0.000"/>
  <system-out/>
  <testcase classname="LeadCreation.Leadcreation" name="Customercreation100" time="0.000"/>
  <system-out/>
  <testcase classname="LeadCreation.Leadcreation" name="Customercreation100" time="0.001"/>
  <system-out/>
  <testcase classname="LeadCreation.Leadcreation" name="Customercreation100" time="0.000"/>
  <system-out/>
  <testcase classname="LeadCreation.Leadcreation" name="Customercreation100" time="0.001"/>
  <system-out/>
  <testcase classname="LeadCreation.Leadcreation" name="Customercreation100" time="0.000"/>
  <system-out/>
  <testcase classname="LeadCreation.Leadcreation" name="Customercreation100" time="0.000"/>
  <system-out/>
  <testcase classname="LeadCreation.Leadcreation" name="Customercreation100" time="0.000"/>
  <system-out/>
  <testcase classname="LeadCreation.Leadcreation" name="Customercreation100" time="0.000"/>
  <system-out/>
  <testcase classname="LeadCreation.Leadcreation" name="Customercreation100" time="0.001"/>
  <system-out/>
  <testcase classname="LeadCreation.Leadcreation" name="Customercreation100" time="0.000"/>
  <system-out/>
  <testcase classname="LeadCreation.Leadcreation" name="Customercreation100" time="0.001"/>
  <system-out/>
  <testcase classname="LeadCreation.Leadcreation" name="Customercreation100" time="0.000"/>
  <system-out/>
  <testcase classname="LeadCreation.Leadcreation" name="Customercreation100" time="0.001"/>
  <system-out/>
  <testcase classname="LeadCreation.Leadcreation" name="Customercreation100" time="0.000"/>
  <system-out/>
  <testcase classname="LeadCreation.Leadcreation" name="Customercreation100" time="0.000"/>
  <system-out/>
  <testcase classname="LeadCreation.Leadcreation" name="Customercreation100" time="0.000"/>
  <system-out/>
  <testcase classname="LeadCreation.Leadcreation" name="Customercreation100" time="0.000"/>
  <system-out/>
  <testcase classname="LeadCreation.Leadcreation" name="Customercreation100" time="0.001"/>
  <system-out/>
  <testcase classname="LeadCreation.Leadcreation" name="Customercreation100" time="0.000"/>
  <system-out/>
  <testcase classname="LeadCreation.Leadcreation" name="Customercreation100" time="0.000"/>
  <system-out/>
  <testcase classname="LeadCreation.Leadcreation" name="Customercreation100" time="0.001"/>
  <system-out/>
  <testcase classname="LeadCreation.Leadcreation" name="Customercreation100" time="0.000"/>
  <system-out/>
  <testcase classname="LeadCreation.Leadcreation" name="Customercreation100" time="0.001"/>
  <system-out/>
  <testcase classname="LeadCreation.Leadcreation" name="Customercreation100" time="0.000"/>
  <system-out/>
  <testcase classname="LeadCreation.Leadcreation" name="Customercreation100" time="0.001"/>
  <system-out/>
  <testcase classname="LeadCreation.Leadcreation" name="Customercreation100" time="0.001"/>
  <system-out/>
  <testcase classname="LeadCreation.Leadcreation" name="Customercreation100" time="0.000"/>
  <system-out/>
  <testcase classname="LeadCreation.Leadcreation" name="Customercreation100" time="0.000"/>
  <system-out/>
  <testcase classname="LeadCreation.Leadcreation" name="Customercreation100" time="0.000"/>
  <system-out/>
  <testcase classname="LeadCreation.Leadcreation" name="Customercreation100" time="0.000"/>
  <system-out/>
  <testcase classname="LeadCreation.Leadcreation" name="Customercreation100" time="0.000"/>
  <system-out/>
  <testcase classname="LeadCreation.Leadcreation" name="Customercreation100" time="0.000"/>
  <system-out/>
  <testcase classname="LeadCreation.Leadcreation" name="Customercreation100" time="0.000"/>
  <system-out/>
  <testcase classname="LeadCreation.Leadcreation" name="Customercreation100" time="0.000"/>
  <system-out/>
  <testcase classname="LeadCreation.Leadcreation" name="Customercreation100" time="0.000"/>
  <system-out/>
  <testcase classname="LeadCreation.Leadcreation" name="Customercreation100" time="0.000"/>
  <system-out/>
  <testcase classname="LeadCreation.Leadcreation" name="Customercreation100" time="0.000"/>
  <system-out/>
  <testcase classname="LeadCreation.Leadcreation" name="Customercreation100" time="0.000"/>
  <system-out/>
  <testcase classname="LeadCreation.Leadcreation" name="Customercreation100" time="0.000"/>
  <system-out/>
  <testcase classname="LeadCreation.Leadcreation" name="Customercreation100" time="0.000"/>
  <system-out/>
  <testcase classname="LeadCreation.Leadcreation" name="Customercreation100" time="0.000"/>
  <system-out/>
  <testcase classname="LeadCreation.Leadcreation" name="Customercreation100" time="0.001"/>
  <system-out/>
  <testcase classname="LeadCreation.Leadcreation" name="Customercreation100" time="0.000"/>
  <system-out/>
  <testcase classname="LeadCreation.Leadcreation" name="Customercreation100" time="0.000"/>
  <system-out/>
  <testcase classname="LeadCreation.Leadcreation" name="Customercreation100" time="0.000"/>
  <system-out/>
  <testcase classname="LeadCreation.Leadcreation" name="Customercreation100" time="0.000"/>
  <system-out/>
  <testcase classname="LeadCreation.Leadcreation" name="Customercreation100" time="0.000"/>
  <system-out/>
  <testcase classname="LeadCreation.Leadcreation" name="Customercreation100" time="0.000"/>
  <system-out/>
  <testcase classname="LeadCreation.Leadcreation" name="Customercreation100" time="0.001"/>
  <system-out/>
  <testcase classname="LeadCreation.Leadcreation" name="Customercreation100" time="0.000"/>
  <system-out/>
  <testcase classname="LeadCreation.Leadcreation" name="Customercreation100" time="0.000"/>
  <system-out/>
  <testcase classname="LeadCreation.Leadcreation" name="Customercreation100" time="0.001"/>
  <system-out/>
  <testcase classname="LeadCreation.Leadcreation" name="Customercreation100" time="0.000"/>
  <system-out/>
  <testcase classname="LeadCreation.Leadcreation" name="Customercreation100" time="0.000"/>
  <system-out/>
  <testcase classname="LeadCreation.Leadcreation" name="Customercreation100" time="0.001"/>
  <system-out/>
  <testcase classname="LeadCreation.Leadcreation" name="Customercreation100" time="0.000"/>
  <system-out/>
  <testcase classname="LeadCreation.Leadcreation" name="Customercreation100" time="0.000"/>
  <system-out/>
  <testcase classname="LeadCreation.Leadcreation" name="Customercreation100" time="0.000"/>
  <system-out/>
  <testcase classname="LeadCreation.Leadcreation" name="Customercreation100" time="0.000"/>
  <system-out/>
  <testcase classname="LeadCreation.Leadcreation" name="Customercreation100" time="0.001"/>
  <system-out/>
  <testcase classname="LeadCreation.Leadcreation" name="Customercreation100" time="0.001"/>
  <system-out/>
  <testcase classname="LeadCreation.Leadcreation" name="Customercreation100" time="0.000"/>
  <system-out/>
  <testcase classname="LeadCreation.Leadcreation" name="Customercreation100" time="0.001"/>
  <system-out/>
  <testcase classname="LeadCreation.Leadcreation" name="Customercreation100" time="0.000"/>
  <system-out/>
  <testcase classname="LeadCreation.Leadcreation" name="Customercreation100" time="0.000"/>
  <system-out/>
  <testcase classname="LeadCreation.Leadcreation" name="Customercreation100" time="0.001"/>
  <system-out/>
  <testcase classname="LeadCreation.Leadcreation" name="Customercreation100" time="0.001"/>
  <system-out/>
  <testcase classname="LeadCreation.Leadcreation" name="Customercreation100" time="0.001"/>
  <system-out/>
  <testcase classname="LeadCreation.Leadcreation" name="Customercreation100" time="0.000"/>
  <system-out/>
  <testcase classname="LeadCreation.Leadcreation" name="Customercreation100" time="0.000"/>
  <system-out/>
  <testcase classname="LeadCreation.Leadcreation" name="Customercreation100" time="0.000"/>
  <system-out/>
  <testcase classname="LeadCreation.Leadcreation" name="Customercreation100" time="0.000"/>
  <system-out/>
  <testcase classname="LeadCreation.Leadcreation" name="Customercreation100" time="0.001"/>
  <system-out/>
  <testcase classname="LeadCreation.Leadcreation" name="Customercreation100" time="0.000"/>
  <system-out/>
  <testcase classname="LeadCreation.Leadcreation" name="Customercreation100" time="0.000"/>
  <system-out/>
  <testcase classname="LeadCreation.Leadcreation" name="Customercreation100" time="0.000"/>
  <system-out/>
  <testcase classname="LeadCreation.Leadcreation" name="Customercreation100" time="0.001"/>
  <system-out/>
  <testcase classname="LeadCreation.Leadcreation" name="Customercreation100" time="0.000"/>
  <system-out/>
  <testcase classname="LeadCreation.Leadcreation" name="Customercreation100" time="0.000"/>
  <system-out/>
  <testcase classname="LeadCreation.Leadcreation" name="Customercreation100" time="0.000"/>
  <system-out/>
  <testcase classname="LeadCreation.Leadcreation" name="Customercreation100" time="0.001"/>
  <system-out/>
  <testcase classname="LeadCreation.Leadcreation" name="Customercreation100" time="0.000"/>
  <system-out/>
  <testcase classname="LeadCreation.Leadcreation" name="Customercreation100" time="0.000"/>
  <system-out/>
  <testcase classname="LeadCreation.Leadcreation" name="Customercreation100" time="0.001"/>
  <system-out/>
  <testcase classname="LeadCreation.Leadcreation" name="Customercreation100" time="0.000"/>
  <system-out/>
  <testcase classname="LeadCreation.Leadcreation" name="Customercreation100" time="0.000"/>
  <system-out/>
  <testcase classname="LeadCreation.Leadcreation" name="Customercreation100" time="0.001"/>
  <system-out/>
  <testcase classname="LeadCreation.Leadcreation" name="Customercreation100" time="0.002"/>
  <system-out/>
  <testcase classname="LeadCreation.Leadcreation" name="Customercreation100" time="0.000"/>
  <system-out/>
  <testcase classname="LeadCreation.Leadcreation" name="Customercreation100" time="0.001"/>
  <system-out/>
  <testcase classname="LeadCreation.Leadcreation" name="Customercreation100" time="0.000"/>
  <system-out/>
  <testcase classname="LeadCreation.Leadcreation" name="Customercreation100" time="0.000"/>
  <system-out/>
  <testcase classname="LeadCreation.Leadcreation" name="Customercreation100" time="0.000"/>
  <system-out/>
  <testcase classname="LeadCreation.Leadcreation" name="Customercreation100" time="0.000"/>
  <system-out/>
  <testcase classname="LeadCreation.Leadcreation" name="Customercreation100" time="0.000"/>
  <system-out/>
  <testcase classname="LeadCreation.Leadcreation" name="Customercreation100" time="0.001"/>
  <system-out/>
  <testcase classname="LeadCreation.Leadcreation" name="Customercreation100" time="0.000"/>
  <system-out/>
  <testcase classname="LeadCreation.Leadcreation" name="Customercreation100" time="0.000"/>
  <system-out/>
  <testcase classname="LeadCreation.Leadcreation" name="Customercreation100" time="0.001"/>
  <system-out/>
  <testcase classname="LeadCreation.Leadcreation" name="Customercreation100" time="0.000"/>
  <system-out/>
  <testcase classname="LeadCreation.Leadcreation" name="Customercreation100" time="0.001"/>
  <system-out/>
  <testcase classname="LeadCreation.Leadcreation" name="Customercreation100" time="0.000"/>
  <system-out/>
  <testcase classname="LeadCreation.Leadcreation" name="Customercreation100" time="0.000"/>
  <system-out/>
  <testcase classname="LeadCreation.Leadcreation" name="Customercreation100" time="0.000"/>
  <system-out/>
  <testcase classname="LeadCreation.Leadcreation" name="Customercreation100" time="0.001"/>
  <system-out/>
  <testcase classname="LeadCreation.Leadcreation" name="Customercreation100" time="0.001"/>
  <system-out/>
  <testcase classname="LeadCreation.Leadcreation" name="Customercreation100" time="0.001"/>
  <system-out/>
  <testcase classname="LeadCreation.Leadcreation" name="Customercreation100" time="0.000"/>
  <system-out/>
  <testcase classname="LeadCreation.Leadcreation" name="Customercreation100" time="0.001"/>
  <system-out/>
  <testcase classname="LeadCreation.Leadcreation" name="Customercreation100" time="0.000"/>
  <system-out/>
  <testcase classname="LeadCreation.Leadcreation" name="Customercreation100" time="0.000"/>
  <system-out/>
  <testcase classname="LeadCreation.Leadcreation" name="Customercreation100" time="0.000"/>
  <system-out/>
  <testcase classname="LeadCreation.Leadcreation" name="Customercreation100" time="0.001"/>
  <system-out/>
  <testcase classname="LeadCreation.Leadcreation" name="Customercreation100" time="0.000"/>
  <system-out/>
  <testcase classname="LeadCreation.Leadcreation" name="Customercreation100" time="0.000"/>
  <system-out/>
  <testcase classname="LeadCreation.Leadcreation" name="Customercreation100" time="0.000"/>
  <system-out/>
  <testcase classname="LeadCreation.Leadcreation" name="Customercreation100" time="0.000"/>
  <system-out/>
  <testcase classname="LeadCreation.Leadcreation" name="Customercreation100" time="0.000"/>
  <system-out/>
  <testcase classname="LeadCreation.Leadcreation" name="Customercreation100" time="0.000"/>
  <system-out/>
  <testcase classname="LeadCreation.Leadcreation" name="Customercreation100" time="0.000"/>
  <system-out/>
  <testcase classname="LeadCreation.Leadcreation" name="Customercreation100" time="0.000"/>
  <system-out/>
  <testcase classname="LeadCreation.Leadcreation" name="Customercreation100" time="0.001"/>
  <system-out/>
  <testcase classname="LeadCreation.Leadcreation" name="Customercreation100" time="0.000"/>
  <system-out/>
  <testcase classname="LeadCreation.Leadcreation" name="Customercreation100" time="0.001"/>
  <system-out/>
  <testcase classname="LeadCreation.Leadcreation" name="Customercreation100" time="0.000"/>
  <system-out/>
  <testcase classname="LeadCreation.Leadcreation" name="Customercreation100" time="0.001"/>
  <system-out/>
  <testcase classname="LeadCreation.Leadcreation" name="Customercreation100" time="0.000"/>
  <system-out/>
  <testcase classname="LeadCreation.Leadcreation" name="Customercreation100" time="0.000"/>
  <system-out/>
  <testcase classname="LeadCreation.Leadcreation" name="Customercreation100" time="0.000"/>
  <system-out/>
  <testcase classname="LeadCreation.Leadcreation" name="Customercreation100" time="0.000"/>
  <system-out/>
  <testcase classname="LeadCreation.Leadcreation" name="Customercreation100" time="0.000"/>
  <system-out/>
  <testcase classname="LeadCreation.Leadcreation" name="Customercreation100" time="0.000"/>
  <system-out/>
  <testcase classname="LeadCreation.Leadcreation" name="Customercreation100" time="0.000"/>
  <system-out/>
  <testcase classname="LeadCreation.Leadcreation" name="Customercreation100" time="0.003"/>
  <system-out/>
  <testcase classname="LeadCreation.Leadcreation" name="Customercreation100" time="0.000"/>
  <system-out/>
  <testcase classname="LeadCreation.Leadcreation" name="Customercreation100" time="0.000"/>
  <system-out/>
  <testcase classname="LeadCreation.Leadcreation" name="Customercreation100" time="0.000"/>
  <system-out/>
  <testcase classname="LeadCreation.Leadcreation" name="Customercreation100" time="0.000"/>
  <system-out/>
  <testcase classname="LeadCreation.Leadcreation" name="Customercreation100" time="0.002"/>
  <system-out/>
  <testcase classname="LeadCreation.Leadcreation" name="Customercreation100" time="0.000"/>
  <system-out/>
  <testcase classname="LeadCreation.Leadcreation" name="Customercreation100" time="0.001"/>
  <system-out/>
  <testcase classname="LeadCreation.Leadcreation" name="Customercreation100" time="0.000"/>
  <system-out/>
  <testcase classname="LeadCreation.Leadcreation" name="Customercreation100" time="0.000"/>
  <system-out/>
  <testcase classname="LeadCreation.Leadcreation" name="Customercreation100" time="0.000"/>
  <system-out/>
  <testcase classname="LeadCreation.Leadcreation" name="Customercreation100" time="0.000"/>
  <system-out/>
  <testcase classname="LeadCreation.Leadcreation" name="Customercreation100" time="0.001"/>
  <system-out/>
  <testcase classname="LeadCreation.Leadcreation" name="Customercreation100" time="0.000"/>
  <system-out/>
  <testcase classname="LeadCreation.Leadcreation" name="Customercreation100" time="0.000"/>
  <system-out/>
  <testcase classname="LeadCreation.Leadcreation" name="Customercreation100" time="0.001"/>
  <system-out/>
  <testcase classname="LeadCreation.Leadcreation" name="Customercreation100" time="0.000"/>
  <system-out/>
  <testcase classname="LeadCreation.Leadcreation" name="Customercreation100" time="0.001"/>
  <system-out/>
  <testcase classname="LeadCreation.Leadcreation" name="Customercreation100" time="0.001"/>
  <system-out/>
  <testcase classname="LeadCreation.Leadcreation" name="Customercreation100" time="0.000"/>
  <system-out/>
  <testcase classname="LeadCreation.Leadcreation" name="Customercreation100" time="0.000"/>
  <system-out/>
  <testcase classname="LeadCreation.Leadcreation" name="Customercreation100" time="0.000"/>
  <system-out/>
  <testcase classname="LeadCreation.Leadcreation" name="Customercreation100" time="0.000"/>
  <system-out/>
  <testcase classname="LeadCreation.Leadcreation" name="Customercreation100" time="0.001"/>
  <system-out/>
  <testcase classname="LeadCreation.Leadcreation" name="Customercreation100" time="0.000"/>
  <system-out/>
  <testcase classname="LeadCreation.Leadcreation" name="Customercreation100" time="0.001"/>
  <system-out/>
  <testcase classname="LeadCreation.Leadcreation" name="Customercreation100" time="0.000"/>
  <system-out/>
  <testcase classname="LeadCreation.Leadcreation" name="Customercreation100" time="0.001"/>
  <system-out/>
  <testcase classname="LeadCreation.Leadcreation" name="Customercreation100" time="0.000"/>
  <system-out/>
  <testcase classname="LeadCreation.Leadcreation" name="Customercreation100" time="0.000"/>
  <system-out/>
  <testcase classname="LeadCreation.Leadcreation" name="Customercreation100" time="0.001"/>
  <system-out/>
  <testcase classname="LeadCreation.Leadcreation" name="Customercreation100" time="0.000"/>
  <system-out/>
  <testcase classname="LeadCreation.Leadcreation" name="Customercreation100" time="0.001"/>
  <system-out/>
  <testcase classname="LeadCreation.Leadcreation" name="Customercreation100" time="0.000"/>
  <system-out/>
  <testcase classname="LeadCreation.Leadcreation" name="Customercreation100" time="0.001"/>
  <system-out/>
  <testcase classname="LeadCreation.Leadcreation" name="Customercreation100" time="0.000"/>
  <system-out/>
  <testcase classname="LeadCreation.Leadcreation" name="Customercreation100" time="0.000"/>
  <system-out/>
  <testcase classname="LeadCreation.Leadcreation" name="Customercreation100" time="0.000"/>
  <system-out/>
  <testcase classname="LeadCreation.Leadcreation" name="Customercreation100" time="0.000"/>
  <system-out/>
  <testcase classname="LeadCreation.Leadcreation" name="Customercreation100" time="0.000"/>
  <system-out/>
  <testcase classname="LeadCreation.Leadcreation" name="Customercreation100" time="0.000"/>
  <system-out/>
  <testcase classname="LeadCreation.Leadcreation" name="Customercreation100" time="0.001"/>
  <system-out/>
  <testcase classname="LeadCreation.Leadcreation" name="Customercreation100" time="0.001"/>
  <system-out/>
  <testcase classname="LeadCreation.Leadcreation" name="Customercreation100" time="0.001"/>
  <system-out/>
  <testcase classname="LeadCreation.Leadcreation" name="Customercreation100" time="0.000"/>
  <system-out/>
  <testcase classname="LeadCreation.Leadcreation" name="Customercreation100" time="0.000"/>
  <system-out/>
  <testcase classname="LeadCreation.Leadcreation" name="Customercreation100" time="0.000"/>
  <system-out/>
  <testcase classname="LeadCreation.Leadcreation" name="Customercreation100" time="0.000"/>
  <system-out/>
  <testcase classname="LeadCreation.Leadcreation" name="Customercreation100" time="0.000"/>
  <system-out/>
  <testcase classname="LeadCreation.Leadcreation" name="Customercreation100" time="0.002"/>
  <system-out/>
  <testcase classname="LeadCreation.Leadcreation" name="Customercreation100" time="0.001"/>
  <system-out/>
  <testcase classname="LeadCreation.Leadcreation" name="Customercreation100" time="0.001"/>
  <system-out/>
  <testcase classname="LeadCreation.Leadcreation" name="Customercreation100" time="0.000"/>
  <system-out/>
  <testcase classname="LeadCreation.Leadcreation" name="Customercreation100" time="0.001"/>
  <system-out/>
  <testcase classname="LeadCreation.Leadcreation" name="Customercreation100" time="0.000"/>
  <system-out/>
  <testcase classname="LeadCreation.Leadcreation" name="Customercreation100" time="0.000"/>
  <system-out/>
  <testcase classname="LeadCreation.Leadcreation" name="Customercreation100" time="0.001"/>
  <system-out/>
  <testcase classname="LeadCreation.Leadcreation" name="Customercreation100" time="0.000"/>
  <system-out/>
  <testcase classname="LeadCreation.Leadcreation" name="Customercreation100" time="0.000"/>
  <system-out/>
  <testcase classname="LeadCreation.Leadcreation" name="Customercreation100" time="0.000"/>
  <system-out/>
  <testcase classname="LeadCreation.Leadcreation" name="Customercreation100" time="0.000"/>
  <system-out/>
  <testcase classname="LeadCreation.Leadcreation" name="Customercreation100" time="0.000"/>
  <system-out/>
  <testcase classname="LeadCreation.Leadcreation" name="Customercreation100" time="0.000"/>
  <system-out/>
  <testcase classname="LeadCreation.Leadcreation" name="Customercreation100" time="0.000"/>
  <system-out/>
  <testcase classname="LeadCreation.Leadcreation" name="Customercreation100" time="0.001"/>
  <system-out/>
  <testcase classname="LeadCreation.Leadcreation" name="Customercreation100" time="0.000"/>
  <system-out/>
  <testcase classname="LeadCreation.Leadcreation" name="Customercreation100" time="0.000"/>
  <system-out/>
  <testcase classname="LeadCreation.Leadcreation" name="Customercreation100" time="0.000"/>
  <system-out/>
  <testcase classname="LeadCreation.Leadcreation" name="Customercreation100" time="0.000"/>
  <system-out/>
  <testcase classname="LeadCreation.Leadcreation" name="Customercreation100" time="0.000"/>
  <system-out/>
  <testcase classname="LeadCreation.Leadcreation" name="Customercreation100" time="0.000"/>
  <system-out/>
  <testcase classname="LeadCreation.Leadcreation" name="Customercreation100" time="0.000"/>
  <system-out/>
  <testcase classname="LeadCreation.Leadcreation" name="Customercreation100" time="0.000"/>
  <system-out/>
  <testcase classname="LeadCreation.Leadcreation" name="Customercreation100" time="0.000"/>
  <system-out/>
  <testcase classname="LeadCreation.Leadcreation" name="Customercreation100" time="0.000"/>
  <system-out/>
  <testcase classname="LeadCreation.Leadcreation" name="Customercreation100" time="0.000"/>
  <system-out/>
  <testcase classname="LeadCreation.Leadcreation" name="Customercreation100" time="0.000"/>
  <system-out/>
  <testcase classname="LeadCreation.Leadcreation" name="Customercreation100" time="0.001"/>
  <system-out/>
  <testcase classname="LeadCreation.Leadcreation" name="Customercreation100" time="0.000"/>
  <system-out/>
  <testcase classname="LeadCreation.Leadcreation" name="Customercreation100" time="0.000"/>
  <system-out/>
  <testcase classname="LeadCreation.Leadcreation" name="Customercreation100" time="0.001"/>
  <system-out/>
  <testcase classname="LeadCreation.Leadcreation" name="Customercreation100" time="0.000"/>
  <system-out/>
  <testcase classname="LeadCreation.Leadcreation" name="Customercreation100" time="0.000"/>
  <system-out/>
  <testcase classname="LeadCreation.Leadcreation" name="Customercreation100" time="0.001"/>
  <system-out/>
  <testcase classname="LeadCreation.Leadcreation" name="Customercreation100" time="0.000"/>
  <system-out/>
  <testcase classname="LeadCreation.Leadcreation" name="Customercreation100" time="0.000"/>
  <system-out/>
  <testcase classname="LeadCreation.Leadcreation" name="Customercreation100" time="0.001"/>
  <system-out/>
  <testcase classname="LeadCreation.Leadcreation" name="Customercreation100" time="0.000"/>
  <system-out/>
  <testcase classname="LeadCreation.Leadcreation" name="Customercreation100" time="0.000"/>
  <system-out/>
  <testcase classname="LeadCreation.Leadcreation" name="Customercreation100" time="0.000"/>
  <system-out/>
  <testcase classname="LeadCreation.Leadcreation" name="Customercreation100" time="0.000"/>
  <system-out/>
  <testcase classname="LeadCreation.Leadcreation" name="Customercreation100" time="0.002"/>
  <system-out/>
  <testcase classname="LeadCreation.Leadcreation" name="Customercreation100" time="0.001"/>
  <system-out/>
  <testcase classname="LeadCreation.Leadcreation" name="Customercreation100" time="0.000"/>
  <system-out/>
  <testcase classname="LeadCreation.Leadcreation" name="Customercreation100" time="0.001"/>
  <system-out/>
  <testcase classname="LeadCreation.Leadcreation" name="Customercreation100" time="0.001"/>
  <system-out/>
  <testcase classname="LeadCreation.Leadcreation" name="Customercreation100" time="0.001"/>
  <system-out/>
  <testcase classname="LeadCreation.Leadcreation" name="Customercreation100" time="0.000"/>
  <system-out/>
  <testcase classname="LeadCreation.Leadcreation" name="Customercreation100" time="0.000"/>
  <system-out/>
  <testcase classname="LeadCreation.Leadcreation" name="Customercreation100" time="0.000"/>
  <system-out/>
  <testcase classname="LeadCreation.Leadcreation" name="Customercreation100" time="0.000"/>
  <system-out/>
  <testcase classname="LeadCreation.Leadcreation" name="Customercreation100" time="0.000"/>
  <system-out/>
  <testcase classname="LeadCreation.Leadcreation" name="Customercreation100" time="0.000"/>
  <system-out/>
  <testcase classname="LeadCreation.Leadcreation" name="Customercreation100" time="0.001"/>
  <system-out/>
  <testcase classname="LeadCreation.Leadcreation" name="Customercreation100" time="0.000"/>
  <system-out/>
  <testcase classname="LeadCreation.Leadcreation" name="Customercreation100" time="0.000"/>
  <system-out/>
  <testcase classname="LeadCreation.Leadcreation" name="Customercreation100" time="0.001"/>
  <system-out/>
  <testcase classname="LeadCreation.Leadcreation" name="Customercreation100" time="0.001"/>
  <system-out/>
  <testcase classname="LeadCreation.Leadcreation" name="Customercreation100" time="0.000"/>
  <system-out/>
  <testcase classname="LeadCreation.Leadcreation" name="Customercreation100" time="0.001"/>
  <system-out/>
  <testcase classname="LeadCreation.Leadcreation" name="Customercreation100" time="0.000"/>
  <system-out/>
  <testcase classname="LeadCreation.Leadcreation" name="Customercreation100" time="0.001"/>
  <system-out/>
  <testcase classname="LeadCreation.Leadcreation" name="Customercreation100" time="0.000"/>
  <system-out/>
  <testcase classname="LeadCreation.Leadcreation" name="Customercreation100" time="0.000"/>
  <system-out/>
  <testcase classname="LeadCreation.Leadcreation" name="Customercreation100" time="0.001"/>
  <system-out/>
  <testcase classname="LeadCreation.Leadcreation" name="Customercreation100" time="0.001"/>
  <system-out/>
  <testcase classname="LeadCreation.Leadcreation" name="Customercreation100" time="0.000"/>
  <system-out/>
  <testcase classname="LeadCreation.Leadcreation" name="Customercreation100" time="0.000"/>
  <system-out/>
  <testcase classname="LeadCreation.Leadcreation" name="Customercreation100" time="0.000"/>
  <system-out/>
  <testcase classname="LeadCreation.Leadcreation" name="Customercreation100" time="0.001"/>
  <system-out/>
  <testcase classname="LeadCreation.Leadcreation" name="Customercreation100" time="0.000"/>
  <system-out/>
  <testcase classname="LeadCreation.Leadcreation" name="Customercreation100" time="0.000"/>
  <system-out/>
  <testcase classname="LeadCreation.Leadcreation" name="Customercreation100" time="0.000"/>
  <system-out/>
  <testcase classname="LeadCreation.Leadcreation" name="Customercreation100" time="0.000"/>
  <system-out/>
  <testcase classname="LeadCreation.Leadcreation" name="Customercreation100" time="0.000"/>
  <system-out/>
  <testcase classname="LeadCreation.Leadcreation" name="Customercreation100" time="0.000"/>
  <system-out/>
  <testcase classname="LeadCreation.Leadcreation" name="Customercreation100" time="0.000"/>
  <system-out/>
  <testcase classname="LeadCreation.Leadcreation" name="Customercreation100" time="0.000"/>
  <system-out/>
  <testcase classname="LeadCreation.Leadcreation" name="Customercreation100" time="0.000"/>
  <system-out/>
  <testcase classname="LeadCreation.Leadcreation" name="Customercreation100" time="0.001"/>
  <system-out/>
  <testcase classname="LeadCreation.Leadcreation" name="Customercreation100" time="0.000"/>
  <system-out/>
  <testcase classname="LeadCreation.Leadcreation" name="Customercreation100" time="0.001"/>
  <system-out/>
  <testcase classname="LeadCreation.Leadcreation" name="Customercreation100" time="0.001"/>
  <system-out/>
  <testcase classname="LeadCreation.Leadcreation" name="Customercreation100" time="0.000"/>
  <system-out/>
  <testcase classname="LeadCreation.Leadcreation" name="Customercreation100" time="0.000"/>
  <system-out/>
  <testcase classname="LeadCreation.Leadcreation" name="Customercreation100" time="0.001"/>
  <system-out/>
  <testcase classname="LeadCreation.Leadcreation" name="Customercreation100" time="0.000"/>
  <system-out/>
  <testcase classname="LeadCreation.Leadcreation" name="Customercreation100" time="0.000"/>
  <system-out/>
  <testcase classname="LeadCreation.Leadcreation" name="Customercreation100" time="0.001"/>
  <system-out/>
  <testcase classname="LeadCreation.Leadcreation" name="Customercreation100" time="0.000"/>
  <system-out/>
  <testcase classname="LeadCreation.Leadcreation" name="Customercreation100" time="0.000"/>
  <system-out/>
  <testcase classname="LeadCreation.Leadcreation" name="Customercreation100" time="0.002"/>
  <system-out/>
  <testcase classname="LeadCreation.Leadcreation" name="Customercreation100" time="0.000"/>
  <system-out/>
  <testcase classname="LeadCreation.Leadcreation" name="Customercreation100" time="0.000"/>
  <system-out/>
  <testcase classname="LeadCreation.Leadcreation" name="Customercreation100" time="0.000"/>
  <system-out/>
  <testcase classname="LeadCreation.Leadcreation" name="Customercreation100" time="0.000"/>
  <system-out/>
  <testcase classname="LeadCreation.Leadcreation" name="Customercreation100" time="0.000"/>
  <system-out/>
  <testcase classname="LeadCreation.Leadcreation" name="Customercreation100" time="0.000"/>
  <system-out/>
  <testcase classname="LeadCreation.Leadcreation" name="Customercreation100" time="0.000"/>
  <system-out/>
  <testcase classname="LeadCreation.Leadcreation" name="Customercreation100" time="0.000"/>
  <system-out/>
  <testcase classname="LeadCreation.Leadcreation" name="Customercreation100" time="0.000"/>
  <system-out/>
  <testcase classname="LeadCreation.Leadcreation" name="Customercreation100" time="0.001"/>
  <system-out/>
  <testcase classname="LeadCreation.Leadcreation" name="Customercreation100" time="0.000"/>
  <system-out/>
  <testcase classname="LeadCreation.Leadcreation" name="Customercreation100" time="0.000"/>
  <system-out/>
  <testcase classname="LeadCreation.Leadcreation" name="Customercreation100" time="0.000"/>
  <system-out/>
  <testcase classname="LeadCreation.Leadcreation" name="Customercreation100" time="0.000"/>
  <system-out/>
  <testcase classname="LeadCreation.Leadcreation" name="Customercreation100" time="0.001"/>
  <system-out/>
  <testcase classname="LeadCreation.Leadcreation" name="Customercreation100" time="0.000"/>
  <system-out/>
  <testcase classname="LeadCreation.Leadcreation" name="Customercreation100" time="0.000"/>
  <system-out/>
  <testcase classname="LeadCreation.Leadcreation" name="Customercreation100" time="0.000"/>
  <system-out/>
  <testcase classname="LeadCreation.Leadcreation" name="Customercreation100" time="0.000"/>
  <system-out/>
  <testcase classname="LeadCreation.Leadcreation" name="Customercreation100" time="0.000"/>
  <system-out/>
  <testcase classname="LeadCreation.Leadcreation" name="Customercreation100" time="0.001"/>
  <system-out/>
  <testcase classname="LeadCreation.Leadcreation" name="Customercreation100" time="0.000"/>
  <system-out/>
  <testcase classname="LeadCreation.Leadcreation" name="Customercreation100" time="0.001"/>
  <system-out/>
  <testcase classname="LeadCreation.Leadcreation" name="Customercreation100" time="0.001"/>
  <system-out/>
  <testcase classname="LeadCreation.Leadcreation" name="Customercreation100" time="0.000"/>
  <system-out/>
  <testcase classname="LeadCreation.Leadcreation" name="Customercreation100" time="0.000"/>
  <system-out/>
  <testcase classname="LeadCreation.Leadcreation" name="Customercreation100" time="0.000"/>
  <system-out/>
  <testcase classname="LeadCreation.Leadcreation" name="Customercreation100" time="0.001"/>
  <system-out/>
  <testcase classname="LeadCreation.Leadcreation" name="Customercreation100" time="0.000"/>
  <system-out/>
  <testcase classname="LeadCreation.Leadcreation" name="Customercreation100" time="0.001"/>
  <system-out/>
  <testcase classname="LeadCreation.Leadcreation" name="Customercreation100" time="0.000"/>
  <system-out/>
  <testcase classname="LeadCreation.Leadcreation" name="Customercreation100" time="0.000"/>
  <system-out/>
  <testcase classname="LeadCreation.Leadcreation" name="Customercreation100" time="0.001"/>
  <system-out/>
  <testcase classname="LeadCreation.Leadcreation" name="Customercreation100" time="0.001"/>
  <system-out/>
  <testcase classname="LeadCreation.Leadcreation" name="Customercreation100" time="0.000"/>
  <system-out/>
  <testcase classname="LeadCreation.Leadcreation" name="Customercreation100" time="0.001"/>
  <system-out/>
  <testcase classname="LeadCreation.Leadcreation" name="Customercreation100" time="0.000"/>
  <system-out/>
  <testcase classname="LeadCreation.Leadcreation" name="Customercreation100" time="0.000"/>
  <system-out/>
  <testcase classname="LeadCreation.Leadcreation" name="Customercreation100" time="0.000"/>
  <system-out/>
  <testcase classname="LeadCreation.Leadcreation" name="Customercreation100" time="0.001"/>
  <system-out/>
  <testcase classname="LeadCreation.Leadcreation" name="Customercreation100" time="0.000"/>
  <system-out/>
  <testcase classname="LeadCreation.Leadcreation" name="Customercreation100" time="0.000"/>
  <system-out/>
  <testcase classname="LeadCreation.Leadcreation" name="Customercreation100" time="0.001"/>
  <system-out/>
  <testcase classname="LeadCreation.Leadcreation" name="Customercreation100" time="0.001"/>
  <system-out/>
  <testcase classname="LeadCreation.Leadcreation" name="Customercreation100" time="0.000"/>
  <system-out/>
  <testcase classname="LeadCreation.Leadcreation" name="Customercreation100" time="0.000"/>
  <system-out/>
  <testcase classname="LeadCreation.Leadcreation" name="Customercreation100" time="0.001"/>
  <system-out/>
  <testcase classname="LeadCreation.Leadcreation" name="Customercreation100" time="0.001"/>
  <system-out/>
  <testcase classname="LeadCreation.Leadcreation" name="Customercreation100" time="0.000"/>
  <system-out/>
  <testcase classname="LeadCreation.Leadcreation" name="Customercreation100" time="0.001"/>
  <system-out/>
  <testcase classname="LeadCreation.Leadcreation" name="Customercreation100" time="0.001"/>
  <system-out/>
  <testcase classname="LeadCreation.Leadcreation" name="Customercreation100" time="0.001"/>
  <system-out/>
  <testcase classname="LeadCreation.Leadcreation" name="Customercreation100" time="0.000"/>
  <system-out/>
  <testcase classname="LeadCreation.Leadcreation" name="Customercreation100" time="0.000"/>
  <system-out/>
  <testcase classname="LeadCreation.Leadcreation" name="Customercreation100" time="0.000"/>
  <system-out/>
  <testcase classname="LeadCreation.Leadcreation" name="Customercreation100" time="0.001"/>
  <system-out/>
  <testcase classname="LeadCreation.Leadcreation" name="Customercreation100" time="0.000"/>
  <system-out/>
  <testcase classname="LeadCreation.Leadcreation" name="Customercreation100" time="0.001"/>
  <system-out/>
  <testcase classname="LeadCreation.Leadcreation" name="Customercreation100" time="0.000"/>
  <system-out/>
  <testcase classname="LeadCreation.Leadcreation" name="Customercreation100" time="0.000"/>
  <system-out/>
  <testcase classname="LeadCreation.Leadcreation" name="Customercreation100" time="0.000"/>
  <system-out/>
  <testcase classname="LeadCreation.Leadcreation" name="Customercreation100" time="0.001"/>
  <system-out/>
  <testcase classname="LeadCreation.Leadcreation" name="Customercreation100" time="0.001"/>
  <system-out/>
  <testcase classname="LeadCreation.Leadcreation" name="Customercreation100" time="0.000"/>
  <system-out/>
  <testcase classname="LeadCreation.Leadcreation" name="Customercreation100" time="0.000"/>
  <system-out/>
  <testcase classname="LeadCreation.Leadcreation" name="Customercreation100" time="0.001"/>
  <system-out/>
  <testcase classname="LeadCreation.Leadcreation" name="Customercreation100" time="0.000"/>
  <system-out/>
  <testcase classname="LeadCreation.Leadcreation" name="Customercreation100" time="0.001"/>
  <system-out/>
  <testcase classname="LeadCreation.Leadcreation" name="Customercreation100" time="0.000"/>
  <system-out/>
  <testcase classname="LeadCreation.Leadcreation" name="Customercreation100" time="0.001"/>
  <system-out/>
  <testcase classname="LeadCreation.Leadcreation" name="Customercreation100" time="0.000"/>
  <system-out/>
  <testcase classname="LeadCreation.Leadcreation" name="Customercreation100" time="0.000"/>
  <system-out/>
  <testcase classname="LeadCreation.Leadcreation" name="Customercreation100" time="0.000"/>
  <system-out/>
  <testcase classname="LeadCreation.Leadcreation" name="Customercreation100" time="0.001"/>
  <system-out/>
  <testcase classname="LeadCreation.Leadcreation" name="Customercreation100" time="0.001"/>
  <system-out/>
  <testcase classname="LeadCreation.Leadcreation" name="Customercreation100" time="0.000"/>
  <system-out/>
  <testcase classname="LeadCreation.Leadcreation" name="Customercreation100" time="0.000"/>
  <system-out/>
  <testcase classname="LeadCreation.Leadcreation" name="Customercreation100" time="0.001"/>
  <system-out/>
  <testcase classname="LeadCreation.Leadcreation" name="Customercreation100" time="0.000"/>
  <system-out/>
  <testcase classname="LeadCreation.Leadcreation" name="Customercreation100" time="0.000"/>
  <system-out/>
  <testcase classname="LeadCreation.Leadcreation" name="Customercreation100" time="0.001"/>
  <system-out/>
  <testcase classname="LeadCreation.Leadcreation" name="Customercreation100" time="0.000"/>
  <system-out/>
  <testcase classname="LeadCreation.Leadcreation" name="Customercreation100" time="0.000"/>
  <system-out/>
  <testcase classname="LeadCreation.Leadcreation" name="Customercreation100" time="0.000"/>
  <system-out/>
  <testcase classname="LeadCreation.Leadcreation" name="Customercreation100" time="0.001"/>
  <system-out/>
  <testcase classname="LeadCreation.Leadcreation" name="Customercreation100" time="0.000"/>
  <system-out/>
  <testcase classname="LeadCreation.Leadcreation" name="Customercreation100" time="0.002"/>
  <system-out/>
  <testcase classname="LeadCreation.Leadcreation" name="Customercreation100" time="0.001"/>
  <system-out/>
  <testcase classname="LeadCreation.Leadcreation" name="Customercreation100" time="0.000"/>
  <system-out/>
  <testcase classname="LeadCreation.Leadcreation" name="Customercreation100" time="0.000"/>
  <system-out/>
  <testcase classname="LeadCreation.Leadcreation" name="Customercreation100" time="0.001"/>
  <system-out/>
  <testcase classname="LeadCreation.Leadcreation" name="Customercreation100" time="0.000"/>
  <system-out/>
  <testcase classname="LeadCreation.Leadcreation" name="Customercreation100" time="0.000"/>
  <system-out/>
  <testcase classname="LeadCreation.Leadcreation" name="Customercreation100" time="0.001"/>
  <system-out/>
  <testcase classname="LeadCreation.Leadcreation" name="Customercreation100" time="0.001"/>
  <system-out/>
  <testcase classname="LeadCreation.Leadcreation" name="Customercreation100" time="0.000"/>
  <system-out/>
  <testcase classname="LeadCreation.Leadcreation" name="Customercreation100" time="0.000"/>
  <system-out/>
  <testcase classname="LeadCreation.Leadcreation" name="Customercreation100" time="0.001"/>
  <system-out/>
  <testcase classname="LeadCreation.Leadcreation" name="Customercreation100" time="0.001"/>
  <system-out/>
  <testcase classname="LeadCreation.Leadcreation" name="Customercreation100" time="0.000"/>
  <system-out/>
  <testcase classname="LeadCreation.Leadcreation" name="Customercreation100" time="0.001"/>
  <system-out/>
  <testcase classname="LeadCreation.Leadcreation" name="Customercreation100" time="0.001"/>
  <system-out/>
  <testcase classname="LeadCreation.Leadcreation" name="Customercreation100" time="0.000"/>
  <system-out/>
  <testcase classname="LeadCreation.Leadcreation" name="Customercreation100" time="0.001"/>
  <system-out/>
  <testcase classname="LeadCreation.Leadcreation" name="Customercreation100" time="0.001"/>
  <system-out/>
  <testcase classname="LeadCreation.Leadcreation" name="Customercreation100" time="0.001"/>
  <system-out/>
  <testcase classname="LeadCreation.Leadcreation" name="Customercreation100" time="0.001"/>
  <system-out/>
  <testcase classname="LeadCreation.Leadcreation" name="Customercreation100" time="0.000"/>
  <system-out/>
  <testcase classname="LeadCreation.Leadcreation" name="Customercreation100" time="0.001"/>
  <system-out/>
  <testcase classname="LeadCreation.Leadcreation" name="Customercreation100" time="0.001"/>
  <system-out/>
  <testcase classname="LeadCreation.Leadcreation" name="Customercreation100" time="0.000"/>
  <system-out/>
  <testcase classname="LeadCreation.Leadcreation" name="Customercreation100" time="0.000"/>
  <system-out/>
  <testcase classname="LeadCreation.Leadcreation" name="Customercreation100" time="0.001"/>
  <system-out/>
  <testcase classname="LeadCreation.Leadcreation" name="Customercreation100" time="0.000"/>
  <system-out/>
  <testcase classname="LeadCreation.Leadcreation" name="Customercreation100" time="0.000"/>
  <system-out/>
  <testcase classname="LeadCreation.Leadcreation" name="Customercreation100" time="0.000"/>
  <system-out/>
  <testcase classname="LeadCreation.Leadcreation" name="Customercreation100" time="0.001"/>
  <system-out/>
  <testcase classname="LeadCreation.Leadcreation" name="Customercreation100" time="0.000"/>
  <system-out/>
  <testcase classname="LeadCreation.Leadcreation" name="Customercreation100" time="0.000"/>
  <system-out/>
  <testcase classname="LeadCreation.Leadcreation" name="Customercreation100" time="0.000"/>
  <system-out/>
  <testcase classname="LeadCreation.Leadcreation" name="Customercreation100" time="0.000"/>
  <system-out/>
  <testcase classname="LeadCreation.Leadcreation" name="Customercreation100" time="0.001"/>
  <system-out/>
  <testcase classname="LeadCreation.Leadcreation" name="Customercreation100" time="0.000"/>
  <system-out/>
  <testcase classname="LeadCreation.Leadcreation" name="Customercreation100" time="0.000"/>
  <system-out/>
  <testcase classname="LeadCreation.Leadcreation" name="Customercreation100" time="0.000"/>
  <system-out/>
  <testcase classname="LeadCreation.Leadcreation" name="Customercreation100" time="0.000"/>
  <system-out/>
  <testcase classname="LeadCreation.Leadcreation" name="Customercreation100" time="0.000"/>
  <system-out/>
  <testcase classname="LeadCreation.Leadcreation" name="Customercreation100" time="0.000"/>
  <system-out/>
  <testcase classname="LeadCreation.Leadcreation" name="Customercreation100" time="0.000"/>
  <system-out/>
  <testcase classname="LeadCreation.Leadcreation" name="Customercreation100" time="0.000"/>
  <system-out/>
  <testcase classname="LeadCreation.Leadcreation" name="Customercreation100" time="0.001"/>
  <system-out/>
  <testcase classname="LeadCreation.Leadcreation" name="Customercreation100" time="0.000"/>
  <system-out/>
  <testcase classname="LeadCreation.Leadcreation" name="Customercreation100" time="0.000"/>
  <system-out/>
  <testcase classname="LeadCreation.Leadcreation" name="Customercreation100" time="0.000"/>
  <system-out/>
  <testcase classname="LeadCreation.Leadcreation" name="Customercreation100" time="0.000"/>
  <system-out/>
  <testcase classname="LeadCreation.Leadcreation" name="Customercreation100" time="0.001"/>
  <system-out/>
  <testcase classname="LeadCreation.Leadcreation" name="Customercreation100" time="0.000"/>
  <system-out/>
  <testcase classname="LeadCreation.Leadcreation" name="Customercreation100" time="0.000"/>
  <system-out/>
  <testcase classname="LeadCreation.Leadcreation" name="Customercreation100" time="0.000"/>
  <system-out/>
  <testcase classname="LeadCreation.Leadcreation" name="Customercreation100" time="0.000"/>
  <system-out/>
  <testcase classname="LeadCreation.Leadcreation" name="Customercreation100" time="0.000"/>
  <system-out/>
  <testcase classname="LeadCreation.Leadcreation" name="Customercreation100" time="0.000"/>
  <system-out/>
  <testcase classname="LeadCreation.Leadcreation" name="Customercreation100" time="0.000"/>
  <system-out/>
  <testcase classname="LeadCreation.Leadcreation" name="Customercreation100" time="0.001"/>
  <system-out/>
  <testcase classname="LeadCreation.Leadcreation" name="Customercreation100" time="0.000"/>
  <system-out/>
  <testcase classname="LeadCreation.Leadcreation" name="Customercreation100" time="0.001"/>
  <system-out/>
  <testcase classname="LeadCreation.Leadcreation" name="Customercreation100" time="0.000"/>
  <system-out/>
  <testcase classname="LeadCreation.Leadcreation" name="Customercreation100" time="0.000"/>
  <system-out/>
  <testcase classname="LeadCreation.Leadcreation" name="Customercreation100" time="0.001"/>
  <system-out/>
  <testcase classname="LeadCreation.Leadcreation" name="Customercreation100" time="0.001"/>
  <system-out/>
  <testcase classname="LeadCreation.Leadcreation" name="Customercreation100" time="0.000"/>
  <system-out/>
  <testcase classname="LeadCreation.Leadcreation" name="Customercreation100" time="0.000"/>
  <system-out/>
  <testcase classname="LeadCreation.Leadcreation" name="Customercreation100" time="0.000"/>
  <system-out/>
  <testcase classname="LeadCreation.Leadcreation" name="Customercreation100" time="0.000"/>
  <system-out/>
  <testcase classname="LeadCreation.Leadcreation" name="Customercreation100" time="0.000"/>
  <system-out/>
  <testcase classname="LeadCreation.Leadcreation" name="Customercreation100" time="0.000"/>
  <system-out/>
  <testcase classname="LeadCreation.Leadcreation" name="Customercreation100" time="0.000"/>
  <system-out/>
  <testcase classname="LeadCreation.Leadcreation" name="Customercreation100" time="0.000"/>
  <system-out/>
  <testcase classname="LeadCreation.Leadcreation" name="Customercreation100" time="0.000"/>
  <system-out/>
  <testcase classname="LeadCreation.Leadcreation" name="Customercreation100" time="0.000"/>
  <system-out/>
  <testcase classname="LeadCreation.Leadcreation" name="Customercreation100" time="0.000"/>
  <system-out/>
  <testcase classname="LeadCreation.Leadcreation" name="Customercreation100" time="0.001"/>
  <system-out/>
  <testcase classname="LeadCreation.Leadcreation" name="Customercreation100" time="0.000"/>
  <system-out/>
  <testcase classname="LeadCreation.Leadcreation" name="Customercreation100" time="0.000"/>
  <system-out/>
  <testcase classname="LeadCreation.Leadcreation" name="Customercreation100" time="0.000"/>
  <system-out/>
  <testcase classname="LeadCreation.Leadcreation" name="Customercreation100" time="0.000"/>
  <system-out/>
  <testcase classname="LeadCreation.Leadcreation" name="Customercreation100" time="0.000"/>
  <system-out/>
  <testcase classname="LeadCreation.Leadcreation" name="Customercreation100" time="0.000"/>
  <system-out/>
  <testcase classname="LeadCreation.Leadcreation" name="Customercreation100" time="0.000"/>
  <system-out/>
  <testcase classname="LeadCreation.Leadcreation" name="Customercreation100" time="0.001"/>
  <system-out/>
  <testcase classname="LeadCreation.Leadcreation" name="Customercreation100" time="0.000"/>
  <system-out/>
  <testcase classname="LeadCreation.Leadcreation" name="Customercreation100" time="0.000"/>
  <system-out/>
  <testcase classname="LeadCreation.Leadcreation" name="Customercreation100" time="0.000"/>
  <system-out/>
  <testcase classname="LeadCreation.Leadcreation" name="Customercreation100" time="0.000"/>
  <system-out/>
  <testcase classname="LeadCreation.Leadcreation" name="Customercreation100" time="0.001"/>
  <system-out/>
  <testcase classname="LeadCreation.Leadcreation" name="Customercreation100" time="0.000"/>
  <system-out/>
  <testcase classname="LeadCreation.Leadcreation" name="Customercreation100" time="0.000"/>
  <system-out/>
  <testcase classname="LeadCreation.Leadcreation" name="Customercreation100" time="0.000"/>
  <system-out/>
  <testcase classname="LeadCreation.Leadcreation" name="Customercreation100" time="0.000"/>
  <system-out/>
  <testcase classname="LeadCreation.Leadcreation" name="Customercreation100" time="0.000"/>
  <system-out/>
  <testcase classname="LeadCreation.Leadcreation" name="Customercreation100" time="0.001"/>
  <system-out/>
  <testcase classname="LeadCreation.Leadcreation" name="Customercreation100" time="0.000"/>
  <system-out/>
  <testcase classname="LeadCreation.Leadcreation" name="Customercreation100" time="0.000"/>
  <system-out/>
  <testcase classname="LeadCreation.Leadcreation" name="Customercreation100" time="0.000"/>
  <system-out/>
  <testcase classname="LeadCreation.Leadcreation" name="Customercreation100" time="0.000"/>
  <system-out/>
  <testcase classname="LeadCreation.Leadcreation" name="Customercreation100" time="0.001"/>
  <system-out/>
  <testcase classname="LeadCreation.Leadcreation" name="Customercreation100" time="0.000"/>
  <system-out/>
  <testcase classname="LeadCreation.Leadcreation" name="Customercreation100" time="0.001"/>
  <system-out/>
  <testcase classname="LeadCreation.Leadcreation" name="Customercreation100" time="0.002"/>
  <system-out/>
  <testcase classname="LeadCreation.Leadcreation" name="Customercreation100" time="0.000"/>
  <system-out/>
  <testcase classname="LeadCreation.Leadcreation" name="Customercreation100" time="0.000"/>
  <system-out/>
  <testcase classname="LeadCreation.Leadcreation" name="Customercreation100" time="0.000"/>
  <system-out/>
  <testcase classname="LeadCreation.Leadcreation" name="Customercreation100" time="0.000"/>
  <system-out/>
  <testcase classname="LeadCreation.Leadcreation" name="Customercreation100" time="0.000"/>
  <system-out/>
  <testcase classname="LeadCreation.Leadcreation" name="Customercreation100" time="0.000"/>
  <system-out/>
  <testcase classname="LeadCreation.Leadcreation" name="Customercreation100" time="0.001"/>
  <system-out/>
  <testcase classname="LeadCreation.Leadcreation" name="Customercreation100" time="0.000"/>
  <system-out/>
  <testcase classname="LeadCreation.Leadcreation" name="Customercreation100" time="0.000"/>
  <system-out/>
  <testcase classname="LeadCreation.Leadcreation" name="Customercreation100" time="0.000"/>
  <system-out/>
  <testcase classname="LeadCreation.Leadcreation" name="Customercreation100" time="0.000"/>
  <system-out/>
  <testcase classname="LeadCreation.Leadcreation" name="Customercreation100" time="0.001"/>
  <system-out/>
  <testcase classname="LeadCreation.Leadcreation" name="Customercreation100" time="0.001"/>
  <system-out/>
  <testcase classname="LeadCreation.Leadcreation" name="Customercreation100" time="0.000"/>
  <system-out/>
  <testcase classname="LeadCreation.Leadcreation" name="Customercreation100" time="0.000"/>
  <system-out/>
  <testcase classname="LeadCreation.Leadcreation" name="Customercreation100" time="0.001"/>
  <system-out/>
  <testcase classname="LeadCreation.Leadcreation" name="Customercreation100" time="0.000"/>
  <system-out/>
  <testcase classname="LeadCreation.Leadcreation" name="Customercreation100" time="0.000"/>
  <system-out/>
  <testcase classname="LeadCreation.Leadcreation" name="Customercreation100" time="0.000"/>
  <system-out/>
  <testcase classname="LeadCreation.Leadcreation" name="Customercreation100" time="0.000"/>
  <system-out/>
  <testcase classname="LeadCreation.Leadcreation" name="Customercreation100" time="0.000"/>
  <system-out/>
  <testcase classname="LeadCreation.Leadcreation" name="Customercreation100" time="0.000"/>
  <system-out/>
  <testcase classname="LeadCreation.Leadcreation" name="Customercreation100" time="0.000"/>
  <system-out/>
  <testcase classname="LeadCreation.Leadcreation" name="Customercreation100" time="0.000"/>
  <system-out/>
  <testcase classname="LeadCreation.Leadcreation" name="Customercreation100" time="0.000"/>
  <system-out/>
  <testcase classname="LeadCreation.Leadcreation" name="Customercreation100" time="0.001"/>
  <system-out/>
  <testcase classname="LeadCreation.Leadcreation" name="Customercreation100" time="0.000"/>
  <system-out/>
  <testcase classname="LeadCreation.Leadcreation" name="Customercreation100" time="0.000"/>
  <system-out/>
  <testcase classname="LeadCreation.Leadcreation" name="Customercreation100" time="0.001"/>
  <system-out/>
  <testcase classname="LeadCreation.Leadcreation" name="Customercreation100" time="0.001"/>
  <system-out/>
  <testcase classname="LeadCreation.Leadcreation" name="Customercreation100" time="0.001"/>
  <system-out/>
  <testcase classname="LeadCreation.Leadcreation" name="Customercreation100" time="0.001"/>
  <system-out/>
  <testcase classname="LeadCreation.Leadcreation" name="Customercreation100" time="0.001"/>
  <system-out/>
  <testcase classname="LeadCreation.Leadcreation" name="Customercreation100" time="0.000"/>
  <system-out/>
  <testcase classname="LeadCreation.Leadcreation" name="Customercreation100" time="0.000"/>
  <system-out/>
  <testcase classname="LeadCreation.Leadcreation" name="Customercreation100" time="0.000"/>
  <system-out/>
  <testcase classname="LeadCreation.Leadcreation" name="Customercreation100" time="0.000"/>
  <system-out/>
  <testcase classname="LeadCreation.Leadcreation" name="Customercreation100" time="0.001"/>
  <system-out/>
  <testcase classname="LeadCreation.Leadcreation" name="Customercreation100" time="0.000"/>
  <system-out/>
  <testcase classname="LeadCreation.Leadcreation" name="Customercreation100" time="0.000"/>
  <system-out/>
  <testcase classname="LeadCreation.Leadcreation" name="Customercreation100" time="0.000"/>
  <system-out/>
  <testcase classname="LeadCreation.Leadcreation" name="Customercreation100" time="0.001"/>
  <system-out/>
  <testcase classname="LeadCreation.Leadcreation" name="Customercreation100" time="0.000"/>
  <system-out/>
  <testcase classname="LeadCreation.Leadcreation" name="Customercreation100" time="0.001"/>
  <system-out/>
  <testcase classname="LeadCreation.Leadcreation" name="Customercreation100" time="0.001"/>
  <system-out/>
  <testcase classname="LeadCreation.Leadcreation" name="Customercreation100" time="0.001"/>
  <system-out/>
  <testcase classname="LeadCreation.Leadcreation" name="Customercreation100" time="0.000"/>
  <system-out/>
  <testcase classname="LeadCreation.Leadcreation" name="Customercreation100" time="0.000"/>
  <system-out/>
  <testcase classname="LeadCreation.Leadcreation" name="Customercreation100" time="0.000"/>
  <system-out/>
  <testcase classname="LeadCreation.Leadcreation" name="Customercreation100" time="0.001"/>
  <system-out/>
  <testcase classname="LeadCreation.Leadcreation" name="Customercreation100" time="0.000"/>
  <system-out/>
  <testcase classname="LeadCreation.Leadcreation" name="Customercreation100" time="0.000"/>
  <system-out/>
  <testcase classname="LeadCreation.Leadcreation" name="Customercreation100" time="0.000"/>
  <system-out/>
  <testcase classname="LeadCreation.Leadcreation" name="Customercreation100" time="0.000"/>
  <system-out/>
  <testcase classname="LeadCreation.Leadcreation" name="Customercreation100" time="0.001"/>
  <system-out/>
  <testcase classname="LeadCreation.Leadcreation" name="Customercreation100" time="0.001"/>
  <system-out/>
  <testcase classname="LeadCreation.Leadcreation" name="Customercreation100" time="0.000"/>
  <system-out/>
  <testcase classname="LeadCreation.Leadcreation" name="Customercreation100" time="0.000"/>
  <system-out/>
  <testcase classname="LeadCreation.Leadcreation" name="Customercreation100" time="0.001"/>
  <system-out/>
  <testcase classname="LeadCreation.Leadcreation" name="Customercreation100" time="0.000"/>
  <system-out/>
  <testcase classname="LeadCreation.Leadcreation" name="Customercreation100" time="0.000"/>
  <system-out/>
  <testcase classname="LeadCreation.Leadcreation" name="Customercreation100" time="0.001"/>
  <system-out/>
  <testcase classname="LeadCreation.Leadcreation" name="Customercreation100" time="0.001"/>
  <system-out/>
  <testcase classname="LeadCreation.Leadcreation" name="Customercreation100" time="0.000"/>
  <system-out/>
  <testcase classname="LeadCreation.Leadcreation" name="Customercreation100" time="0.000"/>
  <system-out/>
  <testcase classname="LeadCreation.Leadcreation" name="Customercreation100" time="0.001"/>
  <system-out/>
  <testcase classname="LeadCreation.Leadcreation" name="Customercreation100" time="0.000"/>
  <system-out/>
  <testcase classname="LeadCreation.Leadcreation" name="Customercreation100" time="0.001"/>
  <system-out/>
  <testcase classname="LeadCreation.Leadcreation" name="Customercreation100" time="0.000"/>
  <system-out/>
  <testcase classname="LeadCreation.Leadcreation" name="Customercreation100" time="0.000"/>
  <system-out/>
  <testcase classname="LeadCreation.Leadcreation" name="Customercreation100" time="0.000"/>
  <system-out/>
  <testcase classname="LeadCreation.Leadcreation" name="Customercreation100" time="0.000"/>
  <system-out/>
  <testcase classname="LeadCreation.Leadcreation" name="Customercreation100" time="0.000"/>
  <system-out/>
  <testcase classname="LeadCreation.Leadcreation" name="Customercreation100" time="0.001"/>
  <system-out/>
  <testcase classname="LeadCreation.Leadcreation" name="Customercreation100" time="0.001"/>
  <system-out/>
  <testcase classname="LeadCreation.Leadcreation" name="Customercreation100" time="0.001"/>
  <system-out/>
  <testcase classname="LeadCreation.Leadcreation" name="Customercreation100" time="0.000"/>
  <system-out/>
  <testcase classname="LeadCreation.Leadcreation" name="Customercreation100" time="0.001"/>
  <system-out/>
  <testcase classname="LeadCreation.Leadcreation" name="Customercreation100" time="0.000"/>
  <system-out/>
  <testcase classname="LeadCreation.Leadcreation" name="Customercreation100" time="0.001"/>
  <system-out/>
  <testcase classname="LeadCreation.Leadcreation" name="Customercreation100" time="0.001"/>
  <system-out/>
  <testcase classname="LeadCreation.Leadcreation" name="Customercreation100" time="0.000"/>
  <system-out/>
  <testcase classname="LeadCreation.Leadcreation" name="Customercreation100" time="0.001"/>
  <system-out/>
  <testcase classname="LeadCreation.Leadcreation" name="Customercreation100" time="0.000"/>
  <system-out/>
  <testcase classname="LeadCreation.Leadcreation" name="Customercreation100" time="0.000"/>
  <system-out/>
  <testcase classname="LeadCreation.Leadcreation" name="Customercreation100" time="0.001"/>
  <system-out/>
  <testcase classname="LeadCreation.Leadcreation" name="Customercreation100" time="0.000"/>
  <system-out/>
  <testcase classname="LeadCreation.Leadcreation" name="Customercreation100" time="0.001"/>
  <system-out/>
  <testcase classname="LeadCreation.Leadcreation" name="Customercreation100" time="0.000"/>
  <system-out/>
  <testcase classname="LeadCreation.Leadcreation" name="Customercreation100" time="0.000"/>
  <system-out/>
  <testcase classname="LeadCreation.Leadcreation" name="Customercreation100" time="0.000"/>
  <system-out/>
  <testcase classname="LeadCreation.Leadcreation" name="Customercreation100" time="0.000"/>
  <system-out/>
  <testcase classname="LeadCreation.Leadcreation" name="Customercreation100" time="0.001"/>
  <system-out/>
  <testcase classname="LeadCreation.Leadcreation" name="Customercreation100" time="0.000"/>
  <system-out/>
  <testcase classname="LeadCreation.Leadcreation" name="Customercreation100" time="0.000"/>
  <system-out/>
  <testcase classname="LeadCreation.Leadcreation" name="Customercreation100" time="0.000"/>
  <system-out/>
  <testcase classname="LeadCreation.Leadcreation" name="Customercreation100" time="0.001"/>
  <system-out/>
  <testcase classname="LeadCreation.Leadcreation" name="Customercreation100" time="0.000"/>
  <system-out/>
  <testcase classname="LeadCreation.Leadcreation" name="Customercreation100" time="0.000"/>
  <system-out/>
  <testcase classname="LeadCreation.Leadcreation" name="Customercreation100" time="0.000"/>
  <system-out/>
  <testcase classname="LeadCreation.Leadcreation" name="Customercreation100" time="0.000"/>
  <system-out/>
  <testcase classname="LeadCreation.Leadcreation" name="Customercreation100" time="0.000"/>
  <system-out/>
  <testcase classname="LeadCreation.Leadcreation" name="Customercreation100" time="0.000"/>
  <system-out/>
  <testcase classname="LeadCreation.Leadcreation" name="Customercreation100" time="0.000"/>
  <system-out/>
  <testcase classname="LeadCreation.Leadcreation" name="Customercreation100" time="0.001"/>
  <system-out/>
  <testcase classname="LeadCreation.Leadcreation" name="Customercreation100" time="0.000"/>
  <system-out/>
  <testcase classname="LeadCreation.Leadcreation" name="Customercreation100" time="0.000"/>
  <system-out/>
  <testcase classname="LeadCreation.Leadcreation" name="Customercreation100" time="0.000"/>
  <system-out/>
  <testcase classname="LeadCreation.Leadcreation" name="Customercreation100" time="0.001"/>
  <system-out/>
  <testcase classname="LeadCreation.Leadcreation" name="Customercreation100" time="0.000"/>
  <system-out/>
  <testcase classname="LeadCreation.Leadcreation" name="Customercreation100" time="0.000"/>
  <system-out/>
  <testcase classname="LeadCreation.Leadcreation" name="Customercreation100" time="0.001"/>
  <system-out/>
  <testcase classname="LeadCreation.Leadcreation" name="Customercreation100" time="0.000"/>
  <system-out/>
  <testcase classname="LeadCreation.Leadcreation" name="Customercreation100" time="0.000"/>
  <system-out/>
  <testcase classname="LeadCreation.Leadcreation" name="Customercreation100" time="0.000"/>
  <system-out/>
  <testcase classname="LeadCreation.Leadcreation" name="Customercreation100" time="0.000"/>
  <system-out/>
  <testcase classname="LeadCreation.Leadcreation" name="Customercreation100" time="0.000"/>
  <system-out/>
  <testcase classname="LeadCreation.Leadcreation" name="Customercreation100" time="0.000"/>
  <system-out/>
  <testcase classname="LeadCreation.Leadcreation" name="Customercreation100" time="0.001"/>
  <system-out/>
  <testcase classname="LeadCreation.Leadcreation" name="Customercreation100" time="0.001"/>
  <system-out/>
  <testcase classname="LeadCreation.Leadcreation" name="Customercreation100" time="0.001"/>
  <system-out/>
  <testcase classname="LeadCreation.Leadcreation" name="Customercreation100" time="0.000"/>
  <system-out/>
  <testcase classname="LeadCreation.Leadcreation" name="Customercreation100" time="0.000"/>
  <system-out/>
  <testcase classname="LeadCreation.Leadcreation" name="Customercreation100" time="0.000"/>
  <system-out/>
  <testcase classname="LeadCreation.Leadcreation" name="Customercreation100" time="0.000"/>
  <system-out/>
  <testcase classname="LeadCreation.Leadcreation" name="Customercreation100" time="0.000"/>
  <system-out/>
  <testcase classname="LeadCreation.Leadcreation" name="Customercreation100" time="0.000"/>
  <system-out/>
  <testcase classname="LeadCreation.Leadcreation" name="Customercreation100" time="0.000"/>
  <system-out/>
  <testcase classname="LeadCreation.Leadcreation" name="Customercreation100" time="0.000"/>
  <system-out/>
  <testcase classname="LeadCreation.Leadcreation" name="Customercreation100" time="0.001"/>
  <system-out/>
  <testcase classname="LeadCreation.Leadcreation" name="Customercreation100" time="0.000"/>
  <system-out/>
  <testcase classname="LeadCreation.Leadcreation" name="Customercreation100" time="0.000"/>
  <system-out/>
  <testcase classname="LeadCreation.Leadcreation" name="Customercreation100" time="0.000"/>
  <system-out/>
  <testcase classname="LeadCreation.Leadcreation" name="Customercreation100" time="0.000"/>
  <system-out/>
  <testcase classname="LeadCreation.Leadcreation" name="Customercreation100" time="0.000"/>
  <system-out/>
  <testcase classname="LeadCreation.Leadcreation" name="Customercreation100" time="0.001"/>
  <system-out/>
  <testcase classname="LeadCreation.Leadcreation" name="Customercreation100" time="0.000"/>
  <system-out/>
  <testcase classname="LeadCreation.Leadcreation" name="Customercreation100" time="0.000"/>
  <system-out/>
  <testcase classname="LeadCreation.Leadcreation" name="Customercreation100" time="0.001"/>
  <system-out/>
  <testcase classname="LeadCreation.Leadcreation" name="Customercreation100" time="0.000"/>
  <system-out/>
  <testcase classname="LeadCreation.Leadcreation" name="Customercreation100" time="0.001"/>
  <system-out/>
  <testcase classname="LeadCreation.Leadcreation" name="Customercreation100" time="0.000"/>
  <system-out/>
  <testcase classname="LeadCreation.Leadcreation" name="Customercreation100" time="0.001"/>
  <system-out/>
  <testcase classname="LeadCreation.Leadcreation" name="Customercreation100" time="0.000"/>
  <system-out/>
  <testcase classname="LeadCreation.Leadcreation" name="Customercreation100" time="0.000"/>
  <system-out/>
  <testcase classname="LeadCreation.Leadcreation" name="Customercreation100" time="0.001"/>
  <system-out/>
  <testcase classname="LeadCreation.Leadcreation" name="Customercreation100" time="0.000"/>
  <system-out/>
  <testcase classname="LeadCreation.Leadcreation" name="Customercreation100" time="0.000"/>
  <system-out/>
  <testcase classname="LeadCreation.Leadcreation" name="Customercreation100" time="0.001"/>
  <system-out/>
  <testcase classname="LeadCreation.Leadcreation" name="Customercreation100" time="0.000"/>
  <system-out/>
  <testcase classname="LeadCreation.Leadcreation" name="Customercreation100" time="0.000"/>
  <system-out/>
  <testcase classname="LeadCreation.Leadcreation" name="Customercreation100" time="0.000"/>
  <system-out/>
  <testcase classname="LeadCreation.Leadcreation" name="Customercreation100" time="0.000"/>
  <system-out/>
  <testcase classname="LeadCreation.Leadcreation" name="Customercreation100" time="0.000"/>
  <system-out/>
  <testcase classname="LeadCreation.Leadcreation" name="Customercreation100" time="0.000"/>
  <system-out/>
  <testcase classname="LeadCreation.Leadcreation" name="Customercreation100" time="0.000"/>
  <system-out/>
  <testcase classname="LeadCreation.Leadcreation" name="Customercreation100" time="0.000"/>
  <system-out/>
  <testcase classname="LeadCreation.Leadcreation" name="Customercreation100" time="0.002"/>
  <system-out/>
  <testcase classname="LeadCreation.Leadcreation" name="Customercreation100" time="0.000"/>
  <system-out/>
  <testcase classname="LeadCreation.Leadcreation" name="Customercreation100" time="0.001"/>
  <system-out/>
  <testcase classname="LeadCreation.Leadcreation" name="Customercreation100" time="0.001"/>
  <system-out/>
  <testcase classname="LeadCreation.Leadcreation" name="Customercreation100" time="0.001"/>
  <system-out/>
  <testcase classname="LeadCreation.Leadcreation" name="Customercreation100" time="0.003"/>
  <system-out/>
  <testcase classname="LeadCreation.Leadcreation" name="Customercreation100" time="0.000"/>
  <system-out/>
  <testcase classname="LeadCreation.Leadcreation" name="Customercreation100" time="0.000"/>
  <system-out/>
  <testcase classname="LeadCreation.Leadcreation" name="Customercreation100" time="0.001"/>
  <system-out/>
  <testcase classname="LeadCreation.Leadcreation" name="Customercreation100" time="0.001"/>
  <system-out/>
  <testcase classname="LeadCreation.Leadcreation" name="Customercreation100" time="0.001"/>
  <system-out/>
  <testcase classname="LeadCreation.Leadcreation" name="Customercreation100" time="0.000"/>
  <system-out/>
  <testcase classname="LeadCreation.Leadcreation" name="Customercreation100" time="0.001"/>
  <system-out/>
  <testcase classname="LeadCreation.Leadcreation" name="Customercreation100" time="0.001"/>
  <system-out/>
  <testcase classname="LeadCreation.Leadcreation" name="Customercreation100" time="0.000"/>
  <system-out/>
  <testcase classname="LeadCreation.Leadcreation" name="Customercreation100" time="0.000"/>
  <system-out/>
  <testcase classname="LeadCreation.Leadcreation" name="Customercreation100" time="0.000"/>
  <system-out/>
  <testcase classname="LeadCreation.Leadcreation" name="Customercreation100" time="0.001"/>
  <system-out/>
  <testcase classname="LeadCreation.Leadcreation" name="Customercreation100" time="0.000"/>
  <system-out/>
  <testcase classname="LeadCreation.Leadcreation" name="Customercreation100" time="0.000"/>
  <system-out/>
  <testcase classname="LeadCreation.Leadcreation" name="Customercreation100" time="0.000"/>
  <system-out/>
  <testcase classname="LeadCreation.Leadcreation" name="Customercreation100" time="0.000"/>
  <system-out/>
  <testcase classname="LeadCreation.Leadcreation" name="Customercreation100" time="0.000"/>
  <system-out/>
  <testcase classname="LeadCreation.Leadcreation" name="Customercreation100" time="0.000"/>
  <system-out/>
  <testcase classname="LeadCreation.Leadcreation" name="Customercreation100" time="0.000"/>
  <system-out/>
  <testcase classname="LeadCreation.Leadcreation" name="Customercreation100" time="0.000"/>
  <system-out/>
  <testcase classname="LeadCreation.Leadcreation" name="Customercreation100" time="0.000"/>
  <system-out/>
  <testcase classname="LeadCreation.Leadcreation" name="Customercreation100" time="0.000"/>
  <system-out/>
  <testcase classname="LeadCreation.Leadcreation" name="Customercreation100" time="0.000"/>
  <system-out/>
  <testcase classname="LeadCreation.Leadcreation" name="Customercreation100" time="0.000"/>
  <system-out/>
  <testcase classname="LeadCreation.Leadcreation" name="Customercreation100" time="0.001"/>
  <system-out/>
  <testcase classname="LeadCreation.Leadcreation" name="Customercreation100" time="0.000"/>
  <system-out/>
  <testcase classname="LeadCreation.Leadcreation" name="Customercreation100" time="0.001"/>
  <system-out/>
  <testcase classname="LeadCreation.Leadcreation" name="Customercreation100" time="0.000"/>
  <system-out/>
  <testcase classname="LeadCreation.Leadcreation" name="Customercreation100" time="0.000"/>
  <system-out/>
  <testcase classname="LeadCreation.Leadcreation" name="Customercreation100" time="0.000"/>
  <system-out/>
  <testcase classname="LeadCreation.Leadcreation" name="Customercreation100" time="0.000"/>
  <system-out/>
  <testcase classname="LeadCreation.Leadcreation" name="Customercreation100" time="0.000"/>
  <system-out/>
  <testcase classname="LeadCreation.Leadcreation" name="Customercreation100" time="0.001"/>
  <system-out/>
  <testcase classname="LeadCreation.Leadcreation" name="Customercreation100" time="0.000"/>
  <system-out/>
  <testcase classname="LeadCreation.Leadcreation" name="Customercreation100" time="0.001"/>
  <system-out/>
  <testcase classname="LeadCreation.Leadcreation" name="Customercreation100" time="0.001"/>
  <system-out/>
  <testcase classname="LeadCreation.Leadcreation" name="Customercreation100" time="0.001"/>
  <system-out/>
  <testcase classname="LeadCreation.Leadcreation" name="Customercreation100" time="0.001"/>
  <system-out/>
  <testcase classname="LeadCreation.Leadcreation" name="Customercreation100" time="0.000"/>
  <system-out/>
  <testcase classname="LeadCreation.Leadcreation" name="Customercreation100" time="0.000"/>
  <system-out/>
  <testcase classname="LeadCreation.Leadcreation" name="Customercreation100" time="0.000"/>
  <system-out/>
  <testcase classname="LeadCreation.Leadcreation" name="Customercreation100" time="0.000"/>
  <system-out/>
  <testcase classname="LeadCreation.Leadcreation" name="Customercreation100" time="0.001"/>
  <system-out/>
  <testcase classname="LeadCreation.Leadcreation" name="Customercreation100" time="0.000"/>
  <system-out/>
  <testcase classname="LeadCreation.Leadcreation" name="Customercreation100" time="0.001"/>
  <system-out/>
  <testcase classname="LeadCreation.Leadcreation" name="Customercreation100" time="0.000"/>
  <system-out/>
  <testcase classname="LeadCreation.Leadcreation" name="Customercreation100" time="0.000"/>
  <system-out/>
  <testcase classname="LeadCreation.Leadcreation" name="Customercreation100" time="0.000"/>
  <system-out/>
  <testcase classname="LeadCreation.Leadcreation" name="Customercreation100" time="0.001"/>
  <system-out/>
  <testcase classname="LeadCreation.Leadcreation" name="Customercreation100" time="0.000"/>
  <system-out/>
  <testcase classname="LeadCreation.Leadcreation" name="Customercreation100" time="0.000"/>
  <system-out/>
  <testcase classname="LeadCreation.Leadcreation" name="Customercreation100" time="0.000"/>
  <system-out/>
  <testcase classname="LeadCreation.Leadcreation" name="Customercreation100" time="0.000"/>
  <system-out/>
  <testcase classname="LeadCreation.Leadcreation" name="Customercreation100" time="0.000"/>
  <system-out/>
  <testcase classname="LeadCreation.Leadcreation" name="Customercreation100" time="0.000"/>
  <system-out/>
  <testcase classname="LeadCreation.Leadcreation" name="Customercreation100" time="0.001"/>
  <system-out/>
  <testcase classname="LeadCreation.Leadcreation" name="Customercreation100" time="0.001"/>
  <system-out/>
  <testcase classname="LeadCreation.Leadcreation" name="Customercreation100" time="0.000"/>
  <system-out/>
  <testcase classname="LeadCreation.Leadcreation" name="Customercreation100" time="0.000"/>
  <system-out/>
  <testcase classname="LeadCreation.Leadcreation" name="Customercreation100" time="0.000"/>
  <system-out/>
  <testcase classname="LeadCreation.Leadcreation" name="Customercreation100" time="0.001"/>
  <system-out/>
  <testcase classname="LeadCreation.Leadcreation" name="Customercreation100" time="0.000"/>
  <system-out/>
  <testcase classname="LeadCreation.Leadcreation" name="Customercreation100" time="0.000"/>
  <system-out/>
  <testcase classname="LeadCreation.Leadcreation" name="Customercreation100" time="0.000"/>
  <system-out/>
  <testcase classname="LeadCreation.Leadcreation" name="Customercreation100" time="0.001"/>
  <system-out/>
  <testcase classname="LeadCreation.Leadcreation" name="Customercreation100" time="0.001"/>
  <system-out/>
  <testcase classname="LeadCreation.Leadcreation" name="Customercreation100" time="0.000"/>
  <system-out/>
  <testcase classname="LeadCreation.Leadcreation" name="Customercreation100" time="0.000"/>
  <system-out/>
  <testcase classname="LeadCreation.Leadcreation" name="Customercreation100" time="0.001"/>
  <system-out/>
  <testcase classname="LeadCreation.Leadcreation" name="Customercreation100" time="0.001"/>
  <system-out/>
  <testcase classname="LeadCreation.Leadcreation" name="Customercreation100" time="0.000"/>
  <system-out/>
  <testcase classname="LeadCreation.Leadcreation" name="Customercreation100" time="0.001"/>
  <system-out/>
  <testcase classname="LeadCreation.Leadcreation" name="Customercreation100" time="0.001"/>
  <system-out/>
  <testcase classname="LeadCreation.Leadcreation" name="Customercreation100" time="0.000"/>
  <system-out/>
  <testcase classname="LeadCreation.Leadcreation" name="Customercreation100" time="0.000"/>
  <system-out/>
  <testcase classname="LeadCreation.Leadcreation" name="Customercreation100" time="0.000"/>
  <system-out/>
  <testcase classname="LeadCreation.Leadcreation" name="Customercreation100" time="0.001"/>
  <system-out/>
  <testcase classname="LeadCreation.Leadcreation" name="Customercreation100" time="0.001"/>
  <system-out/>
  <testcase classname="LeadCreation.Leadcreation" name="Customercreation100" time="0.000"/>
  <system-out/>
  <testcase classname="LeadCreation.Leadcreation" name="Customercreation100" time="0.000"/>
  <system-out/>
  <testcase classname="LeadCreation.Leadcreation" name="Customercreation100" time="0.000"/>
  <system-out/>
  <testcase classname="LeadCreation.Leadcreation" name="Customercreation100" time="0.000"/>
  <system-out/>
  <testcase classname="LeadCreation.Leadcreation" name="Customercreation100" time="0.000"/>
  <system-out/>
  <testcase classname="LeadCreation.Leadcreation" name="Customercreation100" time="0.001"/>
  <system-out/>
  <testcase classname="LeadCreation.Leadcreation" name="Customercreation100" time="0.000"/>
  <system-out/>
  <testcase classname="LeadCreation.Leadcreation" name="Customercreation100" time="0.000"/>
  <system-out/>
  <testcase classname="LeadCreation.Leadcreation" name="Customercreation100" time="0.000"/>
  <system-out/>
  <testcase classname="LeadCreation.Leadcreation" name="Customercreation100" time="0.000"/>
  <system-out/>
  <testcase classname="LeadCreation.Leadcreation" name="Customercreation100" time="0.001"/>
  <system-out/>
  <testcase classname="LeadCreation.Leadcreation" name="Customercreation100" time="0.001"/>
  <system-out/>
  <testcase classname="LeadCreation.Leadcreation" name="Customercreation100" time="0.000"/>
  <system-out/>
  <testcase classname="LeadCreation.Leadcreation" name="Customercreation100" time="0.000"/>
  <system-out/>
  <testcase classname="LeadCreation.Leadcreation" name="Customercreation100" time="0.000"/>
  <system-out/>
  <testcase classname="LeadCreation.Leadcreation" name="Customercreation100" time="0.001"/>
  <system-out/>
  <testcase classname="LeadCreation.Leadcreation" name="Customercreation100" time="0.000"/>
  <system-out/>
  <testcase classname="LeadCreation.Leadcreation" name="Customercreation100" time="0.000"/>
  <system-out/>
  <testcase classname="LeadCreation.Leadcreation" name="Customercreation100" time="0.001"/>
  <system-out/>
  <testcase classname="LeadCreation.Leadcreation" name="Customercreation100" time="0.000"/>
  <system-out/>
  <testcase classname="LeadCreation.Leadcreation" name="Customercreation100" time="0.000"/>
  <system-out/>
  <testcase classname="LeadCreation.Leadcreation" name="Customercreation100" time="0.000"/>
  <system-out/>
  <testcase classname="LeadCreation.Leadcreation" name="Customercreation100" time="0.001"/>
  <system-out/>
  <testcase classname="LeadCreation.Leadcreation" name="Customercreation100" time="0.000"/>
  <system-out/>
  <testcase classname="LeadCreation.Leadcreation" name="Customercreation100" time="0.000"/>
  <system-out/>
  <testcase classname="LeadCreation.Leadcreation" name="Customercreation100" time="0.001"/>
  <system-out/>
  <testcase classname="LeadCreation.Leadcreation" name="Customercreation100" time="0.000"/>
  <system-out/>
  <testcase classname="LeadCreation.Leadcreation" name="Customercreation100" time="0.000"/>
  <system-out/>
  <testcase classname="LeadCreation.Leadcreation" name="Customercreation100" time="0.000"/>
  <system-out/>
  <testcase classname="LeadCreation.Leadcreation" name="Customercreation100" time="0.001"/>
  <system-out/>
  <testcase classname="LeadCreation.Leadcreation" name="Customercreation100" time="0.001"/>
  <system-out/>
  <testcase classname="LeadCreation.Leadcreation" name="Customercreation100" time="0.000"/>
  <system-out/>
  <testcase classname="LeadCreation.Leadcreation" name="Customercreation100" time="0.000"/>
  <system-out/>
  <testcase classname="LeadCreation.Leadcreation" name="Customercreation100" time="0.000"/>
  <system-out/>
  <testcase classname="LeadCreation.Leadcreation" name="Customercreation100" time="0.001"/>
  <system-out/>
  <testcase classname="LeadCreation.Leadcreation" name="Customercreation100" time="0.001"/>
  <system-out/>
  <testcase classname="LeadCreation.Leadcreation" name="Customercreation100" time="0.001"/>
  <system-out/>
  <testcase classname="LeadCreation.Leadcreation" name="Customercreation100" time="0.001"/>
  <system-out/>
  <testcase classname="LeadCreation.Leadcreation" name="Customercreation100" time="0.000"/>
  <system-out/>
  <testcase classname="LeadCreation.Leadcreation" name="Customercreation100" time="0.000"/>
  <system-out/>
  <testcase classname="LeadCreation.Leadcreation" name="Customercreation100" time="0.000"/>
  <system-out/>
  <testcase classname="LeadCreation.Leadcreation" name="Customercreation100" time="0.000"/>
  <system-out/>
  <testcase classname="LeadCreation.Leadcreation" name="Customercreation100" time="0.000"/>
  <system-out/>
  <testcase classname="LeadCreation.Leadcreation" name="Customercreation100" time="0.000"/>
  <system-out/>
  <testcase classname="LeadCreation.Leadcreation" name="Customercreation100" time="0.000"/>
  <system-out/>
  <testcase classname="LeadCreation.Leadcreation" name="Customercreation100" time="0.001"/>
  <system-out/>
  <testcase classname="LeadCreation.Leadcreation" name="Customercreation100" time="0.002"/>
  <system-out/>
  <testcase classname="LeadCreation.Leadcreation" name="Customercreation100" time="0.001"/>
  <system-out/>
  <testcase classname="LeadCreation.Leadcreation" name="Customercreation100" time="0.000"/>
  <system-out/>
  <testcase classname="LeadCreation.Leadcreation" name="Customercreation100" time="0.000"/>
  <system-out/>
  <testcase classname="LeadCreation.Leadcreation" name="Customercreation100" time="0.000"/>
  <system-out/>
  <testcase classname="LeadCreation.Leadcreation" name="Customercreation100" time="0.002"/>
  <system-out/>
  <testcase classname="LeadCreation.Leadcreation" name="Customercreation100" time="0.001"/>
  <system-out/>
  <testcase classname="LeadCreation.Leadcreation" name="Customercreation100" time="0.000"/>
  <system-out/>
  <testcase classname="LeadCreation.Leadcreation" name="Customercreation100" time="0.001"/>
  <system-out/>
  <testcase classname="LeadCreation.Leadcreation" name="Customercreation100" time="0.001"/>
  <system-out/>
  <testcase classname="LeadCreation.Leadcreation" name="Customercreation100" time="0.000"/>
  <system-out/>
  <testcase classname="LeadCreation.Leadcreation" name="Customercreation100" time="0.001"/>
  <system-out/>
  <testcase classname="LeadCreation.Leadcreation" name="Customercreation100" time="0.000"/>
  <system-out/>
  <testcase classname="LeadCreation.Leadcreation" name="Customercreation100" time="0.000"/>
  <system-out/>
  <testcase classname="LeadCreation.Leadcreation" name="Customercreation100" time="0.001"/>
  <system-out/>
  <testcase classname="LeadCreation.Leadcreation" name="Customercreation100" time="0.000"/>
  <system-out/>
  <testcase classname="LeadCreation.Leadcreation" name="Customercreation100" time="0.000"/>
  <system-out/>
  <testcase classname="LeadCreation.Leadcreation" name="Customercreation100" time="0.000"/>
  <system-out/>
  <testcase classname="LeadCreation.Leadcreation" name="Customercreation100" time="0.000"/>
  <system-out/>
  <testcase classname="LeadCreation.Leadcreation" name="Customercreation100" time="0.000"/>
  <system-out/>
  <testcase classname="LeadCreation.Leadcreation" name="Customercreation100" time="0.001"/>
  <system-out/>
  <testcase classname="LeadCreation.Leadcreation" name="Customercreation100" time="0.000"/>
  <system-out/>
  <testcase classname="LeadCreation.Leadcreation" name="Customercreation100" time="0.000"/>
  <system-out/>
  <testcase classname="LeadCreation.Leadcreation" name="Customercreation100" time="0.000"/>
  <system-out/>
  <testcase classname="LeadCreation.Leadcreation" name="Customercreation100" time="0.000"/>
  <system-out/>
  <testcase classname="LeadCreation.Leadcreation" name="Customercreation100" time="0.000"/>
  <system-out/>
  <testcase classname="LeadCreation.Leadcreation" name="Customercreation100" time="0.000"/>
  <system-out/>
  <testcase classname="LeadCreation.Leadcreation" name="Customercreation100" time="0.000"/>
  <system-out/>
  <testcase classname="LeadCreation.Leadcreation" name="Customercreation100" time="0.000"/>
  <system-out/>
  <testcase classname="LeadCreation.Leadcreation" name="Customercreation100" time="0.000"/>
  <system-out/>
  <testcase classname="LeadCreation.Leadcreation" name="Customercreation100" time="0.000"/>
  <system-out/>
  <testcase classname="LeadCreation.Leadcreation" name="Customercreation100" time="0.002"/>
  <system-out/>
  <testcase classname="LeadCreation.Leadcreation" name="Customercreation100" time="0.000"/>
  <system-out/>
  <testcase classname="LeadCreation.Leadcreation" name="Customercreation100" time="0.000"/>
  <system-out/>
  <testcase classname="LeadCreation.Leadcreation" name="Customercreation100" time="0.000"/>
  <system-out/>
  <testcase classname="LeadCreation.Leadcreation" name="Customercreation100" time="0.001"/>
  <system-out/>
  <testcase classname="LeadCreation.Leadcreation" name="Customercreation100" time="0.000"/>
  <system-out/>
  <testcase classname="LeadCreation.Leadcreation" name="Customercreation100" time="0.002"/>
  <system-out/>
  <testcase classname="LeadCreation.Leadcreation" name="Customercreation100" time="0.000"/>
  <system-out/>
  <testcase classname="LeadCreation.Leadcreation" name="Customercreation100" time="0.000"/>
  <system-out/>
  <testcase classname="LeadCreation.Leadcreation" name="Customercreation100" time="0.000"/>
  <system-out/>
  <testcase classname="LeadCreation.Leadcreation" name="Customercreation100" time="0.000"/>
  <system-out/>
  <testcase classname="LeadCreation.Leadcreation" name="Customercreation100" time="0.000"/>
  <system-out/>
  <testcase classname="LeadCreation.Leadcreation" name="Customercreation100" time="0.000"/>
  <system-out/>
  <testcase classname="LeadCreation.Leadcreation" name="Customercreation100" time="0.000"/>
  <system-out/>
  <testcase classname="LeadCreation.Leadcreation" name="Customercreation100" time="0.000"/>
  <system-out/>
  <testcase classname="LeadCreation.Leadcreation" name="Customercreation100" time="0.000"/>
  <system-out/>
  <testcase classname="LeadCreation.Leadcreation" name="Customercreation100" time="0.000"/>
  <system-out/>
  <testcase classname="LeadCreation.Leadcreation" name="Customercreation100" time="0.001"/>
  <system-out/>
  <testcase classname="LeadCreation.Leadcreation" name="Customercreation100" time="0.001"/>
  <system-out/>
  <testcase classname="LeadCreation.Leadcreation" name="Customercreation100" time="0.000"/>
  <system-out/>
  <testcase classname="LeadCreation.Leadcreation" name="Customercreation100" time="0.001"/>
  <system-out/>
  <testcase classname="LeadCreation.Leadcreation" name="Customercreation100" time="0.000"/>
  <system-out/>
  <testcase classname="LeadCreation.Leadcreation" name="Customercreation100" time="0.000"/>
  <system-out/>
  <testcase classname="LeadCreation.Leadcreation" name="Customercreation100" time="0.000"/>
  <system-out/>
  <testcase classname="LeadCreation.Leadcreation" name="Customercreation100" time="0.001"/>
  <system-out/>
  <testcase classname="LeadCreation.Leadcreation" name="Customercreation100" time="0.000"/>
  <system-out/>
  <testcase classname="LeadCreation.Leadcreation" name="Customercreation100" time="0.000"/>
  <system-out/>
  <testcase classname="LeadCreation.Leadcreation" name="Customercreation100" time="0.001"/>
  <system-out/>
  <testcase classname="LeadCreation.Leadcreation" name="Customercreation100" time="0.001"/>
  <system-out/>
  <testcase classname="LeadCreation.Leadcreation" name="Customercreation100" time="0.000"/>
  <system-out/>
  <testcase classname="LeadCreation.Leadcreation" name="Customercreation100" time="0.000"/>
  <system-out/>
  <testcase classname="LeadCreation.Leadcreation" name="Customercreation100" time="0.000"/>
  <system-out/>
  <testcase classname="LeadCreation.Leadcreation" name="Customercreation100" time="0.000"/>
  <system-out/>
  <testcase classname="LeadCreation.Leadcreation" name="Customercreation100" time="0.001"/>
  <system-out/>
  <testcase classname="LeadCreation.Leadcreation" name="Customercreation100" time="0.000"/>
  <system-out/>
  <testcase classname="LeadCreation.Leadcreation" name="Customercreation100" time="0.001"/>
  <system-out/>
  <testcase classname="LeadCreation.Leadcreation" name="Customercreation100" time="0.000"/>
  <system-out/>
  <testcase classname="LeadCreation.Leadcreation" name="Customercreation100" time="0.000"/>
  <system-out/>
  <testcase classname="LeadCreation.Leadcreation" name="Customercreation100" time="0.001"/>
  <system-out/>
  <testcase classname="LeadCreation.Leadcreation" name="Customercreation100" time="0.001"/>
  <system-out/>
  <testcase classname="LeadCreation.Leadcreation" name="Customercreation100" time="0.001"/>
  <system-out/>
  <testcase classname="LeadCreation.Leadcreation" name="Customercreation100" time="0.001"/>
  <system-out/>
  <testcase classname="LeadCreation.Leadcreation" name="Customercreation100" time="0.001"/>
  <system-out/>
  <testcase classname="LeadCreation.Leadcreation" name="Customercreation100" time="0.000"/>
  <system-out/>
  <testcase classname="LeadCreation.Leadcreation" name="Customercreation100" time="0.000"/>
  <system-out/>
  <testcase classname="LeadCreation.Leadcreation" name="Customercreation100" time="0.000"/>
  <system-out/>
  <testcase classname="LeadCreation.Leadcreation" name="Customercreation100" time="0.001"/>
  <system-out/>
  <testcase classname="LeadCreation.Leadcreation" name="Customercreation100" time="0.000"/>
  <system-out/>
  <testcase classname="LeadCreation.Leadcreation" name="Customercreation100" time="0.000"/>
  <system-out/>
  <testcase classname="LeadCreation.Leadcreation" name="Customercreation100" time="0.001"/>
  <system-out/>
  <testcase classname="LeadCreation.Leadcreation" name="Customercreation100" time="0.001"/>
  <system-out/>
  <testcase classname="LeadCreation.Leadcreation" name="Customercreation100" time="0.000"/>
  <system-out/>
  <testcase classname="LeadCreation.Leadcreation" name="Customercreation100" time="0.000"/>
  <system-out/>
  <testcase classname="LeadCreation.Leadcreation" name="Customercreation100" time="0.001"/>
  <system-out/>
  <testcase classname="LeadCreation.Leadcreation" name="Customercreation100" time="0.000"/>
  <system-out/>
  <testcase classname="LeadCreation.Leadcreation" name="Customercreation100" time="0.000"/>
  <system-out/>
  <testcase classname="LeadCreation.Leadcreation" name="Customercreation100" time="0.000"/>
  <system-out/>
  <testcase classname="LeadCreation.Leadcreation" name="Customercreation100" time="0.000"/>
  <system-out/>
  <testcase classname="LeadCreation.Leadcreation" name="Customercreation100" time="0.001"/>
  <system-out/>
  <testcase classname="LeadCreation.Leadcreation" name="Customercreation100" time="0.000"/>
  <system-out/>
  <testcase classname="LeadCreation.Leadcreation" name="Customercreation100" time="0.000"/>
  <system-out/>
  <testcase classname="LeadCreation.Leadcreation" name="Customercreation100" time="0.001"/>
  <system-out/>
  <testcase classname="LeadCreation.Leadcreation" name="Customercreation100" time="0.000"/>
  <system-out/>
  <testcase classname="LeadCreation.Leadcreation" name="Customercreation100" time="0.000"/>
  <system-out/>
  <testcase classname="LeadCreation.Leadcreation" name="Customercreation100" time="0.000"/>
  <system-out/>
  <testcase classname="LeadCreation.Leadcreation" name="Customercreation100" time="0.000"/>
  <system-out/>
  <testcase classname="LeadCreation.Leadcreation" name="Customercreation100" time="0.001"/>
  <system-out/>
  <testcase classname="LeadCreation.Leadcreation" name="Customercreation100" time="0.001"/>
  <system-out/>
  <testcase classname="LeadCreation.Leadcreation" name="Customercreation100" time="0.000"/>
  <system-out/>
  <testcase classname="LeadCreation.Leadcreation" name="Customercreation100" time="0.000"/>
  <system-out/>
  <testcase classname="LeadCreation.Leadcreation" name="Customercreation100" time="0.000"/>
  <system-out/>
  <testcase classname="LeadCreation.Leadcreation" name="Customercreation100" time="0.000"/>
  <system-out/>
  <testcase classname="LeadCreation.Leadcreation" name="Customercreation100" time="0.000"/>
  <system-out/>
  <testcase classname="LeadCreation.Leadcreation" name="Customercreation100" time="0.000"/>
  <system-out/>
  <testcase classname="LeadCreation.Leadcreation" name="Customercreation100" time="0.000"/>
  <system-out/>
  <testcase classname="LeadCreation.Leadcreation" name="Customercreation100" time="0.000"/>
  <system-out/>
  <testcase classname="LeadCreation.Leadcreation" name="Customercreation100" time="0.000"/>
  <system-out/>
  <testcase classname="LeadCreation.Leadcreation" name="Customercreation100" time="0.000"/>
  <system-out/>
  <testcase classname="LeadCreation.Leadcreation" name="Customercreation100" time="0.000"/>
  <system-out/>
  <testcase classname="LeadCreation.Leadcreation" name="Customercreation100" time="0.000"/>
  <system-out/>
  <testcase classname="LeadCreation.Leadcreation" name="Customercreation100" time="0.000"/>
  <system-out/>
  <testcase classname="LeadCreation.Leadcreation" name="Customercreation100" time="0.000"/>
  <system-out/>
  <testcase classname="LeadCreation.Leadcreation" name="Customercreation100" time="0.000"/>
  <system-out/>
  <testcase classname="LeadCreation.Leadcreation" name="Customercreation100" time="0.000"/>
  <system-out/>
  <testcase classname="LeadCreation.Leadcreation" name="Customercreation100" time="0.000"/>
  <system-out/>
  <testcase classname="LeadCreation.Leadcreation" name="Customercreation100" time="0.000"/>
  <system-out/>
  <testcase classname="LeadCreation.Leadcreation" name="Customercreation100" time="0.001"/>
  <system-out/>
  <testcase classname="LeadCreation.Leadcreation" name="Customercreation100" time="0.000"/>
  <system-out/>
  <testcase classname="LeadCreation.Leadcreation" name="Customercreation100" time="0.001"/>
  <system-out/>
  <testcase classname="LeadCreation.Leadcreation" name="Customercreation100" time="0.001"/>
  <system-out/>
  <testcase classname="LeadCreation.Leadcreation" name="Customercreation100" time="0.000"/>
  <system-out/>
  <testcase classname="LeadCreation.Leadcreation" name="Customercreation100" time="0.001"/>
  <system-out/>
  <testcase classname="LeadCreation.Leadcreation" name="Customercreation100" time="0.000"/>
  <system-out/>
  <testcase classname="LeadCreation.Leadcreation" name="Customercreation100" time="0.000"/>
  <system-out/>
  <testcase classname="LeadCreation.Leadcreation" name="Customercreation100" time="0.000"/>
  <system-out/>
  <testcase classname="LeadCreation.Leadcreation" name="Customercreation100" time="0.001"/>
  <system-out/>
  <testcase classname="LeadCreation.Leadcreation" name="Customercreation100" time="0.000"/>
  <system-out/>
  <testcase classname="LeadCreation.Leadcreation" name="Customercreation100" time="0.000"/>
  <system-out/>
  <testcase classname="LeadCreation.Leadcreation" name="Customercreation100" time="0.001"/>
  <system-out/>
  <testcase classname="LeadCreation.Leadcreation" name="Customercreation100" time="0.001"/>
  <system-out/>
  <testcase classname="LeadCreation.Leadcreation" name="Customercreation100" time="0.000"/>
  <system-out/>
  <testcase classname="LeadCreation.Leadcreation" name="Customercreation100" time="0.001"/>
  <system-out/>
  <testcase classname="LeadCreation.Leadcreation" name="Customercreation100" time="0.000"/>
  <system-out/>
  <testcase classname="LeadCreation.Leadcreation" name="Customercreation100" time="0.000"/>
  <system-out/>
  <testcase classname="LeadCreation.Leadcreation" name="Customercreation100" time="0.001"/>
  <system-out/>
  <testcase classname="LeadCreation.Leadcreation" name="Customercreation100" time="0.000"/>
  <system-out/>
  <testcase classname="LeadCreation.Leadcreation" name="Customercreation100" time="0.000"/>
  <system-out/>
  <testcase classname="LeadCreation.Leadcreation" name="Customercreation100" time="0.000"/>
  <system-out/>
  <testcase classname="LeadCreation.Leadcreation" name="Customercreation100" time="0.000"/>
  <system-out/>
  <testcase classname="LeadCreation.Leadcreation" name="Customercreation100" time="0.000"/>
  <system-out/>
  <testcase classname="LeadCreation.Leadcreation" name="Customercreation100" time="0.000"/>
  <system-out/>
  <testcase classname="LeadCreation.Leadcreation" name="Customercreation100" time="0.000"/>
  <system-out/>
  <testcase classname="LeadCreation.Leadcreation" name="Customercreation100" time="0.000"/>
  <system-out/>
  <testcase classname="LeadCreation.Leadcreation" name="Customercreation100" time="0.000"/>
  <system-out/>
  <testcase classname="LeadCreation.Leadcreation" name="Customercreation100" time="0.000"/>
  <system-out/>
  <testcase classname="LeadCreation.Leadcreation" name="Customercreation100" time="0.000"/>
  <system-out/>
  <testcase classname="LeadCreation.Leadcreation" name="Customercreation100" time="0.000"/>
  <system-out/>
  <testcase classname="LeadCreation.Leadcreation" name="Customercreation100" time="0.000"/>
  <system-out/>
  <testcase classname="LeadCreation.Leadcreation" name="Customercreation100" time="0.000"/>
  <system-out/>
  <testcase classname="LeadCreation.Leadcreation" name="Customercreation100" time="0.001"/>
  <system-out/>
  <testcase classname="LeadCreation.Leadcreation" name="Customercreation100" time="0.000"/>
  <system-out/>
  <testcase classname="LeadCreation.Leadcreation" name="Customercreation100" time="0.000"/>
  <system-out/>
  <testcase classname="LeadCreation.Leadcreation" name="Customercreation100" time="0.000"/>
  <system-out/>
  <testcase classname="LeadCreation.Leadcreation" name="Customercreation100" time="0.002"/>
  <system-out/>
  <testcase classname="LeadCreation.Leadcreation" name="Customercreation100" time="0.000"/>
  <system-out/>
  <testcase classname="LeadCreation.Leadcreation" name="Customercreation100" time="0.001"/>
  <system-out/>
  <testcase classname="LeadCreation.Leadcreation" name="Customercreation100" time="0.000"/>
  <system-out/>
  <testcase classname="LeadCreation.Leadcreation" name="Customercreation100" time="0.000"/>
  <system-out/>
  <testcase classname="LeadCreation.Leadcreation" name="Customercreation100" time="0.001"/>
  <system-out/>
  <testcase classname="LeadCreation.Leadcreation" name="Customercreation100" time="0.000"/>
  <system-out/>
  <testcase classname="LeadCreation.Leadcreation" name="Customercreation100" time="0.000"/>
  <system-out/>
  <testcase classname="LeadCreation.Leadcreation" name="Customercreation100" time="0.001"/>
  <system-out/>
  <testcase classname="LeadCreation.Leadcreation" name="Customercreation100" time="0.001"/>
  <system-out/>
  <testcase classname="LeadCreation.Leadcreation" name="Customercreation100" time="0.000"/>
  <system-out/>
  <testcase classname="LeadCreation.Leadcreation" name="Customercreation100" time="0.000"/>
  <system-out/>
  <testcase classname="LeadCreation.Leadcreation" name="Customercreation100" time="0.001"/>
  <system-out/>
  <testcase classname="LeadCreation.Leadcreation" name="Customercreation100" time="0.000"/>
  <system-out/>
  <testcase classname="LeadCreation.Leadcreation" name="Customercreation100" time="0.000"/>
  <system-out/>
  <testcase classname="LeadCreation.Leadcreation" name="Customercreation100" time="0.011"/>
  <system-out/>
  <testcase classname="LeadCreation.Leadcreation" name="Customercreation100" time="0.000"/>
  <system-out/>
  <testcase classname="LeadCreation.Leadcreation" name="Customercreation100" time="0.000"/>
  <system-out/>
  <testcase classname="LeadCreation.Leadcreation" name="Customercreation100" time="0.000"/>
  <system-out/>
  <testcase classname="LeadCreation.Leadcreation" name="Customercreation100" time="0.000"/>
  <system-out/>
  <testcase classname="LeadCreation.Leadcreation" name="Customercreation100" time="0.000"/>
  <system-out/>
  <testcase classname="LeadCreation.Leadcreation" name="Customercreation100" time="0.001"/>
  <system-out/>
  <testcase classname="LeadCreation.Leadcreation" name="Customercreation100" time="0.000"/>
  <system-out/>
  <testcase classname="LeadCreation.Leadcreation" name="Customercreation100" time="0.000"/>
  <system-out/>
  <testcase classname="LeadCreation.Leadcreation" name="Customercreation100" time="0.001"/>
  <system-out/>
  <testcase classname="LeadCreation.Leadcreation" name="Customercreation100" time="0.000"/>
  <system-out/>
  <testcase classname="LeadCreation.Leadcreation" name="Customercreation100" time="0.001"/>
  <system-out/>
  <testcase classname="LeadCreation.Leadcreation" name="Customercreation100" time="0.000"/>
  <system-out/>
  <testcase classname="LeadCreation.Leadcreation" name="Customercreation100" time="0.000"/>
  <system-out/>
  <testcase classname="LeadCreation.Leadcreation" name="Customercreation100" time="0.001"/>
  <system-out/>
  <testcase classname="LeadCreation.Leadcreation" name="Customercreation100" time="0.000"/>
  <system-out/>
  <testcase classname="LeadCreation.Leadcreation" name="Customercreation100" time="0.000"/>
  <system-out/>
  <testcase classname="LeadCreation.Leadcreation" name="Customercreation100" time="0.000"/>
  <system-out/>
  <testcase classname="LeadCreation.Leadcreation" name="Customercreation100" time="0.000"/>
  <system-out/>
  <testcase classname="LeadCreation.Leadcreation" name="Customercreation100" time="0.000"/>
  <system-out/>
  <testcase classname="LeadCreation.Leadcreation" name="Customercreation100" time="0.002"/>
  <system-out/>
  <testcase classname="LeadCreation.Leadcreation" name="Customercreation100" time="0.000"/>
  <system-out/>
  <testcase classname="LeadCreation.Leadcreation" name="Customercreation100" time="0.000"/>
  <system-out/>
  <testcase classname="LeadCreation.Leadcreation" name="Customercreation100" time="0.001"/>
  <system-out/>
  <testcase classname="LeadCreation.Leadcreation" name="Customercreation100" time="0.001"/>
  <system-out/>
  <testcase classname="LeadCreation.Leadcreation" name="Customercreation100" time="0.001"/>
  <system-out/>
  <testcase classname="LeadCreation.Leadcreation" name="Customercreation100" time="0.000"/>
  <system-out/>
  <testcase classname="LeadCreation.Leadcreation" name="Customercreation100" time="0.000"/>
  <system-out/>
  <testcase classname="LeadCreation.Leadcreation" name="Customercreation100" time="0.001"/>
  <system-out/>
  <testcase classname="LeadCreation.Leadcreation" name="Customercreation100" time="0.000"/>
  <system-out/>
  <testcase classname="LeadCreation.Leadcreation" name="Customercreation100" time="0.000"/>
  <system-out/>
  <testcase classname="LeadCreation.Leadcreation" name="Customercreation100" time="0.000"/>
  <system-out/>
  <testcase classname="LeadCreation.Leadcreation" name="Customercreation100" time="0.000"/>
  <system-out/>
  <testcase classname="LeadCreation.Leadcreation" name="Customercreation100" time="0.000"/>
  <system-out/>
  <testcase classname="LeadCreation.Leadcreation" name="Customercreation100" time="0.000"/>
  <system-out/>
  <testcase classname="LeadCreation.Leadcreation" name="Customercreation100" time="0.001"/>
  <system-out/>
  <testcase classname="LeadCreation.Leadcreation" name="Customercreation100" time="0.000"/>
  <system-out/>
  <testcase classname="LeadCreation.Leadcreation" name="Customercreation100" time="0.000"/>
  <system-out/>
  <testcase classname="LeadCreation.Leadcreation" name="Customercreation100" time="0.000"/>
  <system-out/>
  <testcase classname="LeadCreation.Leadcreation" name="Customercreation100" time="0.001"/>
  <system-out/>
  <testcase classname="LeadCreation.Leadcreation" name="Customercreation100" time="0.000"/>
  <system-out/>
  <testcase classname="LeadCreation.Leadcreation" name="Customercreation100" time="0.000"/>
  <system-out/>
  <testcase classname="LeadCreation.Leadcreation" name="Customercreation100" time="0.000"/>
  <system-out/>
  <testcase classname="LeadCreation.Leadcreation" name="Customercreation100" time="0.000"/>
  <system-out/>
  <testcase classname="LeadCreation.Leadcreation" name="Customercreation100" time="0.001"/>
  <system-out/>
  <testcase classname="LeadCreation.Leadcreation" name="Customercreation100" time="0.000"/>
  <system-out/>
  <testcase classname="LeadCreation.Leadcreation" name="Customercreation100" time="0.000"/>
  <system-out/>
  <testcase classname="LeadCreation.Leadcreation" name="Customercreation100" time="0.000"/>
  <system-out/>
  <testcase classname="LeadCreation.Leadcreation" name="Customercreation100" time="0.000"/>
  <system-out/>
  <testcase classname="LeadCreation.Leadcreation" name="Customercreation100" time="0.000"/>
  <system-out/>
  <testcase classname="LeadCreation.Leadcreation" name="Customercreation100" time="0.000"/>
  <system-out/>
  <testcase classname="LeadCreation.Leadcreation" name="Customercreation100" time="0.001"/>
  <system-out/>
  <testcase classname="LeadCreation.Leadcreation" name="Customercreation100" time="0.001"/>
  <system-out/>
  <testcase classname="LeadCreation.Leadcreation" name="Customercreation100" time="0.000"/>
  <system-out/>
  <testcase classname="LeadCreation.Leadcreation" name="Customercreation100" time="0.000"/>
  <system-out/>
  <testcase classname="LeadCreation.Leadcreation" name="Customercreation100" time="0.000"/>
  <system-out/>
  <testcase classname="LeadCreation.Leadcreation" name="Customercreation100" time="0.000"/>
  <system-out/>
  <testcase classname="LeadCreation.Leadcreation" name="Customercreation100" time="0.000"/>
  <system-out/>
  <testcase classname="LeadCreation.Leadcreation" name="Customercreation100" time="0.000"/>
  <system-out/>
  <testcase classname="LeadCreation.Leadcreation" name="Customercreation100" time="0.000"/>
  <system-out/>
  <testcase classname="LeadCreation.Leadcreation" name="Customercreation100" time="0.001"/>
  <system-out/>
  <testcase classname="LeadCreation.Leadcreation" name="Customercreation100" time="0.001"/>
  <system-out/>
  <testcase classname="LeadCreation.Leadcreation" name="Customercreation100" time="0.000"/>
  <system-out/>
  <testcase classname="LeadCreation.Leadcreation" name="Customercreation100" time="0.000"/>
  <system-out/>
  <testcase classname="LeadCreation.Leadcreation" name="Customercreation100" time="0.001"/>
  <system-out/>
  <testcase classname="LeadCreation.Leadcreation" name="Customercreation100" time="0.000"/>
  <system-out/>
  <testcase classname="LeadCreation.Leadcreation" name="Customercreation100" time="0.001"/>
  <system-out/>
  <testcase classname="LeadCreation.Leadcreation" name="Customercreation100" time="0.000"/>
  <system-out/>
  <testcase classname="LeadCreation.Leadcreation" name="Customercreation100" time="0.000"/>
  <system-out/>
  <testcase classname="LeadCreation.Leadcreation" name="Customercreation100" time="0.001"/>
  <system-out/>
  <testcase classname="LeadCreation.Leadcreation" name="Customercreation100" time="0.001"/>
  <system-out/>
  <testcase classname="LeadCreation.Leadcreation" name="Customercreation100" time="0.000"/>
  <system-out/>
  <testcase classname="LeadCreation.Leadcreation" name="Customercreation100" time="0.000"/>
  <system-out/>
  <testcase classname="LeadCreation.Leadcreation" name="Customercreation100" time="0.000"/>
  <system-out/>
  <testcase classname="LeadCreation.Leadcreation" name="Customercreation100" time="0.000"/>
  <system-out/>
  <testcase classname="LeadCreation.Leadcreation" name="Customercreation100" time="0.000"/>
  <system-out/>
  <testcase classname="LeadCreation.Leadcreation" name="Customercreation100" time="0.000"/>
  <system-out/>
  <testcase classname="LeadCreation.Leadcreation" name="Customercreation100" time="0.000"/>
  <system-out/>
  <testcase classname="LeadCreation.Leadcreation" name="Customercreation100" time="0.000"/>
  <system-out/>
  <testcase classname="LeadCreation.Leadcreation" name="Customercreation100" time="0.001"/>
  <system-out/>
  <testcase classname="LeadCreation.Leadcreation" name="Customercreation100" time="0.000"/>
  <system-out/>
  <testcase classname="LeadCreation.Leadcreation" name="Customercreation100" time="0.001"/>
  <system-out/>
  <testcase classname="LeadCreation.Leadcreation" name="Customercreation100" time="0.000"/>
  <system-out/>
  <testcase classname="LeadCreation.Leadcreation" name="Customercreation100" time="0.000"/>
  <system-out/>
  <testcase classname="LeadCreation.Leadcreation" name="Customercreation100" time="0.001"/>
  <system-out/>
  <testcase classname="LeadCreation.Leadcreation" name="Customercreation100" time="0.000"/>
  <system-out/>
  <testcase classname="LeadCreation.Leadcreation" name="Customercreation100" time="0.000"/>
  <system-out/>
  <testcase classname="LeadCreation.Leadcreation" name="Customercreation100" time="0.000"/>
  <system-out/>
  <testcase classname="LeadCreation.Leadcreation" name="Customercreation100" time="0.000"/>
  <system-out/>
  <testcase classname="LeadCreation.Leadcreation" name="Customercreation100" time="0.001"/>
  <system-out/>
  <testcase classname="LeadCreation.Leadcreation" name="Customercreation100" time="0.000"/>
  <system-out/>
  <testcase classname="LeadCreation.Leadcreation" name="Customercreation100" time="0.000"/>
  <system-out/>
  <testcase classname="LeadCreation.Leadcreation" name="Customercreation100" time="0.000"/>
  <system-out/>
  <testcase classname="LeadCreation.Leadcreation" name="Customercreation100" time="0.000"/>
  <system-out/>
  <testcase classname="LeadCreation.Leadcreation" name="Customercreation100" time="0.001"/>
  <system-out/>
  <testcase classname="LeadCreation.Leadcreation" name="Customercreation100" time="0.000"/>
  <system-out/>
  <testcase classname="LeadCreation.Leadcreation" name="Customercreation100" time="0.000"/>
  <system-out/>
  <testcase classname="LeadCreation.Leadcreation" name="Customercreation100" time="0.001"/>
  <system-out/>
  <testcase classname="LeadCreation.Leadcreation" name="Customercreation100" time="0.001"/>
  <system-out/>
  <testcase classname="LeadCreation.Leadcreation" name="Customercreation100" time="0.000"/>
  <system-out/>
  <testcase classname="LeadCreation.Leadcreation" name="Customercreation100" time="0.000"/>
  <system-out/>
  <testcase classname="LeadCreation.Leadcreation" name="Customercreation100" time="0.000"/>
  <system-out/>
</testsuite> <!-- LeadCreation.Leadcreation -->
